Test Backend	Set up job	ï»¿2025-11-22T17:53:06.3579973Z Current runner version: '2.329.0'
Test Backend	Set up job	2025-11-22T17:53:06.3602511Z ##[group]Runner Image Provisioner
Test Backend	Set up job	2025-11-22T17:53:06.3603331Z Hosted Compute Agent
Test Backend	Set up job	2025-11-22T17:53:06.3603996Z Version: 20251016.436
Test Backend	Set up job	2025-11-22T17:53:06.3604568Z Commit: 8ab8ac8bfd662a3739dab9fe09456aba92132568
Test Backend	Set up job	2025-11-22T17:53:06.3605287Z Build Date: 2025-10-15T20:44:12Z
Test Backend	Set up job	2025-11-22T17:53:06.3605926Z ##[endgroup]
Test Backend	Set up job	2025-11-22T17:53:06.3606464Z ##[group]Operating System
Test Backend	Set up job	2025-11-22T17:53:06.3607011Z Ubuntu
Test Backend	Set up job	2025-11-22T17:53:06.3607553Z 24.04.3
Test Backend	Set up job	2025-11-22T17:53:06.3608001Z LTS
Test Backend	Set up job	2025-11-22T17:53:06.3608500Z ##[endgroup]
Test Backend	Set up job	2025-11-22T17:53:06.3609072Z ##[group]Runner Image
Test Backend	Set up job	2025-11-22T17:53:06.3609633Z Image: ubuntu-24.04
Test Backend	Set up job	2025-11-22T17:53:06.3610156Z Version: 20251112.124.1
Test Backend	Set up job	2025-11-22T17:53:06.3611363Z Included Software: https://github.com/actions/runner-images/blob/ubuntu24/20251112.124/images/ubuntu/Ubuntu2404-Readme.md
Test Backend	Set up job	2025-11-22T17:53:06.3612822Z Image Release: https://github.com/actions/runner-images/releases/tag/ubuntu24%2F20251112.124
Test Backend	Set up job	2025-11-22T17:53:06.3614039Z ##[endgroup]
Test Backend	Set up job	2025-11-22T17:53:06.3615097Z ##[group]GITHUB_TOKEN Permissions
Test Backend	Set up job	2025-11-22T17:53:06.3616914Z Contents: read
Test Backend	Set up job	2025-11-22T17:53:06.3617474Z Metadata: read
Test Backend	Set up job	2025-11-22T17:53:06.3618032Z Packages: read
Test Backend	Set up job	2025-11-22T17:53:06.3618486Z ##[endgroup]
Test Backend	Set up job	2025-11-22T17:53:06.3620466Z Secret source: Actions
Test Backend	Set up job	2025-11-22T17:53:06.3621305Z Prepare workflow directory
Test Backend	Set up job	2025-11-22T17:53:06.4048067Z Prepare all required actions
Test Backend	Set up job	2025-11-22T17:53:06.4087100Z Getting action download info
Test Backend	Set up job	2025-11-22T17:53:06.8179929Z Download action repository 'actions/checkout@v6' (SHA:1af3b93b6815bc44a9784bd300feb67ff0d1eeb3)
Test Backend	Set up job	2025-11-22T17:53:08.0279708Z Download action repository 'actions/setup-node@v6' (SHA:2028fbc5c25fe9cf00d9f06a71cc4710d4507903)
Test Backend	Set up job	2025-11-22T17:53:08.1928549Z Download action repository 'codecov/codecov-action@v5' (SHA:5a1091511ad55cbe89839c7260b706298ca349f7)
Test Backend	Set up job	2025-11-22T17:53:08.8304748Z Getting action download info
Test Backend	Set up job	2025-11-22T17:53:08.9785193Z Download action repository 'actions/github-script@60a0d83039c74a4aee543508d2ffcb1c3799cdea' (SHA:60a0d83039c74a4aee543508d2ffcb1c3799cdea)
Test Backend	Set up job	2025-11-22T17:53:09.7511100Z Complete job name: Test Backend
Test Backend	Initialize containers	ï»¿2025-11-22T17:53:09.7954190Z ##[group]Checking docker version
Test Backend	Initialize containers	2025-11-22T17:53:09.7966874Z ##[command]/usr/bin/docker version --format '{{.Server.APIVersion}}'
Test Backend	Initialize containers	2025-11-22T17:53:10.8905080Z '1.48'
Test Backend	Initialize containers	2025-11-22T17:53:10.8918650Z Docker daemon API version: '1.48'
Test Backend	Initialize containers	2025-11-22T17:53:10.8919080Z ##[command]/usr/bin/docker version --format '{{.Client.APIVersion}}'
Test Backend	Initialize containers	2025-11-22T17:53:10.9188429Z '1.48'
Test Backend	Initialize containers	2025-11-22T17:53:10.9201549Z Docker client API version: '1.48'
Test Backend	Initialize containers	2025-11-22T17:53:10.9206329Z ##[endgroup]
Test Backend	Initialize containers	2025-11-22T17:53:10.9208817Z ##[group]Clean up resources from previous jobs
Test Backend	Initialize containers	2025-11-22T17:53:10.9214633Z ##[command]/usr/bin/docker ps --all --quiet --no-trunc --filter "label=7fd1d3"
Test Backend	Initialize containers	2025-11-22T17:53:10.9343842Z ##[command]/usr/bin/docker network prune --force --filter "label=7fd1d3"
Test Backend	Initialize containers	2025-11-22T17:53:10.9546707Z ##[endgroup]
Test Backend	Initialize containers	2025-11-22T17:53:10.9547012Z ##[group]Create local container network
Test Backend	Initialize containers	2025-11-22T17:53:10.9556314Z ##[command]/usr/bin/docker network create --label 7fd1d3 github_network_e2f10ef8f99840ceac9d13cd3bc565ce
Test Backend	Initialize containers	2025-11-22T17:53:11.0043836Z bc5fdaf4e36f661b6b3c858ac012f39e10c919bc11175aebe050b2ea016c5a35
Test Backend	Initialize containers	2025-11-22T17:53:11.0060809Z ##[endgroup]
Test Backend	Initialize containers	2025-11-22T17:53:11.0083763Z ##[group]Starting postgres service container
Test Backend	Initialize containers	2025-11-22T17:53:11.0101766Z ##[command]/usr/bin/docker pull postgres:15-alpine
Test Backend	Initialize containers	2025-11-22T17:53:11.8832777Z 15-alpine: Pulling from library/postgres
Test Backend	Initialize containers	2025-11-22T17:53:12.1000025Z 2d35ebdb57d9: Pulling fs layer
Test Backend	Initialize containers	2025-11-22T17:53:12.1001960Z cf483249d3ce: Pulling fs layer
Test Backend	Initialize containers	2025-11-22T17:53:12.1002688Z 9cca80c19080: Pulling fs layer
Test Backend	Initialize containers	2025-11-22T17:53:12.1003110Z c18556747022: Pulling fs layer
Test Backend	Initialize containers	2025-11-22T17:53:12.1003724Z e0ea33b53489: Pulling fs layer
Test Backend	Initialize containers	2025-11-22T17:53:12.1004388Z 6af6fa6f0560: Pulling fs layer
Test Backend	Initialize containers	2025-11-22T17:53:12.1004834Z f4a697983360: Pulling fs layer
Test Backend	Initialize containers	2025-11-22T17:53:12.1005408Z e7391a4eb551: Pulling fs layer
Test Backend	Initialize containers	2025-11-22T17:53:12.1005765Z 5dbcbe36cbe3: Pulling fs layer
Test Backend	Initialize containers	2025-11-22T17:53:12.1006383Z cf0a695ab338: Pulling fs layer
Test Backend	Initialize containers	2025-11-22T17:53:12.1006594Z ed8022888ce7: Pulling fs layer
Test Backend	Initialize containers	2025-11-22T17:53:12.1006957Z c18556747022: Waiting
Test Backend	Initialize containers	2025-11-22T17:53:12.1007151Z e0ea33b53489: Waiting
Test Backend	Initialize containers	2025-11-22T17:53:12.1007322Z 6af6fa6f0560: Waiting
Test Backend	Initialize containers	2025-11-22T17:53:12.1007577Z f4a697983360: Waiting
Test Backend	Initialize containers	2025-11-22T17:53:12.1007810Z e7391a4eb551: Waiting
Test Backend	Initialize containers	2025-11-22T17:53:12.1007991Z 5dbcbe36cbe3: Waiting
Test Backend	Initialize containers	2025-11-22T17:53:12.1008257Z cf0a695ab338: Waiting
Test Backend	Initialize containers	2025-11-22T17:53:12.1008592Z ed8022888ce7: Waiting
Test Backend	Initialize containers	2025-11-22T17:53:12.3934256Z cf483249d3ce: Verifying Checksum
Test Backend	Initialize containers	2025-11-22T17:53:12.3934893Z cf483249d3ce: Download complete
Test Backend	Initialize containers	2025-11-22T17:53:12.4499691Z 9cca80c19080: Verifying Checksum
Test Backend	Initialize containers	2025-11-22T17:53:12.4500147Z 9cca80c19080: Download complete
Test Backend	Initialize containers	2025-11-22T17:53:12.5061315Z 2d35ebdb57d9: Verifying Checksum
Test Backend	Initialize containers	2025-11-22T17:53:12.5062185Z 2d35ebdb57d9: Download complete
Test Backend	Initialize containers	2025-11-22T17:53:12.6404924Z 2d35ebdb57d9: Pull complete
Test Backend	Initialize containers	2025-11-22T17:53:12.6687124Z cf483249d3ce: Pull complete
Test Backend	Initialize containers	2025-11-22T17:53:12.6904866Z c18556747022: Download complete
Test Backend	Initialize containers	2025-11-22T17:53:12.7078594Z 9cca80c19080: Pull complete
Test Backend	Initialize containers	2025-11-22T17:53:12.7225890Z e0ea33b53489: Verifying Checksum
Test Backend	Initialize containers	2025-11-22T17:53:12.7226464Z e0ea33b53489: Download complete
Test Backend	Initialize containers	2025-11-22T17:53:12.7232758Z c18556747022: Pull complete
Test Backend	Initialize containers	2025-11-22T17:53:12.7374476Z e0ea33b53489: Pull complete
Test Backend	Initialize containers	2025-11-22T17:53:12.9809267Z f4a697983360: Verifying Checksum
Test Backend	Initialize containers	2025-11-22T17:53:12.9809829Z f4a697983360: Download complete
Test Backend	Initialize containers	2025-11-22T17:53:12.9883134Z e7391a4eb551: Verifying Checksum
Test Backend	Initialize containers	2025-11-22T17:53:12.9883646Z e7391a4eb551: Download complete
Test Backend	Initialize containers	2025-11-22T17:53:13.2663120Z cf0a695ab338: Verifying Checksum
Test Backend	Initialize containers	2025-11-22T17:53:13.2663725Z cf0a695ab338: Download complete
Test Backend	Initialize containers	2025-11-22T17:53:13.3059507Z 5dbcbe36cbe3: Verifying Checksum
Test Backend	Initialize containers	2025-11-22T17:53:13.3059916Z 5dbcbe36cbe3: Download complete
Test Backend	Initialize containers	2025-11-22T17:53:13.5489880Z ed8022888ce7: Download complete
Test Backend	Initialize containers	2025-11-22T17:53:13.9919327Z 6af6fa6f0560: Verifying Checksum
Test Backend	Initialize containers	2025-11-22T17:53:13.9919853Z 6af6fa6f0560: Download complete
Test Backend	Initialize containers	2025-11-22T17:53:16.3554943Z 6af6fa6f0560: Pull complete
Test Backend	Initialize containers	2025-11-22T17:53:16.3718938Z f4a697983360: Pull complete
Test Backend	Initialize containers	2025-11-22T17:53:16.3908712Z e7391a4eb551: Pull complete
Test Backend	Initialize containers	2025-11-22T17:53:16.4052110Z 5dbcbe36cbe3: Pull complete
Test Backend	Initialize containers	2025-11-22T17:53:16.4174731Z cf0a695ab338: Pull complete
Test Backend	Initialize containers	2025-11-22T17:53:16.4367612Z ed8022888ce7: Pull complete
Test Backend	Initialize containers	2025-11-22T17:53:16.4440392Z Digest: sha256:aa7b1ef595e165f0b780162e3a41edd0a7ed3ea672eb8a0f81615ba725e62bc5
Test Backend	Initialize containers	2025-11-22T17:53:16.4460091Z Status: Downloaded newer image for postgres:15-alpine
Test Backend	Initialize containers	2025-11-22T17:53:16.4476025Z docker.io/library/postgres:15-alpine
Test Backend	Initialize containers	2025-11-22T17:53:16.4536620Z ##[command]/usr/bin/docker create --name 165d5df8b29f4651bb4b737c9246e228_postgres15alpine_da9cac --label 7fd1d3 --network github_network_e2f10ef8f99840ceac9d13cd3bc565ce --network-alias postgres -p 5432:5432 --health-cmd pg_isready --health-interval 10s --health-timeout 5s --health-retries 5 -e "POSTGRES_USER=test" -e "POSTGRES_PASSWORD=test" -e "POSTGRES_DB=econeura_test" -e GITHUB_ACTIONS=true -e CI=true postgres:15-alpine
Test Backend	Initialize containers	2025-11-22T17:53:16.4902683Z b318fcb0240b5af150b9e7f346c2b71c7081184b82fa690c1b48570370f02be1
Test Backend	Initialize containers	2025-11-22T17:53:16.4923927Z ##[command]/usr/bin/docker start b318fcb0240b5af150b9e7f346c2b71c7081184b82fa690c1b48570370f02be1
Test Backend	Initialize containers	2025-11-22T17:53:17.1911016Z b318fcb0240b5af150b9e7f346c2b71c7081184b82fa690c1b48570370f02be1
Test Backend	Initialize containers	2025-11-22T17:53:17.1936532Z ##[command]/usr/bin/docker ps --all --filter id=b318fcb0240b5af150b9e7f346c2b71c7081184b82fa690c1b48570370f02be1 --filter status=running --no-trunc --format "{{.ID}} {{.Status}}"
Test Backend	Initialize containers	2025-11-22T17:53:17.2063276Z b318fcb0240b5af150b9e7f346c2b71c7081184b82fa690c1b48570370f02be1 Up Less than a second (health: starting)
Test Backend	Initialize containers	2025-11-22T17:53:17.2086874Z ##[command]/usr/bin/docker port b318fcb0240b5af150b9e7f346c2b71c7081184b82fa690c1b48570370f02be1
Test Backend	Initialize containers	2025-11-22T17:53:17.2215608Z 5432/tcp -> 0.0.0.0:5432
Test Backend	Initialize containers	2025-11-22T17:53:17.2217366Z 5432/tcp -> [::]:5432
Test Backend	Initialize containers	2025-11-22T17:53:17.2268523Z ##[endgroup]
Test Backend	Initialize containers	2025-11-22T17:53:17.2269628Z ##[group]Starting redis service container
Test Backend	Initialize containers	2025-11-22T17:53:17.2271022Z ##[command]/usr/bin/docker pull redis:7-alpine
Test Backend	Initialize containers	2025-11-22T17:53:18.0118315Z 7-alpine: Pulling from library/redis
Test Backend	Initialize containers	2025-11-22T17:53:18.2319565Z f637881d1138: Pulling fs layer
Test Backend	Initialize containers	2025-11-22T17:53:18.2320117Z 60c57c0072ef: Pulling fs layer
Test Backend	Initialize containers	2025-11-22T17:53:18.2320511Z fc4343b4accd: Pulling fs layer
Test Backend	Initialize containers	2025-11-22T17:53:18.2321360Z 380e8aa8b1fd: Pulling fs layer
Test Backend	Initialize containers	2025-11-22T17:53:18.2321775Z c70aae7b5e0d: Pulling fs layer
Test Backend	Initialize containers	2025-11-22T17:53:18.2322149Z 232f7549c9b0: Pulling fs layer
Test Backend	Initialize containers	2025-11-22T17:53:18.2322426Z 4f4fb700ef54: Pulling fs layer
Test Backend	Initialize containers	2025-11-22T17:53:18.2322656Z d75b3becd998: Pulling fs layer
Test Backend	Initialize containers	2025-11-22T17:53:18.2322876Z 380e8aa8b1fd: Waiting
Test Backend	Initialize containers	2025-11-22T17:53:18.2323155Z c70aae7b5e0d: Waiting
Test Backend	Initialize containers	2025-11-22T17:53:18.2323375Z 232f7549c9b0: Waiting
Test Backend	Initialize containers	2025-11-22T17:53:18.2323556Z 4f4fb700ef54: Waiting
Test Backend	Initialize containers	2025-11-22T17:53:18.2323741Z d75b3becd998: Waiting
Test Backend	Initialize containers	2025-11-22T17:53:18.5038539Z 60c57c0072ef: Verifying Checksum
Test Backend	Initialize containers	2025-11-22T17:53:18.5039067Z 60c57c0072ef: Download complete
Test Backend	Initialize containers	2025-11-22T17:53:18.5321438Z fc4343b4accd: Verifying Checksum
Test Backend	Initialize containers	2025-11-22T17:53:18.5322433Z fc4343b4accd: Download complete
Test Backend	Initialize containers	2025-11-22T17:53:18.6407996Z f637881d1138: Verifying Checksum
Test Backend	Initialize containers	2025-11-22T17:53:18.6408894Z f637881d1138: Download complete
Test Backend	Initialize containers	2025-11-22T17:53:18.7438372Z f637881d1138: Pull complete
Test Backend	Initialize containers	2025-11-22T17:53:18.7698413Z 60c57c0072ef: Pull complete
Test Backend	Initialize containers	2025-11-22T17:53:18.8464684Z 380e8aa8b1fd: Verifying Checksum
Test Backend	Initialize containers	2025-11-22T17:53:18.8466968Z 380e8aa8b1fd: Download complete
Test Backend	Initialize containers	2025-11-22T17:53:18.9097194Z fc4343b4accd: Pull complete
Test Backend	Initialize containers	2025-11-22T17:53:18.9227407Z 232f7549c9b0: Download complete
Test Backend	Initialize containers	2025-11-22T17:53:18.9499159Z 380e8aa8b1fd: Pull complete
Test Backend	Initialize containers	2025-11-22T17:53:18.9611846Z c70aae7b5e0d: Verifying Checksum
Test Backend	Initialize containers	2025-11-22T17:53:18.9612156Z c70aae7b5e0d: Download complete
Test Backend	Initialize containers	2025-11-22T17:53:19.1135903Z 4f4fb700ef54: Verifying Checksum
Test Backend	Initialize containers	2025-11-22T17:53:19.1136374Z 4f4fb700ef54: Download complete
Test Backend	Initialize containers	2025-11-22T17:53:19.1499128Z c70aae7b5e0d: Pull complete
Test Backend	Initialize containers	2025-11-22T17:53:19.1624903Z 232f7549c9b0: Pull complete
Test Backend	Initialize containers	2025-11-22T17:53:19.1784310Z 4f4fb700ef54: Pull complete
Test Backend	Initialize containers	2025-11-22T17:53:19.2024689Z d75b3becd998: Verifying Checksum
Test Backend	Initialize containers	2025-11-22T17:53:19.2025423Z d75b3becd998: Download complete
Test Backend	Initialize containers	2025-11-22T17:53:19.2171169Z d75b3becd998: Pull complete
Test Backend	Initialize containers	2025-11-22T17:53:19.2222185Z Digest: sha256:ee64a64eaab618d88051c3ade8f6352d11531fcf79d9a4818b9b183d8c1d18ba
Test Backend	Initialize containers	2025-11-22T17:53:19.2246915Z Status: Downloaded newer image for redis:7-alpine
Test Backend	Initialize containers	2025-11-22T17:53:19.2255976Z docker.io/library/redis:7-alpine
Test Backend	Initialize containers	2025-11-22T17:53:19.2272165Z ##[command]/usr/bin/docker create --name 758e7ecf21b04553888cb25c4a914bee_redis7alpine_854811 --label 7fd1d3 --network github_network_e2f10ef8f99840ceac9d13cd3bc565ce --network-alias redis -p 6379:6379 --health-cmd "redis-cli ping" --health-interval 10s --health-timeout 5s --health-retries 5 -e GITHUB_ACTIONS=true -e CI=true redis:7-alpine
Test Backend	Initialize containers	2025-11-22T17:53:19.2537846Z d650d62b63bc2f39356033be77dfe215b03d8f6d39c31b81bcc0e134608b2087
Test Backend	Initialize containers	2025-11-22T17:53:19.2550845Z ##[command]/usr/bin/docker start d650d62b63bc2f39356033be77dfe215b03d8f6d39c31b81bcc0e134608b2087
Test Backend	Initialize containers	2025-11-22T17:53:19.3814900Z d650d62b63bc2f39356033be77dfe215b03d8f6d39c31b81bcc0e134608b2087
Test Backend	Initialize containers	2025-11-22T17:53:19.3832292Z ##[command]/usr/bin/docker ps --all --filter id=d650d62b63bc2f39356033be77dfe215b03d8f6d39c31b81bcc0e134608b2087 --filter status=running --no-trunc --format "{{.ID}} {{.Status}}"
Test Backend	Initialize containers	2025-11-22T17:53:19.3946417Z d650d62b63bc2f39356033be77dfe215b03d8f6d39c31b81bcc0e134608b2087 Up Less than a second (health: starting)
Test Backend	Initialize containers	2025-11-22T17:53:19.3959602Z ##[command]/usr/bin/docker port d650d62b63bc2f39356033be77dfe215b03d8f6d39c31b81bcc0e134608b2087
Test Backend	Initialize containers	2025-11-22T17:53:19.4066713Z 6379/tcp -> 0.0.0.0:6379
Test Backend	Initialize containers	2025-11-22T17:53:19.4067116Z 6379/tcp -> [::]:6379
Test Backend	Initialize containers	2025-11-22T17:53:19.4079294Z ##[endgroup]
Test Backend	Initialize containers	2025-11-22T17:53:19.4089769Z ##[group]Waiting for all services to be ready
Test Backend	Initialize containers	2025-11-22T17:53:19.4103193Z ##[command]/usr/bin/docker inspect --format="{{if .Config.Healthcheck}}{{print .State.Health.Status}}{{end}}" b318fcb0240b5af150b9e7f346c2b71c7081184b82fa690c1b48570370f02be1
Test Backend	Initialize containers	2025-11-22T17:53:19.4208514Z starting
Test Backend	Initialize containers	2025-11-22T17:53:19.4228440Z postgres service is starting, waiting 2 seconds before checking again.
Test Backend	Initialize containers	2025-11-22T17:53:21.4225266Z ##[command]/usr/bin/docker inspect --format="{{if .Config.Healthcheck}}{{print .State.Health.Status}}{{end}}" b318fcb0240b5af150b9e7f346c2b71c7081184b82fa690c1b48570370f02be1
Test Backend	Initialize containers	2025-11-22T17:53:21.4342036Z starting
Test Backend	Initialize containers	2025-11-22T17:53:21.4355601Z postgres service is starting, waiting 4 seconds before checking again.
Test Backend	Initialize containers	2025-11-22T17:53:25.7469875Z ##[command]/usr/bin/docker inspect --format="{{if .Config.Healthcheck}}{{print .State.Health.Status}}{{end}}" b318fcb0240b5af150b9e7f346c2b71c7081184b82fa690c1b48570370f02be1
Test Backend	Initialize containers	2025-11-22T17:53:25.7588071Z starting
Test Backend	Initialize containers	2025-11-22T17:53:25.7601040Z postgres service is starting, waiting 7 seconds before checking again.
Test Backend	Initialize containers	2025-11-22T17:53:33.5352436Z ##[command]/usr/bin/docker inspect --format="{{if .Config.Healthcheck}}{{print .State.Health.Status}}{{end}}" b318fcb0240b5af150b9e7f346c2b71c7081184b82fa690c1b48570370f02be1
Test Backend	Initialize containers	2025-11-22T17:53:33.5469119Z healthy
Test Backend	Initialize containers	2025-11-22T17:53:33.5485515Z postgres service is healthy.
Test Backend	Initialize containers	2025-11-22T17:53:33.5486287Z ##[command]/usr/bin/docker inspect --format="{{if .Config.Healthcheck}}{{print .State.Health.Status}}{{end}}" d650d62b63bc2f39356033be77dfe215b03d8f6d39c31b81bcc0e134608b2087
Test Backend	Initialize containers	2025-11-22T17:53:33.5597808Z healthy
Test Backend	Initialize containers	2025-11-22T17:53:33.5611991Z redis service is healthy.
Test Backend	Initialize containers	2025-11-22T17:53:33.5612603Z ##[endgroup]
Test Backend	Checkout	ï»¿2025-11-22T17:53:33.5854960Z ##[group]Run actions/checkout@v6
Test Backend	Checkout	2025-11-22T17:53:33.5855478Z with:
Test Backend	Checkout	2025-11-22T17:53:33.5855694Z   repository: ECONEURA-EMPRESA/ECONEURA
Test Backend	Checkout	2025-11-22T17:53:33.5856073Z   token: ***
Test Backend	Checkout	2025-11-22T17:53:33.5856253Z   ssh-strict: true
Test Backend	Checkout	2025-11-22T17:53:33.5856426Z   ssh-user: git
Test Backend	Checkout	2025-11-22T17:53:33.5856614Z   persist-credentials: true
Test Backend	Checkout	2025-11-22T17:53:33.5856829Z   clean: true
Test Backend	Checkout	2025-11-22T17:53:33.5857010Z   sparse-checkout-cone-mode: true
Test Backend	Checkout	2025-11-22T17:53:33.5857238Z   fetch-depth: 1
Test Backend	Checkout	2025-11-22T17:53:33.5857404Z   fetch-tags: false
Test Backend	Checkout	2025-11-22T17:53:33.5857599Z   show-progress: true
Test Backend	Checkout	2025-11-22T17:53:33.5857771Z   lfs: false
Test Backend	Checkout	2025-11-22T17:53:33.5857933Z   submodules: false
Test Backend	Checkout	2025-11-22T17:53:33.5858111Z   set-safe-directory: true
Test Backend	Checkout	2025-11-22T17:53:33.5858479Z env:
Test Backend	Checkout	2025-11-22T17:53:33.5858640Z   NODE_VERSION: 20
Test Backend	Checkout	2025-11-22T17:53:33.5859002Z   DATABASE_URL: ***localhost:5432/econeura_test
Test Backend	Checkout	2025-11-22T17:53:33.5859285Z   REDIS_URL: redis://localhost:6379
Test Backend	Checkout	2025-11-22T17:53:33.5859520Z   USE_MEMORY_STORE: false
Test Backend	Checkout	2025-11-22T17:53:33.5859749Z   GEMINI_API_KEY: test_key
Test Backend	Checkout	2025-11-22T17:53:33.5859943Z ##[endgroup]
Test Backend	Checkout	2025-11-22T17:53:33.6768797Z Syncing repository: ECONEURA-EMPRESA/ECONEURA
Test Backend	Checkout	2025-11-22T17:53:33.6770118Z ##[group]Getting Git version info
Test Backend	Checkout	2025-11-22T17:53:33.6770470Z Working directory is '/home/runner/work/ECONEURA/ECONEURA'
Test Backend	Checkout	2025-11-22T17:53:33.6771132Z [command]/usr/bin/git version
Test Backend	Checkout	2025-11-22T17:53:33.7771005Z git version 2.51.2
Test Backend	Checkout	2025-11-22T17:53:33.7792984Z ##[endgroup]
Test Backend	Checkout	2025-11-22T17:53:33.7808282Z Temporarily overriding HOME='/home/runner/work/_temp/af643d73-8a37-4305-b6ad-e71a8a6837f2' before making global git config changes
Test Backend	Checkout	2025-11-22T17:53:33.7809584Z Adding repository directory to the temporary git global config as a safe directory
Test Backend	Checkout	2025-11-22T17:53:33.7814095Z [command]/usr/bin/git config --global --add safe.directory /home/runner/work/ECONEURA/ECONEURA
Test Backend	Checkout	2025-11-22T17:53:33.7889456Z Deleting the contents of '/home/runner/work/ECONEURA/ECONEURA'
Test Backend	Checkout	2025-11-22T17:53:33.7893239Z ##[group]Initializing the repository
Test Backend	Checkout	2025-11-22T17:53:33.7897779Z [command]/usr/bin/git init /home/runner/work/ECONEURA/ECONEURA
Test Backend	Checkout	2025-11-22T17:53:33.8575235Z hint: Using 'master' as the name for the initial branch. This default branch name
Test Backend	Checkout	2025-11-22T17:53:33.8576393Z hint: is subject to change. To configure the initial branch name to use in all
Test Backend	Checkout	2025-11-22T17:53:33.8577232Z hint: of your new repositories, which will suppress this warning, call:
Test Backend	Checkout	2025-11-22T17:53:33.8577674Z hint:
Test Backend	Checkout	2025-11-22T17:53:33.8577992Z hint: 	git config --global init.defaultBranch <name>
Test Backend	Checkout	2025-11-22T17:53:33.8578362Z hint:
Test Backend	Checkout	2025-11-22T17:53:33.8579088Z hint: Names commonly chosen instead of 'master' are 'main', 'trunk' and
Test Backend	Checkout	2025-11-22T17:53:33.8579667Z hint: 'development'. The just-created branch can be renamed via this command:
Test Backend	Checkout	2025-11-22T17:53:33.8580111Z hint:
Test Backend	Checkout	2025-11-22T17:53:33.8580352Z hint: 	git branch -m <name>
Test Backend	Checkout	2025-11-22T17:53:33.8580869Z hint:
Test Backend	Checkout	2025-11-22T17:53:33.8581238Z hint: Disable this message with "git config set advice.defaultBranchName false"
Test Backend	Checkout	2025-11-22T17:53:33.8617316Z Initialized empty Git repository in /home/runner/work/ECONEURA/ECONEURA/.git/
Test Backend	Checkout	2025-11-22T17:53:33.8630198Z [command]/usr/bin/git remote add origin https://github.com/ECONEURA-EMPRESA/ECONEURA
Test Backend	Checkout	2025-11-22T17:53:33.8761162Z ##[endgroup]
Test Backend	Checkout	2025-11-22T17:53:33.8761974Z ##[group]Disabling automatic garbage collection
Test Backend	Checkout	2025-11-22T17:53:33.8766113Z [command]/usr/bin/git config --local gc.auto 0
Test Backend	Checkout	2025-11-22T17:53:33.8793551Z ##[endgroup]
Test Backend	Checkout	2025-11-22T17:53:33.8793884Z ##[group]Setting up auth
Test Backend	Checkout	2025-11-22T17:53:33.8794789Z Removing SSH command configuration
Test Backend	Checkout	2025-11-22T17:53:33.8801188Z [command]/usr/bin/git config --local --name-only --get-regexp core\.sshCommand
Test Backend	Checkout	2025-11-22T17:53:33.8832531Z [command]/usr/bin/git submodule foreach --recursive sh -c "git config --local --name-only --get-regexp 'core\.sshCommand' && git config --local --unset-all 'core.sshCommand' || :"
Test Backend	Checkout	2025-11-22T17:53:34.0990241Z Removing HTTP extra header
Test Backend	Checkout	2025-11-22T17:53:34.0996085Z [command]/usr/bin/git config --local --name-only --get-regexp http\.https\:\/\/github\.com\/\.extraheader
Test Backend	Checkout	2025-11-22T17:53:34.1027843Z [command]/usr/bin/git submodule foreach --recursive sh -c "git config --local --name-only --get-regexp 'http\.https\:\/\/github\.com\/\.extraheader' && git config --local --unset-all 'http.https://github.com/.extraheader' || :"
Test Backend	Checkout	2025-11-22T17:53:34.1259352Z Removing includeIf entries pointing to credentials config files
Test Backend	Checkout	2025-11-22T17:53:34.1264966Z [command]/usr/bin/git config --local --name-only --get-regexp ^includeIf\.gitdir:
Test Backend	Checkout	2025-11-22T17:53:34.1297379Z [command]/usr/bin/git submodule foreach --recursive git config --local --show-origin --name-only --get-regexp remote.origin.url
Test Backend	Checkout	2025-11-22T17:53:34.1538087Z [command]/usr/bin/git config --file /home/runner/work/_temp/git-credentials-8e31ebc2-80b8-4542-9763-66b68d111749.config http.https://github.com/.extraheader AUTHORIZATION: basic ***
Test Backend	Checkout	2025-11-22T17:53:34.1578426Z [command]/usr/bin/git config --local includeIf.gitdir:/home/runner/work/ECONEURA/ECONEURA/.git.path /home/runner/work/_temp/git-credentials-8e31ebc2-80b8-4542-9763-66b68d111749.config
Test Backend	Checkout	2025-11-22T17:53:34.1611019Z [command]/usr/bin/git config --local includeIf.gitdir:/github/workspace/.git.path /github/runner_temp/git-credentials-8e31ebc2-80b8-4542-9763-66b68d111749.config
Test Backend	Checkout	2025-11-22T17:53:34.1636617Z ##[endgroup]
Test Backend	Checkout	2025-11-22T17:53:34.1637684Z ##[group]Fetching the repository
Test Backend	Checkout	2025-11-22T17:53:34.1646429Z [command]/usr/bin/git -c protocol.version=2 fetch --no-tags --prune --no-recurse-submodules --depth=1 origin +5861204bb0c5830bd4aa6ac16b821403c405c4c7:refs/remotes/origin/main
Test Backend	Checkout	2025-11-22T17:53:35.0494075Z From https://github.com/ECONEURA-EMPRESA/ECONEURA
Test Backend	Checkout	2025-11-22T17:53:35.0494803Z  * [new ref]         5861204bb0c5830bd4aa6ac16b821403c405c4c7 -> origin/main
Test Backend	Checkout	2025-11-22T17:53:35.0576013Z ##[endgroup]
Test Backend	Checkout	2025-11-22T17:53:35.0576645Z ##[group]Determining the checkout info
Test Backend	Checkout	2025-11-22T17:53:35.0579486Z ##[endgroup]
Test Backend	Checkout	2025-11-22T17:53:35.0585114Z [command]/usr/bin/git sparse-checkout disable
Test Backend	Checkout	2025-11-22T17:53:35.0669183Z [command]/usr/bin/git config --local --unset-all extensions.worktreeConfig
Test Backend	Checkout	2025-11-22T17:53:35.0696848Z ##[group]Checking out the ref
Test Backend	Checkout	2025-11-22T17:53:35.0701066Z [command]/usr/bin/git checkout --progress --force -B main refs/remotes/origin/main
Test Backend	Checkout	2025-11-22T17:53:35.1665609Z Switched to a new branch 'main'
Test Backend	Checkout	2025-11-22T17:53:35.1666891Z branch 'main' set up to track 'origin/main'.
Test Backend	Checkout	2025-11-22T17:53:35.1677982Z ##[endgroup]
Test Backend	Checkout	2025-11-22T17:53:35.1717461Z [command]/usr/bin/git log -1 --format=%H
Test Backend	Checkout	2025-11-22T17:53:35.1739610Z 5861204bb0c5830bd4aa6ac16b821403c405c4c7
Test Backend	Setup Node	ï»¿2025-11-22T17:53:35.1926061Z ##[group]Run actions/setup-node@v6
Test Backend	Setup Node	2025-11-22T17:53:35.1926324Z with:
Test Backend	Setup Node	2025-11-22T17:53:35.1926487Z   node-version: 20
Test Backend	Setup Node	2025-11-22T17:53:35.1926669Z   cache: npm
Test Backend	Setup Node	2025-11-22T17:53:35.1926834Z   always-auth: false
Test Backend	Setup Node	2025-11-22T17:53:35.1927023Z   check-latest: false
Test Backend	Setup Node	2025-11-22T17:53:35.1927314Z   token: ***
Test Backend	Setup Node	2025-11-22T17:53:35.1927509Z   package-manager-cache: true
Test Backend	Setup Node	2025-11-22T17:53:35.1927725Z env:
Test Backend	Setup Node	2025-11-22T17:53:35.1927882Z   NODE_VERSION: 20
Test Backend	Setup Node	2025-11-22T17:53:35.1928240Z   DATABASE_URL: ***localhost:5432/econeura_test
Test Backend	Setup Node	2025-11-22T17:53:35.1928527Z   REDIS_URL: redis://localhost:6379
Test Backend	Setup Node	2025-11-22T17:53:35.1928760Z   USE_MEMORY_STORE: false
Test Backend	Setup Node	2025-11-22T17:53:35.1928969Z   GEMINI_API_KEY: test_key
Test Backend	Setup Node	2025-11-22T17:53:35.1929159Z ##[endgroup]
Test Backend	Setup Node	2025-11-22T17:53:35.3712850Z Found in cache @ /opt/hostedtoolcache/node/20.19.5/x64
Test Backend	Setup Node	2025-11-22T17:53:35.3717541Z (node:2699) [DEP0040] DeprecationWarning: The `punycode` module is deprecated. Please use a userland alternative instead.
Test Backend	Setup Node	2025-11-22T17:53:35.3718691Z (Use `node --trace-deprecation ...` to show where the warning was created)
Test Backend	Setup Node	2025-11-22T17:53:35.3720932Z ##[group]Environment details
Test Backend	Setup Node	2025-11-22T17:53:37.4341745Z node: v20.19.5
Test Backend	Setup Node	2025-11-22T17:53:37.4342133Z npm: 10.8.2
Test Backend	Setup Node	2025-11-22T17:53:37.4342406Z yarn: 1.22.22
Test Backend	Setup Node	2025-11-22T17:53:37.4342974Z ##[endgroup]
Test Backend	Setup Node	2025-11-22T17:53:37.4362361Z [command]/opt/hostedtoolcache/node/20.19.5/x64/bin/npm config get cache
Test Backend	Setup Node	2025-11-22T17:53:37.7087855Z /home/runner/.npm
Test Backend	Setup Node	2025-11-22T17:53:37.9517182Z Cache hit for: node-cache-Linux-x64-npm-7b5741da819567a7a1e462079de2b6d7816239b0198ed8a94d52986d298c76cf
Test Backend	Setup Node	2025-11-22T17:53:37.9619894Z (node:2699) [DEP0169] DeprecationWarning: `url.parse()` behavior is not standardized and prone to errors that have security implications. Use the WHATWG URL API instead. CVEs are not issued for `url.parse()` vulnerabilities.
Test Backend	Setup Node	2025-11-22T17:53:39.2122140Z Received 16777216 of 146348881 (11.5%), 16.0 MBs/sec
Test Backend	Setup Node	2025-11-22T17:53:40.2108391Z Received 134217728 of 146348881 (91.7%), 64.0 MBs/sec
Test Backend	Setup Node	2025-11-22T17:53:40.2890291Z Received 146348881 of 146348881 (100.0%), 67.2 MBs/sec
Test Backend	Setup Node	2025-11-22T17:53:40.2891848Z Cache Size: ~140 MB (146348881 B)
Test Backend	Setup Node	2025-11-22T17:53:40.2926061Z [command]/usr/bin/tar -xf /home/runner/work/_temp/b56c1979-58c1-4c80-9fef-07fdd67db510/cache.tzst -P -C /home/runner/work/ECONEURA/ECONEURA --use-compress-program unzstd
Test Backend	Setup Node	2025-11-22T17:53:41.0633804Z Cache restored successfully
Test Backend	Setup Node	2025-11-22T17:53:41.0919494Z Cache restored from key: node-cache-Linux-x64-npm-7b5741da819567a7a1e462079de2b6d7816239b0198ed8a94d52986d298c76cf
Test Backend	Install dependencies	ï»¿2025-11-22T17:53:41.1085283Z ##[group]Run npm ci
Test Backend	Install dependencies	2025-11-22T17:53:41.1085558Z [36;1mnpm ci[0m
Test Backend	Install dependencies	2025-11-22T17:53:41.1129494Z shell: /usr/bin/bash -e {0}
Test Backend	Install dependencies	2025-11-22T17:53:41.1129748Z env:
Test Backend	Install dependencies	2025-11-22T17:53:41.1129925Z   NODE_VERSION: 20
Test Backend	Install dependencies	2025-11-22T17:53:41.1130374Z   DATABASE_URL: ***localhost:5432/econeura_test
Test Backend	Install dependencies	2025-11-22T17:53:41.1131005Z   REDIS_URL: redis://localhost:6379
Test Backend	Install dependencies	2025-11-22T17:53:41.1131273Z   USE_MEMORY_STORE: false
Test Backend	Install dependencies	2025-11-22T17:53:41.1131485Z   GEMINI_API_KEY: test_key
Test Backend	Install dependencies	2025-11-22T17:53:41.1131714Z ##[endgroup]
Test Backend	Install dependencies	2025-11-22T17:53:44.9672059Z npm warn deprecated @types/express-rate-limit@6.0.2: This is a stub types definition. express-rate-limit provides its own type definitions, so you do not need this installed.
Test Backend	Install dependencies	2025-11-22T17:53:44.9876654Z npm warn deprecated inflight@1.0.6: This module is not supported, and leaks memory. Do not use it. Check out lru-cache if you want a good and tested way to coalesce async requests by a key value, which is much more comprehensive and powerful.
Test Backend	Install dependencies	2025-11-22T17:53:45.7161073Z npm warn deprecated glob@7.2.3: Glob versions prior to v9 are no longer supported
Test Backend	Install dependencies	2025-11-22T17:53:53.3966410Z npm warn deprecated @types/axios@0.14.4: This is a stub types definition. axios provides its own type definitions, so you do not need this installed.
Test Backend	Install dependencies	2025-11-22T17:54:03.4518091Z 
Test Backend	Install dependencies	2025-11-22T17:54:03.4519212Z added 1248 packages, and audited 1251 packages in 22s
Test Backend	Install dependencies	2025-11-22T17:54:03.4519679Z 
Test Backend	Install dependencies	2025-11-22T17:54:03.4519943Z 309 packages are looking for funding
Test Backend	Install dependencies	2025-11-22T17:54:03.4521017Z   run `npm fund` for details
Test Backend	Install dependencies	2025-11-22T17:54:03.4533415Z 
Test Backend	Install dependencies	2025-11-22T17:54:03.4533843Z found 0 vulnerabilities
Test Backend	Run tests	ï»¿2025-11-22T17:54:03.5231201Z ##[group]Run npm run test:backend
Test Backend	Run tests	2025-11-22T17:54:03.5231532Z [36;1mnpm run test:backend[0m
Test Backend	Run tests	2025-11-22T17:54:03.5263470Z shell: /usr/bin/bash -e {0}
Test Backend	Run tests	2025-11-22T17:54:03.5263697Z env:
Test Backend	Run tests	2025-11-22T17:54:03.5263863Z   NODE_VERSION: 20
Test Backend	Run tests	2025-11-22T17:54:03.5264313Z   DATABASE_URL: ***localhost:5432/econeura_test
Test Backend	Run tests	2025-11-22T17:54:03.5264612Z   REDIS_URL: redis://localhost:6379
Test Backend	Run tests	2025-11-22T17:54:03.5264863Z   USE_MEMORY_STORE: false
Test Backend	Run tests	2025-11-22T17:54:03.5265073Z   GEMINI_API_KEY: test_key
Test Backend	Run tests	2025-11-22T17:54:03.5265277Z ##[endgroup]
Test Backend	Run tests	2025-11-22T17:54:03.6365804Z 
Test Backend	Run tests	2025-11-22T17:54:03.6366462Z > econeura-full@1.0.0 test:backend
Test Backend	Run tests	2025-11-22T17:54:03.6367167Z > npm run test --workspace=@econeura/backend
Test Backend	Run tests	2025-11-22T17:54:03.6367410Z 
Test Backend	Run tests	2025-11-22T17:54:03.7625692Z 
Test Backend	Run tests	2025-11-22T17:54:03.7626091Z > @econeura/backend@1.0.0 test
Test Backend	Run tests	2025-11-22T17:54:03.7626535Z > jest
Test Backend	Run tests	2025-11-22T17:54:03.7626713Z 
Test Backend	Run tests	2025-11-22T17:54:07.2493672Z PASS tests/unit/conversationUseCases.test.ts
Test Backend	Run tests	2025-11-22T17:54:07.3092021Z   â— Console
Test Backend	Run tests	2025-11-22T17:54:07.3092821Z 
Test Backend	Run tests	2025-11-22T17:54:07.3093237Z     console.log
Test Backend	Run tests	2025-11-22T17:54:07.3094464Z       2025-11-22 17:54:06 [[32MINFO[39M]: [Redis] Conectado correctamente {"service":"econeura-backend","environment":"test"}
Test Backend	Run tests	2025-11-22T17:54:07.3095286Z 
Test Backend	Run tests	2025-11-22T17:54:07.3095888Z       at Console.log (../../node_modules/winston/lib/winston/transports/console.js:87:23)
Test Backend	Run tests	2025-11-22T17:54:07.3096519Z 
Test Backend	Run tests	2025-11-22T17:54:07.3096764Z     console.log
Test Backend	Run tests	2025-11-22T17:54:07.3097742Z       2025-11-22 17:54:07 [[32MINFO[39M]: [Redis] Cliente listo {"service":"econeura-backend","environment":"test"}
Test Backend	Run tests	2025-11-22T17:54:07.3098402Z 
Test Backend	Run tests	2025-11-22T17:54:07.3098958Z       at Console.log (../../node_modules/winston/lib/winston/transports/console.js:87:23)
Test Backend	Run tests	2025-11-22T17:54:07.3099545Z 
Test Backend	Run tests	2025-11-22T17:54:07.3099803Z     console.log
Test Backend	Run tests	2025-11-22T17:54:07.3104805Z       2025-11-22 17:54:07 [[31MERROR[39M] [[REDACTED]]: Error al invocar LLM {"service":"econeura-backend","environment":"test","agentId":"neura-ceo","error":"Gemini API Error: 400 - {\n  \"error\": {\n    \"code\": 400,\n    \"message\": \"API key not valid. Please pass a valid API key.\",\n    \"status\": \"INVALID_ARGUMENT\",\n    \"details\": [\n      {\n        \"@type\": \"type.googleapis.com/google.rpc.ErrorInfo\",\n        \"reason\": \"API_KEY_INVALID\",\n        \"domain\": \"googleapis.com\",\n        \"metadata\": {\n          \"service\": \"generativelanguage.googleapis.com\"\n        }\n      },\n      {\n        \"@type\": \"type.googleapis.com/google.rpc.LocalizedMessage\",\n        \"locale\": \"en-US\",\n        \"message\": \"API key not valid. Please pass a valid API key.\"\n      }\n    ]\n  }\n}\n"}
Test Backend	Run tests	2025-11-22T17:54:07.3108245Z 
Test Backend	Run tests	2025-11-22T17:54:07.3108809Z       at Console.log (../../node_modules/winston/lib/winston/transports/console.js:87:23)
Test Backend	Run tests	2025-11-22T17:54:07.3109446Z 
Test Backend	Run tests	2025-11-22T17:54:07.5114666Z PASS tests/unit/neuraAgentExecutor.test.ts
Test Backend	Run tests	2025-11-22T17:54:08.3976138Z FAIL tests/integration/conversationFlow.test.ts
Test Backend	Run tests	2025-11-22T17:54:08.4062204Z   â— Console
Test Backend	Run tests	2025-11-22T17:54:08.4062500Z 
Test Backend	Run tests	2025-11-22T17:54:08.4062665Z     console.log
Test Backend	Run tests	2025-11-22T17:54:08.4064021Z       2025-11-22 17:54:06 [[33MWARN[39M]: [RateLimit] Redis no disponible, usando memory store (no distribuido) {"service":"econeura-backend","environment":"test"}
Test Backend	Run tests	2025-11-22T17:54:08.4064926Z 
Test Backend	Run tests	2025-11-22T17:54:08.4065426Z       at Console.log (../../node_modules/winston/lib/winston/transports/console.js:87:23)
Test Backend	Run tests	2025-11-22T17:54:08.4065951Z 
Test Backend	Run tests	2025-11-22T17:54:08.4066102Z     console.log
Test Backend	Run tests	2025-11-22T17:54:08.4067688Z       2025-11-22 17:54:07 [[33MWARN[39M]: [AzureBlobAdapter] AZURE_STORAGE_CONNECTION_STRING no configurado, usando almacenamiento local {"service":"econeura-backend","environment":"test"}
Test Backend	Run tests	2025-11-22T17:54:08.4068704Z 
Test Backend	Run tests	2025-11-22T17:54:08.4069278Z       at Console.log (../../node_modules/winston/lib/winston/transports/console.js:87:23)
Test Backend	Run tests	2025-11-22T17:54:08.4069820Z 
Test Backend	Run tests	2025-11-22T17:54:08.4070357Z     console.log
Test Backend	Run tests	2025-11-22T17:54:08.4072146Z       2025-11-22 17:54:07 [[33MWARN[39M]: [UserRateLimiter] Redis no disponible, usando memory store (no distribuido) {"service":"econeura-backend","environment":"test"}
Test Backend	Run tests	2025-11-22T17:54:08.4073477Z 
Test Backend	Run tests	2025-11-22T17:54:08.4073990Z       at Console.log (../../node_modules/winston/lib/winston/transports/console.js:87:23)
Test Backend	Run tests	2025-11-22T17:54:08.4074433Z 
Test Backend	Run tests	2025-11-22T17:54:08.4074571Z     console.log
Test Backend	Run tests	2025-11-22T17:54:08.4075943Z       2025-11-22 17:54:08 [[33MWARN[39M]: [WebhookRateLimit] Redis no disponible, usando memory store (no distribuido) {"service":"econeura-backend","environment":"test"}
Test Backend	Run tests	2025-11-22T17:54:08.4076877Z 
Test Backend	Run tests	2025-11-22T17:54:08.4077382Z       at Console.log (../../node_modules/winston/lib/winston/transports/console.js:87:23)
Test Backend	Run tests	2025-11-22T17:54:08.4077924Z 
Test Backend	Run tests	2025-11-22T17:54:08.4078582Z   â— Conversation Flow Integration â€º should complete full conversation flow
Test Backend	Run tests	2025-11-22T17:54:08.4079097Z 
Test Backend	Run tests	2025-11-22T17:54:08.4079684Z     TypeError: Missing parameter name at index 1: *; visit https://git.new/pathToRegexpError for info
Test Backend	Run tests	2025-11-22T17:54:08.4080338Z 
Test Backend	Run tests	2025-11-22T17:54:08.4080924Z     [0m [90m 73 |[39m
Test Backend	Run tests	2025-11-22T17:54:08.4081693Z      [90m 74 |[39m   app[33m.[39muse(cors(corsOptions))[33m;[39m
Test Backend	Run tests	2025-11-22T17:54:08.4082822Z     [31m[1m>[22m[39m[90m 75 |[39m   app[33m.[39moptions([32m'*'[39m[33m,[39m cors(corsOptions))[33m;[39m
Test Backend	Run tests	2025-11-22T17:54:08.4083659Z      [90m    |[39m       [31m[1m^[22m[39m
Test Backend	Run tests	2025-11-22T17:54:08.4084194Z      [90m 76 |[39m
Test Backend	Run tests	2025-11-22T17:54:08.4085658Z      [90m 77 |[39m   [90m// âœ… CRÃTICO: NO procesar JSON/URL-encoded para rutas de upload (multer necesita multipart/form-data)[39m
Test Backend	Run tests	2025-11-22T17:54:08.4086902Z      [90m 78 |[39m   app[33m.[39muse((req[33m,[39m res[33m,[39m next) [33m=>[39m {[0m
Test Backend	Run tests	2025-11-22T17:54:08.4087402Z 
Test Backend	Run tests	2025-11-22T17:54:08.4087786Z       at name (../../node_modules/path-to-regexp/src/index.ts:225:13)
Test Backend	Run tests	2025-11-22T17:54:08.4088521Z       at parse (../../node_modules/path-to-regexp/src/index.ts:242:62)
Test Backend	Run tests	2025-11-22T17:54:08.4089398Z       at pathToRegexp (../../node_modules/path-to-regexp/src/index.ts:480:54)
Test Backend	Run tests	2025-11-22T17:54:08.4090311Z       at Object.match (../../node_modules/path-to-regexp/src/index.ts:438:28)
Test Backend	Run tests	2025-11-22T17:54:08.4091325Z       at matcher (../../node_modules/router/lib/layer.js:86:23)
Test Backend	Run tests	2025-11-22T17:54:08.4092054Z       at new Layer (../../node_modules/router/lib/layer.js:93:62)
Test Backend	Run tests	2025-11-22T17:54:08.4092794Z       at Function.route (../../node_modules/router/index.js:428:17)
Test Backend	Run tests	2025-11-22T17:54:08.4093639Z       at Function.route (../../node_modules/express/lib/application.js:257:22)
Test Backend	Run tests	2025-11-22T17:54:08.4094717Z       at Function.app.<computed> [as options] (../../node_modules/express/lib/application.js:478:22)
Test Backend	Run tests	2025-11-22T17:54:08.4095596Z       at createServer (src/api/http/server.ts:75:7)
Test Backend	Run tests	2025-11-22T17:54:08.4096398Z       at Object.<anonymous> (tests/integration/conversationFlow.test.ts:15:29)
Test Backend	Run tests	2025-11-22T17:54:08.4096922Z 
Test Backend	Run tests	2025-11-22T17:54:08.4097568Z   â— Conversation Flow Integration â€º should handle invalid conversation ID
Test Backend	Run tests	2025-11-22T17:54:08.4098072Z 
Test Backend	Run tests	2025-11-22T17:54:08.4098678Z     TypeError: Missing parameter name at index 1: *; visit https://git.new/pathToRegexpError for info
Test Backend	Run tests	2025-11-22T17:54:08.4099357Z 
Test Backend	Run tests	2025-11-22T17:54:08.4099608Z     [0m [90m 73 |[39m
Test Backend	Run tests	2025-11-22T17:54:08.4100259Z      [90m 74 |[39m   app[33m.[39muse(cors(corsOptions))[33m;[39m
Test Backend	Run tests	2025-11-22T17:54:08.4101554Z     [31m[1m>[22m[39m[90m 75 |[39m   app[33m.[39moptions([32m'*'[39m[33m,[39m cors(corsOptions))[33m;[39m
Test Backend	Run tests	2025-11-22T17:54:08.4102435Z      [90m    |[39m       [31m[1m^[22m[39m
Test Backend	Run tests	2025-11-22T17:54:08.4102944Z      [90m 76 |[39m
Test Backend	Run tests	2025-11-22T17:54:08.4104099Z      [90m 77 |[39m   [90m// âœ… CRÃTICO: NO procesar JSON/URL-encoded para rutas de upload (multer necesita multipart/form-data)[39m
Test Backend	Run tests	2025-11-22T17:54:08.4105502Z      [90m 78 |[39m   app[33m.[39muse((req[33m,[39m res[33m,[39m next) [33m=>[39m {[0m
Test Backend	Run tests	2025-11-22T17:54:08.4106008Z 
Test Backend	Run tests	2025-11-22T17:54:08.4106636Z       at name (../../node_modules/path-to-regexp/src/index.ts:225:13)
Test Backend	Run tests	2025-11-22T17:54:08.4107447Z       at parse (../../node_modules/path-to-regexp/src/index.ts:242:62)
Test Backend	Run tests	2025-11-22T17:54:08.4108557Z       at pathToRegexp (../../node_modules/path-to-regexp/src/index.ts:480:54)
Test Backend	Run tests	2025-11-22T17:54:08.4109437Z       at Object.match (../../node_modules/path-to-regexp/src/index.ts:438:28)
Test Backend	Run tests	2025-11-22T17:54:08.4110379Z       at matcher (../../node_modules/router/lib/layer.js:86:23)
Test Backend	Run tests	2025-11-22T17:54:08.4111432Z       at new Layer (../../node_modules/router/lib/layer.js:93:62)
Test Backend	Run tests	2025-11-22T17:54:08.4112171Z       at Function.route (../../node_modules/router/index.js:428:17)
Test Backend	Run tests	2025-11-22T17:54:08.4112985Z       at Function.route (../../node_modules/express/lib/application.js:257:22)
Test Backend	Run tests	2025-11-22T17:54:08.4113967Z       at Function.app.<computed> [as options] (../../node_modules/express/lib/application.js:478:22)
Test Backend	Run tests	2025-11-22T17:54:08.4114815Z       at createServer (src/api/http/server.ts:75:7)
Test Backend	Run tests	2025-11-22T17:54:08.4115624Z       at Object.<anonymous> (tests/integration/conversationFlow.test.ts:15:29)
Test Backend	Run tests	2025-11-22T17:54:08.4116126Z 
Test Backend	Run tests	2025-11-22T17:54:08.4249381Z FAIL tests/integration/chatFlow.test.ts
Test Backend	Run tests	2025-11-22T17:54:08.4334166Z   â— Console
Test Backend	Run tests	2025-11-22T17:54:08.4334993Z 
Test Backend	Run tests	2025-11-22T17:54:08.4335415Z     console.log
Test Backend	Run tests	2025-11-22T17:54:08.4337082Z       2025-11-22 17:54:06 [[33MWARN[39M]: [RateLimit] Redis no disponible, usando memory store (no distribuido) {"service":"econeura-backend","environment":"test"}
Test Backend	Run tests	2025-11-22T17:54:08.4338263Z 
Test Backend	Run tests	2025-11-22T17:54:08.4338947Z       at Console.log (../../node_modules/winston/lib/winston/transports/console.js:87:23)
Test Backend	Run tests	2025-11-22T17:54:08.4342911Z 
Test Backend	Run tests	2025-11-22T17:54:08.4343123Z     console.log
Test Backend	Run tests	2025-11-22T17:54:08.4344786Z       2025-11-22 17:54:07 [[33MWARN[39M]: [AzureBlobAdapter] AZURE_STORAGE_CONNECTION_STRING no configurado, usando almacenamiento local {"service":"econeura-backend","environment":"test"}
Test Backend	Run tests	2025-11-22T17:54:08.4345883Z 
Test Backend	Run tests	2025-11-22T17:54:08.4346403Z       at Console.log (../../node_modules/winston/lib/winston/transports/console.js:87:23)
Test Backend	Run tests	2025-11-22T17:54:08.4346997Z 
Test Backend	Run tests	2025-11-22T17:54:08.4347147Z     console.log
Test Backend	Run tests	2025-11-22T17:54:08.4348567Z       2025-11-22 17:54:07 [[33MWARN[39M]: [UserRateLimiter] Redis no disponible, usando memory store (no distribuido) {"service":"econeura-backend","environment":"test"}
Test Backend	Run tests	2025-11-22T17:54:08.4349520Z 
Test Backend	Run tests	2025-11-22T17:54:08.4350040Z       at Console.log (../../node_modules/winston/lib/winston/transports/console.js:87:23)
Test Backend	Run tests	2025-11-22T17:54:08.4350849Z 
Test Backend	Run tests	2025-11-22T17:54:08.4351022Z     console.log
Test Backend	Run tests	2025-11-22T17:54:08.4352535Z       2025-11-22 17:54:08 [[33MWARN[39M]: [WebhookRateLimit] Redis no disponible, usando memory store (no distribuido) {"service":"econeura-backend","environment":"test"}
Test Backend	Run tests	2025-11-22T17:54:08.4353469Z 
Test Backend	Run tests	2025-11-22T17:54:08.4353994Z       at Console.log (../../node_modules/winston/lib/winston/transports/console.js:87:23)
Test Backend	Run tests	2025-11-22T17:54:08.4354543Z 
Test Backend	Run tests	2025-11-22T17:54:08.4361993Z   â— Chat Flow - Tests Automatizados â€º Health Check â€º debe responder 200 en /api/health
Test Backend	Run tests	2025-11-22T17:54:08.4363030Z 
Test Backend	Run tests	2025-11-22T17:54:08.4364902Z     TypeError: Missing parameter name at index 1: *; visit https://git.new/pathToRegexpError for info
Test Backend	Run tests	2025-11-22T17:54:08.4365580Z 
Test Backend	Run tests	2025-11-22T17:54:08.4365890Z     [0m [90m 73 |[39m
Test Backend	Run tests	2025-11-22T17:54:08.4366572Z      [90m 74 |[39m   app[33m.[39muse(cors(corsOptions))[33m;[39m
Test Backend	Run tests	2025-11-22T17:54:08.4367616Z     [31m[1m>[22m[39m[90m 75 |[39m   app[33m.[39moptions([32m'*'[39m[33m,[39m cors(corsOptions))[33m;[39m
Test Backend	Run tests	2025-11-22T17:54:08.4368427Z      [90m    |[39m       [31m[1m^[22m[39m
Test Backend	Run tests	2025-11-22T17:54:08.4368913Z      [90m 76 |[39m
Test Backend	Run tests	2025-11-22T17:54:08.4369996Z      [90m 77 |[39m   [90m// âœ… CRÃTICO: NO procesar JSON/URL-encoded para rutas de upload (multer necesita multipart/form-data)[39m
Test Backend	Run tests	2025-11-22T17:54:08.4371435Z      [90m 78 |[39m   app[33m.[39muse((req[33m,[39m res[33m,[39m next) [33m=>[39m {[0m
Test Backend	Run tests	2025-11-22T17:54:08.4371907Z 
Test Backend	Run tests	2025-11-22T17:54:08.4372260Z       at name (../../node_modules/path-to-regexp/src/index.ts:225:13)
Test Backend	Run tests	2025-11-22T17:54:08.4373335Z       at parse (../../node_modules/path-to-regexp/src/index.ts:242:62)
Test Backend	Run tests	2025-11-22T17:54:08.4374371Z       at pathToRegexp (../../node_modules/path-to-regexp/src/index.ts:480:54)
Test Backend	Run tests	2025-11-22T17:54:08.4375250Z       at Object.match (../../node_modules/path-to-regexp/src/index.ts:438:28)
Test Backend	Run tests	2025-11-22T17:54:08.4376013Z       at matcher (../../node_modules/router/lib/layer.js:86:23)
Test Backend	Run tests	2025-11-22T17:54:08.4376738Z       at new Layer (../../node_modules/router/lib/layer.js:93:62)
Test Backend	Run tests	2025-11-22T17:54:08.4377472Z       at Function.route (../../node_modules/router/index.js:428:17)
Test Backend	Run tests	2025-11-22T17:54:08.4378286Z       at Function.route (../../node_modules/express/lib/application.js:257:22)
Test Backend	Run tests	2025-11-22T17:54:08.4379291Z       at Function.app.<computed> [as options] (../../node_modules/express/lib/application.js:478:22)
Test Backend	Run tests	2025-11-22T17:54:08.4380119Z       at createServer (src/api/http/server.ts:75:7)
Test Backend	Run tests	2025-11-22T17:54:08.4381002Z       at Object.<anonymous> (tests/integration/chatFlow.test.ts:15:29)
Test Backend	Run tests	2025-11-22T17:54:08.4381453Z 
Test Backend	Run tests	2025-11-22T17:54:08.4382183Z   â— Chat Flow - Tests Automatizados â€º Invoke API â€º debe aceptar request sin input (default greeting)
Test Backend	Run tests	2025-11-22T17:54:08.4382797Z 
Test Backend	Run tests	2025-11-22T17:54:08.4383384Z     TypeError: Missing parameter name at index 1: *; visit https://git.new/pathToRegexpError for info
Test Backend	Run tests	2025-11-22T17:54:08.4384033Z 
Test Backend	Run tests	2025-11-22T17:54:08.4384236Z     [0m [90m 73 |[39m
Test Backend	Run tests	2025-11-22T17:54:08.4384880Z      [90m 74 |[39m   app[33m.[39muse(cors(corsOptions))[33m;[39m
Test Backend	Run tests	2025-11-22T17:54:08.4385940Z     [31m[1m>[22m[39m[90m 75 |[39m   app[33m.[39moptions([32m'*'[39m[33m,[39m cors(corsOptions))[33m;[39m
Test Backend	Run tests	2025-11-22T17:54:08.4386771Z      [90m    |[39m       [31m[1m^[22m[39m
Test Backend	Run tests	2025-11-22T17:54:08.4387256Z      [90m 76 |[39m
Test Backend	Run tests	2025-11-22T17:54:08.4388309Z      [90m 77 |[39m   [90m// âœ… CRÃTICO: NO procesar JSON/URL-encoded para rutas de upload (multer necesita multipart/form-data)[39m
Test Backend	Run tests	2025-11-22T17:54:08.4389557Z      [90m 78 |[39m   app[33m.[39muse((req[33m,[39m res[33m,[39m next) [33m=>[39m {[0m
Test Backend	Run tests	2025-11-22T17:54:08.4390043Z 
Test Backend	Run tests	2025-11-22T17:54:08.4390408Z       at name (../../node_modules/path-to-regexp/src/index.ts:225:13)
Test Backend	Run tests	2025-11-22T17:54:08.4412359Z       at parse (../../node_modules/path-to-regexp/src/index.ts:242:62)
Test Backend	Run tests	2025-11-22T17:54:08.4413243Z       at pathToRegexp (../../node_modules/path-to-regexp/src/index.ts:480:54)
Test Backend	Run tests	2025-11-22T17:54:08.4414154Z       at Object.match (../../node_modules/path-to-regexp/src/index.ts:438:28)
Test Backend	Run tests	2025-11-22T17:54:08.4414940Z       at matcher (../../node_modules/router/lib/layer.js:86:23)
Test Backend	Run tests	2025-11-22T17:54:08.4415677Z       at new Layer (../../node_modules/router/lib/layer.js:93:62)
Test Backend	Run tests	2025-11-22T17:54:08.4416445Z       at Function.route (../../node_modules/router/index.js:428:17)
Test Backend	Run tests	2025-11-22T17:54:08.4417284Z       at Function.route (../../node_modules/express/lib/application.js:257:22)
Test Backend	Run tests	2025-11-22T17:54:08.4418306Z       at Function.app.<computed> [as options] (../../node_modules/express/lib/application.js:478:22)
Test Backend	Run tests	2025-11-22T17:54:08.4419199Z       at createServer (src/api/http/server.ts:75:7)
Test Backend	Run tests	2025-11-22T17:54:08.4419983Z       at Object.<anonymous> (tests/integration/chatFlow.test.ts:15:29)
Test Backend	Run tests	2025-11-22T17:54:08.4420451Z 
Test Backend	Run tests	2025-11-22T17:54:08.4421412Z   â— Chat Flow - Tests Automatizados â€º Invoke API â€º debe aceptar request con input vÃ¡lido
Test Backend	Run tests	2025-11-22T17:54:08.4422077Z 
Test Backend	Run tests	2025-11-22T17:54:08.4422679Z     TypeError: Missing parameter name at index 1: *; visit https://git.new/pathToRegexpError for info
Test Backend	Run tests	2025-11-22T17:54:08.4423310Z 
Test Backend	Run tests	2025-11-22T17:54:08.4423525Z     [0m [90m 73 |[39m
Test Backend	Run tests	2025-11-22T17:54:08.4424188Z      [90m 74 |[39m   app[33m.[39muse(cors(corsOptions))[33m;[39m
Test Backend	Run tests	2025-11-22T17:54:08.4425276Z     [31m[1m>[22m[39m[90m 75 |[39m   app[33m.[39moptions([32m'*'[39m[33m,[39m cors(corsOptions))[33m;[39m
Test Backend	Run tests	2025-11-22T17:54:08.4426126Z      [90m    |[39m       [31m[1m^[22m[39m
Test Backend	Run tests	2025-11-22T17:54:08.4426616Z      [90m 76 |[39m
Test Backend	Run tests	2025-11-22T17:54:08.4427714Z      [90m 77 |[39m   [90m// âœ… CRÃTICO: NO procesar JSON/URL-encoded para rutas de upload (multer necesita multipart/form-data)[39m
Test Backend	Run tests	2025-11-22T17:54:08.4429408Z      [90m 78 |[39m   app[33m.[39muse((req[33m,[39m res[33m,[39m next) [33m=>[39m {[0m
Test Backend	Run tests	2025-11-22T17:54:08.4429894Z 
Test Backend	Run tests	2025-11-22T17:54:08.4430236Z       at name (../../node_modules/path-to-regexp/src/index.ts:225:13)
Test Backend	Run tests	2025-11-22T17:54:08.4431171Z       at parse (../../node_modules/path-to-regexp/src/index.ts:242:62)
Test Backend	Run tests	2025-11-22T17:54:08.4431977Z       at pathToRegexp (../../node_modules/path-to-regexp/src/index.ts:480:54)
Test Backend	Run tests	2025-11-22T17:54:08.4432820Z       at Object.match (../../node_modules/path-to-regexp/src/index.ts:438:28)
Test Backend	Run tests	2025-11-22T17:54:08.4433569Z       at matcher (../../node_modules/router/lib/layer.js:86:23)
Test Backend	Run tests	2025-11-22T17:54:08.4434244Z       at new Layer (../../node_modules/router/lib/layer.js:93:62)
Test Backend	Run tests	2025-11-22T17:54:08.4434958Z       at Function.route (../../node_modules/router/index.js:428:17)
Test Backend	Run tests	2025-11-22T17:54:08.4435747Z       at Function.route (../../node_modules/express/lib/application.js:257:22)
Test Backend	Run tests	2025-11-22T17:54:08.4436749Z       at Function.app.<computed> [as options] (../../node_modules/express/lib/application.js:478:22)
Test Backend	Run tests	2025-11-22T17:54:08.4437580Z       at createServer (src/api/http/server.ts:75:7)
Test Backend	Run tests	2025-11-22T17:54:08.4438273Z       at Object.<anonymous> (tests/integration/chatFlow.test.ts:15:29)
Test Backend	Run tests	2025-11-22T17:54:08.4438720Z 
Test Backend	Run tests	2025-11-22T17:54:08.4439327Z   â— Chat Flow - Tests Automatizados â€º Upload API â€º debe rechazar request sin archivo
Test Backend	Run tests	2025-11-22T17:54:08.4439860Z 
Test Backend	Run tests	2025-11-22T17:54:08.4440435Z     TypeError: Missing parameter name at index 1: *; visit https://git.new/pathToRegexpError for info
Test Backend	Run tests	2025-11-22T17:54:08.4441240Z 
Test Backend	Run tests	2025-11-22T17:54:08.4441456Z     [0m [90m 73 |[39m
Test Backend	Run tests	2025-11-22T17:54:08.4442121Z      [90m 74 |[39m   app[33m.[39muse(cors(corsOptions))[33m;[39m
Test Backend	Run tests	2025-11-22T17:54:08.4443198Z     [31m[1m>[22m[39m[90m 75 |[39m   app[33m.[39moptions([32m'*'[39m[33m,[39m cors(corsOptions))[33m;[39m
Test Backend	Run tests	2025-11-22T17:54:08.4444067Z      [90m    |[39m       [31m[1m^[22m[39m
Test Backend	Run tests	2025-11-22T17:54:08.4444551Z      [90m 76 |[39m
Test Backend	Run tests	2025-11-22T17:54:08.4445640Z      [90m 77 |[39m   [90m// âœ… CRÃTICO: NO procesar JSON/URL-encoded para rutas de upload (multer necesita multipart/form-data)[39m
Test Backend	Run tests	2025-11-22T17:54:08.4446888Z      [90m 78 |[39m   app[33m.[39muse((req[33m,[39m res[33m,[39m next) [33m=>[39m {[0m
Test Backend	Run tests	2025-11-22T17:54:08.4447352Z 
Test Backend	Run tests	2025-11-22T17:54:08.4447696Z       at name (../../node_modules/path-to-regexp/src/index.ts:225:13)
Test Backend	Run tests	2025-11-22T17:54:08.4448441Z       at parse (../../node_modules/path-to-regexp/src/index.ts:242:62)
Test Backend	Run tests	2025-11-22T17:54:08.4449240Z       at pathToRegexp (../../node_modules/path-to-regexp/src/index.ts:480:54)
Test Backend	Run tests	2025-11-22T17:54:08.4450085Z       at Object.match (../../node_modules/path-to-regexp/src/index.ts:438:28)
Test Backend	Run tests	2025-11-22T17:54:08.4451049Z       at matcher (../../node_modules/router/lib/layer.js:86:23)
Test Backend	Run tests	2025-11-22T17:54:08.4451754Z       at new Layer (../../node_modules/router/lib/layer.js:93:62)
Test Backend	Run tests	2025-11-22T17:54:08.4452494Z       at Function.route (../../node_modules/router/index.js:428:17)
Test Backend	Run tests	2025-11-22T17:54:08.4453300Z       at Function.route (../../node_modules/express/lib/application.js:257:22)
Test Backend	Run tests	2025-11-22T17:54:08.4454291Z       at Function.app.<computed> [as options] (../../node_modules/express/lib/application.js:478:22)
Test Backend	Run tests	2025-11-22T17:54:08.4455145Z       at createServer (src/api/http/server.ts:75:7)
Test Backend	Run tests	2025-11-22T17:54:08.4455887Z       at Object.<anonymous> (tests/integration/chatFlow.test.ts:15:29)
Test Backend	Run tests	2025-11-22T17:54:08.4456344Z 
Test Backend	Run tests	2025-11-22T17:54:08.4457058Z   â— Chat Flow - Tests Automatizados â€º Upload API â€º debe aceptar subida de archivo vÃ¡lida
Test Backend	Run tests	2025-11-22T17:54:08.4457645Z 
Test Backend	Run tests	2025-11-22T17:54:08.4458261Z     TypeError: Missing parameter name at index 1: *; visit https://git.new/pathToRegexpError for info
Test Backend	Run tests	2025-11-22T17:54:08.4458911Z 
Test Backend	Run tests	2025-11-22T17:54:08.4459255Z     [0m [90m 73 |[39m
Test Backend	Run tests	2025-11-22T17:54:08.4459986Z      [90m 74 |[39m   app[33m.[39muse(cors(corsOptions))[33m;[39m
Test Backend	Run tests	2025-11-22T17:54:08.4461668Z     [31m[1m>[22m[39m[90m 75 |[39m   app[33m.[39moptions([32m'*'[39m[33m,[39m cors(corsOptions))[33m;[39m
Test Backend	Run tests	2025-11-22T17:54:08.4462884Z      [90m    |[39m       [31m[1m^[22m[39m
Test Backend	Run tests	2025-11-22T17:54:08.4463433Z      [90m 76 |[39m
Test Backend	Run tests	2025-11-22T17:54:08.4464582Z      [90m 77 |[39m   [90m// âœ… CRÃTICO: NO procesar JSON/URL-encoded para rutas de upload (multer necesita multipart/form-data)[39m
Test Backend	Run tests	2025-11-22T17:54:08.4465949Z      [90m 78 |[39m   app[33m.[39muse((req[33m,[39m res[33m,[39m next) [33m=>[39m {[0m
Test Backend	Run tests	2025-11-22T17:54:08.4466448Z 
Test Backend	Run tests	2025-11-22T17:54:08.4466822Z       at name (../../node_modules/path-to-regexp/src/index.ts:225:13)
Test Backend	Run tests	2025-11-22T17:54:08.4467603Z       at parse (../../node_modules/path-to-regexp/src/index.ts:242:62)
Test Backend	Run tests	2025-11-22T17:54:08.4468442Z       at pathToRegexp (../../node_modules/path-to-regexp/src/index.ts:480:54)
Test Backend	Run tests	2025-11-22T17:54:08.4469307Z       at Object.match (../../node_modules/path-to-regexp/src/index.ts:438:28)
Test Backend	Run tests	2025-11-22T17:54:08.4470046Z       at matcher (../../node_modules/router/lib/layer.js:86:23)
Test Backend	Run tests	2025-11-22T17:54:08.4470964Z       at new Layer (../../node_modules/router/lib/layer.js:93:62)
Test Backend	Run tests	2025-11-22T17:54:08.4471731Z       at Function.route (../../node_modules/router/index.js:428:17)
Test Backend	Run tests	2025-11-22T17:54:08.4472584Z       at Function.route (../../node_modules/express/lib/application.js:257:22)
Test Backend	Run tests	2025-11-22T17:54:08.4473614Z       at Function.app.<computed> [as options] (../../node_modules/express/lib/application.js:478:22)
Test Backend	Run tests	2025-11-22T17:54:08.4474435Z       at createServer (src/api/http/server.ts:75:7)
Test Backend	Run tests	2025-11-22T17:54:08.4475168Z       at Object.<anonymous> (tests/integration/chatFlow.test.ts:15:29)
Test Backend	Run tests	2025-11-22T17:54:08.4475629Z 
Test Backend	Run tests	2025-11-22T17:54:08.4475671Z 
Test Backend	Run tests	2025-11-22T17:54:08.4476740Z ReferenceError: You are trying to `import` a file after the Jest environment has been torn down. From tests/integration/conversationFlow.test.ts.
Test Backend	Run tests	2025-11-22T17:54:08.4477611Z 
Test Backend	Run tests	2025-11-22T17:54:08.4478263Z     [0m [90m 129 |[39m     [90m// ImportaciÃ³n lazy para evitar circular dependency[39m
Test Backend	Run tests	2025-11-22T17:54:08.4479011Z      [90m 130 |[39m
Test Backend	Run tests	2025-11-22T17:54:08.4480234Z     [31m[1m>[22m[39m[90m 131 |[39m     [36mconst[39m appInsights [33m=[39m require([32m'../infra/observability/applicationInsights'[39m)[33m;[39m
Test Backend	Run tests	2025-11-22T17:54:08.4481686Z      [90m     |[39m                         [31m[1m^[22m[39m
Test Backend	Run tests	2025-11-22T17:54:08.4482821Z      [90m 132 |[39m     [36mconst[39m client [33m=[39m appInsights[33m.[39mgetTelemetryClient()[33m;[39m
Test Backend	Run tests	2025-11-22T17:54:08.4483853Z      [90m 133 |[39m     [36mif[39m ([33m![39mclient) {
Test Backend	Run tests	2025-11-22T17:54:08.4484910Z      [90m 134 |[39m       [36mreturn[39m[33m;[39m [90m// Application Insights no disponible[39m[0m
Test Backend	Run tests	2025-11-22T17:54:08.4485472Z 
Test Backend	Run tests	2025-11-22T17:54:08.4485808Z       at logToAppInsights (src/shared/logger.ts:131:25)
Test Backend	Run tests	2025-11-22T17:54:08.4486484Z       at Object.info (src/shared/logger.ts:236:5)
Test Backend	Run tests	2025-11-22T17:54:08.4487228Z       at EventEmitter.<anonymous> (src/infra/cache/redisClient.ts:54:29)
Test Backend	Run tests	2025-11-22T17:54:08.4662687Z 
Test Backend	Run tests	2025-11-22T17:54:08.4667501Z ReferenceError: You are trying to `import` a file after the Jest environment has been torn down. From tests/integration/chatFlow.test.ts.
Test Backend	Run tests	2025-11-22T17:54:08.4669792Z 
Test Backend	Run tests	2025-11-22T17:54:08.4672005Z     [0m [90m 129 |[39m     [90m// ImportaciÃ³n lazy para evitar circular dependency[39m
Test Backend	Run tests	2025-11-22T17:54:08.4681800Z      [90m 130 |[39m
Test Backend	Run tests	2025-11-22T17:54:08.4683082Z     [31m[1m>[22m[39m[90m 131 |[39m     [36mconst[39m appInsights [33m=[39m require([32m'../infra/observability/applicationInsights'[39m)[33m;[39m
Test Backend	Run tests	2025-11-22T17:54:08.4684311Z      [90m     |[39m                         [31m[1m^[22m[39m
Test Backend	Run tests	2025-11-22T17:54:08.4685432Z      [90m 132 |[39m     [36mconst[39m client [33m=[39m appInsights[33m.[39mgetTelemetryClient()[33m;[39m
Test Backend	Run tests	2025-11-22T17:54:08.4686429Z      [90m 133 |[39m     [36mif[39m ([33m![39mclient) {
Test Backend	Run tests	2025-11-22T17:54:08.4687462Z      [90m 134 |[39m       [36mreturn[39m[33m;[39m [90m// Application Insights no disponible[39m[0m
Test Backend	Run tests	2025-11-22T17:54:08.4688332Z 
Test Backend	Run tests	2025-11-22T17:54:08.4688664Z       at logToAppInsights (src/shared/logger.ts:131:25)
Test Backend	Run tests	2025-11-22T17:54:08.4689567Z       at Object.info (src/shared/logger.ts:236:5)
Test Backend	Run tests	2025-11-22T17:54:08.4690338Z       at EventEmitter.<anonymous> (src/infra/cache/redisClient.ts:54:29)
Test Backend	Run tests	2025-11-22T17:54:08.5529437Z PASS tests/unit/rbacMiddleware.test.ts
Test Backend	Run tests	2025-11-22T17:54:08.6894389Z PASS tests/unit/conversationProjection.test.ts
Test Backend	Run tests	2025-11-22T17:54:08.8131921Z PASS tests/unit/automationAgentsRegistry.test.ts
Test Backend	Run tests	2025-11-22T17:54:08.8798824Z FAIL tests/integration/automationFlow.test.ts
Test Backend	Run tests	2025-11-22T17:54:08.8871684Z   â— Console
Test Backend	Run tests	2025-11-22T17:54:08.8871911Z 
Test Backend	Run tests	2025-11-22T17:54:08.8872047Z     console.log
Test Backend	Run tests	2025-11-22T17:54:08.8873410Z       2025-11-22 17:54:08 [[33MWARN[39M]: [RateLimit] Redis no disponible, usando memory store (no distribuido) {"service":"econeura-backend","environment":"test"}
Test Backend	Run tests	2025-11-22T17:54:08.8874263Z 
Test Backend	Run tests	2025-11-22T17:54:08.8874796Z       at Console.log (../../node_modules/winston/lib/winston/transports/console.js:87:23)
Test Backend	Run tests	2025-11-22T17:54:08.8875347Z 
Test Backend	Run tests	2025-11-22T17:54:08.8875532Z     console.log
Test Backend	Run tests	2025-11-22T17:54:08.8877181Z       2025-11-22 17:54:08 [[33MWARN[39M]: [AzureBlobAdapter] AZURE_STORAGE_CONNECTION_STRING no configurado, usando almacenamiento local {"service":"econeura-backend","environment":"test"}
Test Backend	Run tests	2025-11-22T17:54:08.8878251Z 
Test Backend	Run tests	2025-11-22T17:54:08.8878771Z       at Console.log (../../node_modules/winston/lib/winston/transports/console.js:87:23)
Test Backend	Run tests	2025-11-22T17:54:08.8879325Z 
Test Backend	Run tests	2025-11-22T17:54:08.8879472Z     console.log
Test Backend	Run tests	2025-11-22T17:54:08.8881066Z       2025-11-22 17:54:08 [[33MWARN[39M]: [UserRateLimiter] Redis no disponible, usando memory store (no distribuido) {"service":"econeura-backend","environment":"test"}
Test Backend	Run tests	2025-11-22T17:54:08.8882013Z 
Test Backend	Run tests	2025-11-22T17:54:08.8882499Z       at Console.log (../../node_modules/winston/lib/winston/transports/console.js:87:23)
Test Backend	Run tests	2025-11-22T17:54:08.8883034Z 
Test Backend	Run tests	2025-11-22T17:54:08.8883183Z     console.log
Test Backend	Run tests	2025-11-22T17:54:08.8884640Z       2025-11-22 17:54:08 [[33MWARN[39M]: [WebhookRateLimit] Redis no disponible, usando memory store (no distribuido) {"service":"econeura-backend","environment":"test"}
Test Backend	Run tests	2025-11-22T17:54:08.8885613Z 
Test Backend	Run tests	2025-11-22T17:54:08.8886131Z       at Console.log (../../node_modules/winston/lib/winston/transports/console.js:87:23)
Test Backend	Run tests	2025-11-22T17:54:08.8886677Z 
Test Backend	Run tests	2025-11-22T17:54:08.8887256Z   â— Automation Flow Integration â€º should execute agent via API
Test Backend	Run tests	2025-11-22T17:54:08.8887699Z 
Test Backend	Run tests	2025-11-22T17:54:08.8888321Z     TypeError: Missing parameter name at index 1: *; visit https://git.new/pathToRegexpError for info
Test Backend	Run tests	2025-11-22T17:54:08.8888957Z 
Test Backend	Run tests	2025-11-22T17:54:08.8889219Z     [0m [90m 73 |[39m
Test Backend	Run tests	2025-11-22T17:54:08.8889922Z      [90m 74 |[39m   app[33m.[39muse(cors(corsOptions))[33m;[39m
Test Backend	Run tests	2025-11-22T17:54:08.8891517Z     [31m[1m>[22m[39m[90m 75 |[39m   app[33m.[39moptions([32m'*'[39m[33m,[39m cors(corsOptions))[33m;[39m
Test Backend	Run tests	2025-11-22T17:54:08.8892477Z      [90m    |[39m       [31m[1m^[22m[39m
Test Backend	Run tests	2025-11-22T17:54:08.8893053Z      [90m 76 |[39m
Test Backend	Run tests	2025-11-22T17:54:08.8894204Z      [90m 77 |[39m   [90m// âœ… CRÃTICO: NO procesar JSON/URL-encoded para rutas de upload (multer necesita multipart/form-data)[39m
Test Backend	Run tests	2025-11-22T17:54:08.8895521Z      [90m 78 |[39m   app[33m.[39muse((req[33m,[39m res[33m,[39m next) [33m=>[39m {[0m
Test Backend	Run tests	2025-11-22T17:54:08.8895978Z 
Test Backend	Run tests	2025-11-22T17:54:08.8896326Z       at name (../../node_modules/path-to-regexp/src/index.ts:225:13)
Test Backend	Run tests	2025-11-22T17:54:08.8897075Z       at parse (../../node_modules/path-to-regexp/src/index.ts:242:62)
Test Backend	Run tests	2025-11-22T17:54:08.8897821Z       at pathToRegexp (../../node_modules/path-to-regexp/src/index.ts:480:54)
Test Backend	Run tests	2025-11-22T17:54:08.8898626Z       at Object.match (../../node_modules/path-to-regexp/src/index.ts:438:28)
Test Backend	Run tests	2025-11-22T17:54:08.8899343Z       at matcher (../../node_modules/router/lib/layer.js:86:23)
Test Backend	Run tests	2025-11-22T17:54:08.8899957Z       at new Layer (../../node_modules/router/lib/layer.js:93:62)
Test Backend	Run tests	2025-11-22T17:54:08.8901235Z       at Function.route (../../node_modules/router/index.js:428:17)
Test Backend	Run tests	2025-11-22T17:54:08.8902005Z       at Function.route (../../node_modules/express/lib/application.js:257:22)
Test Backend	Run tests	2025-11-22T17:54:08.8903247Z       at Function.app.<computed> [as options] (../../node_modules/express/lib/application.js:478:22)
Test Backend	Run tests	2025-11-22T17:54:08.8904086Z       at createServer (src/api/http/server.ts:75:7)
Test Backend	Run tests	2025-11-22T17:54:08.8904846Z       at Object.<anonymous> (tests/integration/automationFlow.test.ts:15:29)
Test Backend	Run tests	2025-11-22T17:54:08.8905350Z 
Test Backend	Run tests	2025-11-22T17:54:08.8905866Z   â— Automation Flow Integration â€º should list available agents
Test Backend	Run tests	2025-11-22T17:54:08.8906313Z 
Test Backend	Run tests	2025-11-22T17:54:08.8906909Z     TypeError: Missing parameter name at index 1: *; visit https://git.new/pathToRegexpError for info
Test Backend	Run tests	2025-11-22T17:54:08.8907540Z 
Test Backend	Run tests	2025-11-22T17:54:08.8907779Z     [0m [90m 73 |[39m
Test Backend	Run tests	2025-11-22T17:54:08.8908407Z      [90m 74 |[39m   app[33m.[39muse(cors(corsOptions))[33m;[39m
Test Backend	Run tests	2025-11-22T17:54:08.8909451Z     [31m[1m>[22m[39m[90m 75 |[39m   app[33m.[39moptions([32m'*'[39m[33m,[39m cors(corsOptions))[33m;[39m
Test Backend	Run tests	2025-11-22T17:54:08.8910261Z      [90m    |[39m       [31m[1m^[22m[39m
Test Backend	Run tests	2025-11-22T17:54:08.8910991Z      [90m 76 |[39m
Test Backend	Run tests	2025-11-22T17:54:08.8912124Z      [90m 77 |[39m   [90m// âœ… CRÃTICO: NO procesar JSON/URL-encoded para rutas de upload (multer necesita multipart/form-data)[39m
Test Backend	Run tests	2025-11-22T17:54:08.8913431Z      [90m 78 |[39m   app[33m.[39muse((req[33m,[39m res[33m,[39m next) [33m=>[39m {[0m
Test Backend	Run tests	2025-11-22T17:54:08.8913905Z 
Test Backend	Run tests	2025-11-22T17:54:08.8914243Z       at name (../../node_modules/path-to-regexp/src/index.ts:225:13)
Test Backend	Run tests	2025-11-22T17:54:08.8914963Z       at parse (../../node_modules/path-to-regexp/src/index.ts:242:62)
Test Backend	Run tests	2025-11-22T17:54:08.8915733Z       at pathToRegexp (../../node_modules/path-to-regexp/src/index.ts:480:54)
Test Backend	Run tests	2025-11-22T17:54:08.8916543Z       at Object.match (../../node_modules/path-to-regexp/src/index.ts:438:28)
Test Backend	Run tests	2025-11-22T17:54:08.8917239Z       at matcher (../../node_modules/router/lib/layer.js:86:23)
Test Backend	Run tests	2025-11-22T17:54:08.8917905Z       at new Layer (../../node_modules/router/lib/layer.js:93:62)
Test Backend	Run tests	2025-11-22T17:54:08.8918615Z       at Function.route (../../node_modules/router/index.js:428:17)
Test Backend	Run tests	2025-11-22T17:54:08.8919389Z       at Function.route (../../node_modules/express/lib/application.js:257:22)
Test Backend	Run tests	2025-11-22T17:54:08.8920359Z       at Function.app.<computed> [as options] (../../node_modules/express/lib/application.js:478:22)
Test Backend	Run tests	2025-11-22T17:54:08.8921385Z       at createServer (src/api/http/server.ts:75:7)
Test Backend	Run tests	2025-11-22T17:54:08.8922116Z       at Object.<anonymous> (tests/integration/automationFlow.test.ts:15:29)
Test Backend	Run tests	2025-11-22T17:54:08.8922566Z 
Test Backend	Run tests	2025-11-22T17:54:08.8923024Z   â— Automation Flow Integration â€º should get agent details
Test Backend	Run tests	2025-11-22T17:54:08.8923426Z 
Test Backend	Run tests	2025-11-22T17:54:08.8923977Z     TypeError: Missing parameter name at index 1: *; visit https://git.new/pathToRegexpError for info
Test Backend	Run tests	2025-11-22T17:54:08.8924567Z 
Test Backend	Run tests	2025-11-22T17:54:08.8924794Z     [0m [90m 73 |[39m
Test Backend	Run tests	2025-11-22T17:54:08.8925449Z      [90m 74 |[39m   app[33m.[39muse(cors(corsOptions))[33m;[39m
Test Backend	Run tests	2025-11-22T17:54:08.8926471Z     [31m[1m>[22m[39m[90m 75 |[39m   app[33m.[39moptions([32m'*'[39m[33m,[39m cors(corsOptions))[33m;[39m
Test Backend	Run tests	2025-11-22T17:54:08.8927360Z      [90m    |[39m       [31m[1m^[22m[39m
Test Backend	Run tests	2025-11-22T17:54:08.8927848Z      [90m 76 |[39m
Test Backend	Run tests	2025-11-22T17:54:08.8928882Z      [90m 77 |[39m   [90m// âœ… CRÃTICO: NO procesar JSON/URL-encoded para rutas de upload (multer necesita multipart/form-data)[39m
Test Backend	Run tests	2025-11-22T17:54:08.8930109Z      [90m 78 |[39m   app[33m.[39muse((req[33m,[39m res[33m,[39m next) [33m=>[39m {[0m
Test Backend	Run tests	2025-11-22T17:54:08.8930877Z 
Test Backend	Run tests	2025-11-22T17:54:08.8931241Z       at name (../../node_modules/path-to-regexp/src/index.ts:225:13)
Test Backend	Run tests	2025-11-22T17:54:08.8932004Z       at parse (../../node_modules/path-to-regexp/src/index.ts:242:62)
Test Backend	Run tests	2025-11-22T17:54:08.8932806Z       at pathToRegexp (../../node_modules/path-to-regexp/src/index.ts:480:54)
Test Backend	Run tests	2025-11-22T17:54:08.8933626Z       at Object.match (../../node_modules/path-to-regexp/src/index.ts:438:28)
Test Backend	Run tests	2025-11-22T17:54:08.8934672Z       at matcher (../../node_modules/router/lib/layer.js:86:23)
Test Backend	Run tests	2025-11-22T17:54:08.8935602Z       at new Layer (../../node_modules/router/lib/layer.js:93:62)
Test Backend	Run tests	2025-11-22T17:54:08.8936294Z       at Function.route (../../node_modules/router/index.js:428:17)
Test Backend	Run tests	2025-11-22T17:54:08.8937067Z       at Function.route (../../node_modules/express/lib/application.js:257:22)
Test Backend	Run tests	2025-11-22T17:54:08.8938027Z       at Function.app.<computed> [as options] (../../node_modules/express/lib/application.js:478:22)
Test Backend	Run tests	2025-11-22T17:54:08.8938871Z       at createServer (src/api/http/server.ts:75:7)
Test Backend	Run tests	2025-11-22T17:54:08.8939637Z       at Object.<anonymous> (tests/integration/automationFlow.test.ts:15:29)
Test Backend	Run tests	2025-11-22T17:54:08.8940131Z 
Test Backend	Run tests	2025-11-22T17:54:08.9081190Z 
Test Backend	Run tests	2025-11-22T17:54:08.9082914Z ReferenceError: You are trying to `import` a file after the Jest environment has been torn down. From tests/integration/automationFlow.test.ts.
Test Backend	Run tests	2025-11-22T17:54:08.9084025Z 
Test Backend	Run tests	2025-11-22T17:54:08.9084859Z     [0m [90m 129 |[39m     [90m// ImportaciÃ³n lazy para evitar circular dependency[39m
Test Backend	Run tests	2025-11-22T17:54:08.9085691Z      [90m 130 |[39m
Test Backend	Run tests	2025-11-22T17:54:08.9087072Z     [31m[1m>[22m[39m[90m 131 |[39m     [36mconst[39m appInsights [33m=[39m require([32m'../infra/observability/applicationInsights'[39m)[33m;[39m
Test Backend	Run tests	2025-11-22T17:54:08.9088522Z      [90m     |[39m                         [31m[1m^[22m[39m
Test Backend	Run tests	2025-11-22T17:54:08.9089780Z      [90m 132 |[39m     [36mconst[39m client [33m=[39m appInsights[33m.[39mgetTelemetryClient()[33m;[39m
Test Backend	Run tests	2025-11-22T17:54:08.9091188Z      [90m 133 |[39m     [36mif[39m ([33m![39mclient) {
Test Backend	Run tests	2025-11-22T17:54:08.9092408Z      [90m 134 |[39m       [36mreturn[39m[33m;[39m [90m// Application Insights no disponible[39m[0m
Test Backend	Run tests	2025-11-22T17:54:08.9093118Z 
Test Backend	Run tests	2025-11-22T17:54:08.9093546Z       at logToAppInsights (src/shared/logger.ts:131:25)
Test Backend	Run tests	2025-11-22T17:54:08.9094368Z       at Object.info (src/shared/logger.ts:236:5)
Test Backend	Run tests	2025-11-22T17:54:08.9095297Z       at EventEmitter.<anonymous> (src/infra/cache/redisClient.ts:51:14)
Test Backend	Run tests	2025-11-22T17:54:08.9534402Z PASS tests/unit/authMiddleware.test.ts
Test Backend	Run tests	2025-11-22T17:54:09.1398389Z PASS tests/unit/invokeLLMAgent.test.ts
Test Backend	Run tests	2025-11-22T17:54:09.1420983Z   â— Console
Test Backend	Run tests	2025-11-22T17:54:09.1421486Z 
Test Backend	Run tests	2025-11-22T17:54:09.1421774Z     console.log
Test Backend	Run tests	2025-11-22T17:54:09.1424066Z       2025-11-22 17:54:08 [[34MDEBUG[39M]: [LLM Cache] Respuesta guardada en memory cache {"service":"econeura-backend","environment":"test","agentId":"neura-ceo","cacheKey":"llm:response:fefec6f32d45487fd0db391dbad0eb0219ee174fabc3a3d647ef080bf8a6ed49","ttl":3600}
Test Backend	Run tests	2025-11-22T17:54:09.1425714Z 
Test Backend	Run tests	2025-11-22T17:54:09.1426325Z       at Console.log (../../node_modules/winston/lib/winston/transports/console.js:87:23)
Test Backend	Run tests	2025-11-22T17:54:09.1427011Z 
Test Backend	Run tests	2025-11-22T17:54:09.1427288Z     console.log
Test Backend	Run tests	2025-11-22T17:54:09.1428763Z       2025-11-22 17:54:09 [[31MERROR[39M] [te************on]: Error al invocar LLM {"service":"econeura-backend","environment":"test","agentId":"neura-ceo","error":"Fallo en LLM"}
Test Backend	Run tests	2025-11-22T17:54:09.1429814Z 
Test Backend	Run tests	2025-11-22T17:54:09.1430455Z       at Console.log (../../node_modules/winston/lib/winston/transports/console.js:87:23)
Test Backend	Run tests	2025-11-22T17:54:09.1431485Z 
Test Backend	Run tests	2025-11-22T17:54:09.5362048Z PASS tests/unit/OpenAIAdapter.test.ts
Test Backend	Run tests	2025-11-22T17:54:09.5382687Z   â— Console
Test Backend	Run tests	2025-11-22T17:54:09.5382984Z 
Test Backend	Run tests	2025-11-22T17:54:09.5383179Z     console.log
Test Backend	Run tests	2025-11-22T17:54:09.5384705Z       2025-11-22 17:54:09 [[32MINFO[39M]: [OpenAIAdapter] Configurado para Mammouth.ai {"service":"econeura-backend","environment":"test","baseURL":"https://api.mammouth.ai/v1"}
Test Backend	Run tests	2025-11-22T17:54:09.5385716Z 
Test Backend	Run tests	2025-11-22T17:54:09.5386236Z       at Console.log (../../node_modules/winston/lib/winston/transports/console.js:87:23)
Test Backend	Run tests	2025-11-22T17:54:09.5386803Z 
Test Backend	Run tests	2025-11-22T17:54:09.5468917Z PASS tests/unit/automationService.test.ts
Test Backend	Run tests	2025-11-22T17:54:09.5515346Z   â— Console
Test Backend	Run tests	2025-11-22T17:54:09.5515623Z 
Test Backend	Run tests	2025-11-22T17:54:09.5515781Z     console.log
Test Backend	Run tests	2025-11-22T17:54:09.5517861Z       2025-11-22 17:54:09 [[32MINFO[39M]: [AutomationService] Ejecutando agente {"service":"econeura-backend","environment":"test","agentId":"ceo-agenda-consejo","neuraKey":"ceo","provider":"make"}
Test Backend	Run tests	2025-11-22T17:54:09.5519123Z 
Test Backend	Run tests	2025-11-22T17:54:09.5519523Z       at Console.log (../../node_modules/winston/lib/winston/transports/console.js:87:23)
Test Backend	Run tests	2025-11-22T17:54:09.5520002Z 
Test Backend	Run tests	2025-11-22T17:54:09.5520131Z     console.log
Test Backend	Run tests	2025-11-22T17:54:09.5521783Z       2025-11-22 17:54:09 [[33MWARN[39M]: [AutomationService] Webhook no configurado, modo mock {"service":"econeura-backend","environment":"test","agentId":"ceo-agenda-consejo"}
Test Backend	Run tests	2025-11-22T17:54:09.5522793Z 
Test Backend	Run tests	2025-11-22T17:54:09.5523316Z       at Console.log (../../node_modules/winston/lib/winston/transports/console.js:87:23)
Test Backend	Run tests	2025-11-22T17:54:09.5523876Z 
Test Backend	Run tests	2025-11-22T17:54:09.5524033Z     console.log
Test Backend	Run tests	2025-11-22T17:54:09.5526504Z       2025-11-22T17:54:09.537Z [[32MINFO[39M]: [Audit] Event {"service":"econeura-backend","environment":"test","id":"5696fbe5-1b38-4387-942c-bf0404bd8e2d","action":"automation.execute","actor":null,"target":{"type":"automation-agent","id":"ceo-agenda-consejo"},"metadata":{"mode":"mock","provider":"make"}}
Test Backend	Run tests	2025-11-22T17:54:09.5528227Z 
Test Backend	Run tests	2025-11-22T17:54:09.5528685Z       at Console.log (../../node_modules/winston/lib/winston/transports/console.js:87:23)
Test Backend	Run tests	2025-11-22T17:54:09.5529189Z 
Test Backend	Run tests	2025-11-22T17:54:09.6428689Z PASS tests/unit/auditLoggerSink.test.ts
Test Backend	Run tests	2025-11-22T17:54:09.6805910Z PASS tests/unit/neuraCatalog.test.ts
Test Backend	Run tests	2025-11-22T17:54:09.7458490Z PASS tests/unit/llmAgentsRegistry.test.ts
Test Backend	Run tests	2025-11-22T17:54:10.0329225Z 
Test Backend	Run tests	2025-11-22T17:54:10.0332558Z ReferenceError: You are trying to `import` a file after the Jest environment has been torn down. From tests/unit/invokeLLMAgent.test.ts.
Test Backend	Run tests	2025-11-22T17:54:10.0367189Z 
Test Backend	Run tests	2025-11-22T17:54:10.0368145Z     [0m [90m 129 |[39m     [90m// ImportaciÃ³n lazy para evitar circular dependency[39m
Test Backend	Run tests	2025-11-22T17:54:10.0368950Z      [90m 130 |[39m
Test Backend	Run tests	2025-11-22T17:54:10.0370189Z     [31m[1m>[22m[39m[90m 131 |[39m     [36mconst[39m appInsights [33m=[39m require([32m'../infra/observability/applicationInsights'[39m)[33m;[39m
Test Backend	Run tests	2025-11-22T17:54:10.0372157Z      [90m     |[39m                         [31m[1m^[22m[39m
Test Backend	Run tests	2025-11-22T17:54:10.0373304Z      [90m 132 |[39m     [36mconst[39m client [33m=[39m appInsights[33m.[39mgetTelemetryClient()[33m;[39m
Test Backend	Run tests	2025-11-22T17:54:10.0374343Z      [90m 133 |[39m     [36mif[39m ([33m![39mclient) {
Test Backend	Run tests	2025-11-22T17:54:10.0375390Z      [90m 134 |[39m       [36mreturn[39m[33m;[39m [90m// Application Insights no disponible[39m[0m
Test Backend	Run tests	2025-11-22T17:54:10.0375943Z 
Test Backend	Run tests	2025-11-22T17:54:10.0376264Z       at logToAppInsights (src/shared/logger.ts:131:25)
Test Backend	Run tests	2025-11-22T17:54:10.0376912Z       at Object.info (src/shared/logger.ts:236:5)
Test Backend	Run tests	2025-11-22T17:54:10.0377664Z       at EventEmitter.<anonymous> (src/infra/cache/redisClient.ts:54:29)
Test Backend	Run tests	2025-11-22T17:54:10.0378437Z FAIL tests/integration/chatRoutes.test.ts
Test Backend	Run tests	2025-11-22T17:54:10.0433368Z   â— Console
Test Backend	Run tests	2025-11-22T17:54:10.0434193Z 
Test Backend	Run tests	2025-11-22T17:54:10.0434353Z     console.log
Test Backend	Run tests	2025-11-22T17:54:10.0435772Z       2025-11-22 17:54:09 [[33MWARN[39M]: [RateLimit] Redis no disponible, usando memory store (no distribuido) {"service":"econeura-backend","environment":"test"}
Test Backend	Run tests	2025-11-22T17:54:10.0436697Z 
Test Backend	Run tests	2025-11-22T17:54:10.0437219Z       at Console.log (../../node_modules/winston/lib/winston/transports/console.js:87:23)
Test Backend	Run tests	2025-11-22T17:54:10.0437779Z 
Test Backend	Run tests	2025-11-22T17:54:10.0437931Z     console.log
Test Backend	Run tests	2025-11-22T17:54:10.0439565Z       2025-11-22 17:54:09 [[33MWARN[39M]: [AzureBlobAdapter] AZURE_STORAGE_CONNECTION_STRING no configurado, usando almacenamiento local {"service":"econeura-backend","environment":"test"}
Test Backend	Run tests	2025-11-22T17:54:10.0440832Z 
Test Backend	Run tests	2025-11-22T17:54:10.0441329Z       at Console.log (../../node_modules/winston/lib/winston/transports/console.js:87:23)
Test Backend	Run tests	2025-11-22T17:54:10.0441844Z 
Test Backend	Run tests	2025-11-22T17:54:10.0441992Z     console.log
Test Backend	Run tests	2025-11-22T17:54:10.0443350Z       2025-11-22 17:54:09 [[33MWARN[39M]: [UserRateLimiter] Redis no disponible, usando memory store (no distribuido) {"service":"econeura-backend","environment":"test"}
Test Backend	Run tests	2025-11-22T17:54:10.0444628Z 
Test Backend	Run tests	2025-11-22T17:54:10.0445353Z       at Console.log (../../node_modules/winston/lib/winston/transports/console.js:87:23)
Test Backend	Run tests	2025-11-22T17:54:10.0445902Z 
Test Backend	Run tests	2025-11-22T17:54:10.0446048Z     console.log
Test Backend	Run tests	2025-11-22T17:54:10.0447461Z       2025-11-22 17:54:09 [[33MWARN[39M]: [WebhookRateLimit] Redis no disponible, usando memory store (no distribuido) {"service":"econeura-backend","environment":"test"}
Test Backend	Run tests	2025-11-22T17:54:10.0448366Z 
Test Backend	Run tests	2025-11-22T17:54:10.0448869Z       at Console.log (../../node_modules/winston/lib/winston/transports/console.js:87:23)
Test Backend	Run tests	2025-11-22T17:54:10.0449419Z 
Test Backend	Run tests	2025-11-22T17:54:10.0450305Z   â— IntegraciÃ³n HTTP: chat NEURA y Automation â€º debe rechazar ejecuciÃ³n de agente sin token (middleware auth)
Test Backend	Run tests	2025-11-22T17:54:10.0451228Z 
Test Backend	Run tests	2025-11-22T17:54:10.0451849Z     TypeError: Missing parameter name at index 1: *; visit https://git.new/pathToRegexpError for info
Test Backend	Run tests	2025-11-22T17:54:10.0452520Z 
Test Backend	Run tests	2025-11-22T17:54:10.0452756Z     [0m [90m 73 |[39m
Test Backend	Run tests	2025-11-22T17:54:10.0453436Z      [90m 74 |[39m   app[33m.[39muse(cors(corsOptions))[33m;[39m
Test Backend	Run tests	2025-11-22T17:54:10.0454557Z     [31m[1m>[22m[39m[90m 75 |[39m   app[33m.[39moptions([32m'*'[39m[33m,[39m cors(corsOptions))[33m;[39m
Test Backend	Run tests	2025-11-22T17:54:10.0455489Z      [90m    |[39m       [31m[1m^[22m[39m
Test Backend	Run tests	2025-11-22T17:54:10.0456030Z      [90m 76 |[39m
Test Backend	Run tests	2025-11-22T17:54:10.0457171Z      [90m 77 |[39m   [90m// âœ… CRÃTICO: NO procesar JSON/URL-encoded para rutas de upload (multer necesita multipart/form-data)[39m
Test Backend	Run tests	2025-11-22T17:54:10.0458542Z      [90m 78 |[39m   app[33m.[39muse((req[33m,[39m res[33m,[39m next) [33m=>[39m {[0m
Test Backend	Run tests	2025-11-22T17:54:10.0459048Z 
Test Backend	Run tests	2025-11-22T17:54:10.0459407Z       at name (../../node_modules/path-to-regexp/src/index.ts:225:13)
Test Backend	Run tests	2025-11-22T17:54:10.0460204Z       at parse (../../node_modules/path-to-regexp/src/index.ts:242:62)
Test Backend	Run tests	2025-11-22T17:54:10.0461304Z       at pathToRegexp (../../node_modules/path-to-regexp/src/index.ts:480:54)
Test Backend	Run tests	2025-11-22T17:54:10.0462212Z       at Object.match (../../node_modules/path-to-regexp/src/index.ts:438:28)
Test Backend	Run tests	2025-11-22T17:54:10.0463015Z       at matcher (../../node_modules/router/lib/layer.js:86:23)
Test Backend	Run tests	2025-11-22T17:54:10.0463756Z       at new Layer (../../node_modules/router/lib/layer.js:93:62)
Test Backend	Run tests	2025-11-22T17:54:10.0464547Z       at Function.route (../../node_modules/router/index.js:428:17)
Test Backend	Run tests	2025-11-22T17:54:10.0465405Z       at Function.route (../../node_modules/express/lib/application.js:257:22)
Test Backend	Run tests	2025-11-22T17:54:10.0466437Z       at Function.app.<computed> [as options] (../../node_modules/express/lib/application.js:478:22)
Test Backend	Run tests	2025-11-22T17:54:10.0467264Z       at createServer (src/api/http/server.ts:75:7)
Test Backend	Run tests	2025-11-22T17:54:10.0467978Z       at Object.<anonymous> (tests/integration/chatRoutes.test.ts:6:35)
Test Backend	Run tests	2025-11-22T17:54:10.0468450Z 
Test Backend	Run tests	2025-11-22T17:54:10.0471405Z   â— IntegraciÃ³n HTTP: chat NEURA y Automation â€º debe permitir chat NEURA con token dev y devolver resultado coherente (mock/real)
Test Backend	Run tests	2025-11-22T17:54:10.0472285Z 
Test Backend	Run tests	2025-11-22T17:54:10.0472924Z     TypeError: Missing parameter name at index 1: *; visit https://git.new/pathToRegexpError for info
Test Backend	Run tests	2025-11-22T17:54:10.0473610Z 
Test Backend	Run tests	2025-11-22T17:54:10.0473896Z     [0m [90m 73 |[39m
Test Backend	Run tests	2025-11-22T17:54:10.0476101Z      [90m 74 |[39m   app[33m.[39muse(cors(corsOptions))[33m;[39m
Test Backend	Run tests	2025-11-22T17:54:10.0477266Z     [31m[1m>[22m[39m[90m 75 |[39m   app[33m.[39moptions([32m'*'[39m[33m,[39m cors(corsOptions))[33m;[39m
Test Backend	Run tests	2025-11-22T17:54:10.0478204Z      [90m    |[39m       [31m[1m^[22m[39m
Test Backend	Run tests	2025-11-22T17:54:10.0478750Z      [90m 76 |[39m
Test Backend	Run tests	2025-11-22T17:54:10.0479902Z      [90m 77 |[39m   [90m// âœ… CRÃTICO: NO procesar JSON/URL-encoded para rutas de upload (multer necesita multipart/form-data)[39m
Test Backend	Run tests	2025-11-22T17:54:10.0481460Z      [90m 78 |[39m   app[33m.[39muse((req[33m,[39m res[33m,[39m next) [33m=>[39m {[0m
Test Backend	Run tests	2025-11-22T17:54:10.0481955Z 
Test Backend	Run tests	2025-11-22T17:54:10.0482315Z       at name (../../node_modules/path-to-regexp/src/index.ts:225:13)
Test Backend	Run tests	2025-11-22T17:54:10.0483367Z       at parse (../../node_modules/path-to-regexp/src/index.ts:242:62)
Test Backend	Run tests	2025-11-22T17:54:10.0484454Z       at pathToRegexp (../../node_modules/path-to-regexp/src/index.ts:480:54)
Test Backend	Run tests	2025-11-22T17:54:10.0485298Z       at Object.match (../../node_modules/path-to-regexp/src/index.ts:438:28)
Test Backend	Run tests	2025-11-22T17:54:10.0486062Z       at matcher (../../node_modules/router/lib/layer.js:86:23)
Test Backend	Run tests	2025-11-22T17:54:10.0486775Z       at new Layer (../../node_modules/router/lib/layer.js:93:62)
Test Backend	Run tests	2025-11-22T17:54:10.0487515Z       at Function.route (../../node_modules/router/index.js:428:17)
Test Backend	Run tests	2025-11-22T17:54:10.0488338Z       at Function.route (../../node_modules/express/lib/application.js:257:22)
Test Backend	Run tests	2025-11-22T17:54:10.0489363Z       at Function.app.<computed> [as options] (../../node_modules/express/lib/application.js:478:22)
Test Backend	Run tests	2025-11-22T17:54:10.0490198Z       at createServer (src/api/http/server.ts:75:7)
Test Backend	Run tests	2025-11-22T17:54:10.0491143Z       at Object.<anonymous> (tests/integration/chatRoutes.test.ts:16:35)
Test Backend	Run tests	2025-11-22T17:54:10.0491639Z 
Test Backend	Run tests	2025-11-22T17:54:10.0491652Z 
Test Backend	Run tests	2025-11-22T17:54:10.0492635Z ReferenceError: You are trying to `import` a file after the Jest environment has been torn down. From tests/integration/chatRoutes.test.ts.
Test Backend	Run tests	2025-11-22T17:54:10.0493496Z 
Test Backend	Run tests	2025-11-22T17:54:10.0494134Z     [0m [90m 129 |[39m     [90m// ImportaciÃ³n lazy para evitar circular dependency[39m
Test Backend	Run tests	2025-11-22T17:54:10.0494849Z      [90m 130 |[39m
Test Backend	Run tests	2025-11-22T17:54:10.0496079Z     [31m[1m>[22m[39m[90m 131 |[39m     [36mconst[39m appInsights [33m=[39m require([32m'../infra/observability/applicationInsights'[39m)[33m;[39m
Test Backend	Run tests	2025-11-22T17:54:10.0497320Z      [90m     |[39m                         [31m[1m^[22m[39m
Test Backend	Run tests	2025-11-22T17:54:10.0498411Z      [90m 132 |[39m     [36mconst[39m client [33m=[39m appInsights[33m.[39mgetTelemetryClient()[33m;[39m
Test Backend	Run tests	2025-11-22T17:54:10.0499401Z      [90m 133 |[39m     [36mif[39m ([33m![39mclient) {
Test Backend	Run tests	2025-11-22T17:54:10.0500360Z      [90m 134 |[39m       [36mreturn[39m[33m;[39m [90m// Application Insights no disponible[39m[0m
Test Backend	Run tests	2025-11-22T17:54:10.0501133Z 
Test Backend	Run tests	2025-11-22T17:54:10.0501467Z       at logToAppInsights (src/shared/logger.ts:131:25)
Test Backend	Run tests	2025-11-22T17:54:10.0502120Z       at Object.info (src/shared/logger.ts:236:5)
Test Backend	Run tests	2025-11-22T17:54:10.0502870Z       at EventEmitter.<anonymous> (src/infra/cache/redisClient.ts:54:29)
Test Backend	Run tests	2025-11-22T17:54:10.4241370Z FAIL tests/health.test.ts
Test Backend	Run tests	2025-11-22T17:54:10.4294784Z   â— Console
Test Backend	Run tests	2025-11-22T17:54:10.4295050Z 
Test Backend	Run tests	2025-11-22T17:54:10.4295189Z     console.log
Test Backend	Run tests	2025-11-22T17:54:10.4296512Z       2025-11-22 17:54:09 [[33MWARN[39M]: [RateLimit] Redis no disponible, usando memory store (no distribuido) {"service":"econeura-backend","environment":"test"}
Test Backend	Run tests	2025-11-22T17:54:10.4297393Z 
Test Backend	Run tests	2025-11-22T17:54:10.4297878Z       at Console.log (../../node_modules/winston/lib/winston/transports/console.js:87:23)
Test Backend	Run tests	2025-11-22T17:54:10.4298406Z 
Test Backend	Run tests	2025-11-22T17:54:10.4298573Z     console.log
Test Backend	Run tests	2025-11-22T17:54:10.4299878Z       2025-11-22 17:54:10 [[33MWARN[39M]: [AzureBlobAdapter] AZURE_STORAGE_CONNECTION_STRING no configurado, usando almacenamiento local {"service":"econeura-backend","environment":"test"}
Test Backend	Run tests	2025-11-22T17:54:10.4300711Z 
Test Backend	Run tests	2025-11-22T17:54:10.4301205Z       at Console.log (../../node_modules/winston/lib/winston/transports/console.js:87:23)
Test Backend	Run tests	2025-11-22T17:54:10.4301546Z 
Test Backend	Run tests	2025-11-22T17:54:10.4301629Z     console.log
Test Backend	Run tests	2025-11-22T17:54:10.4302419Z       2025-11-22 17:54:10 [[33MWARN[39M]: [UserRateLimiter] Redis no disponible, usando memory store (no distribuido) {"service":"econeura-backend","environment":"test"}
Test Backend	Run tests	2025-11-22T17:54:10.4302921Z 
Test Backend	Run tests	2025-11-22T17:54:10.4303180Z       at Console.log (../../node_modules/winston/lib/winston/transports/console.js:87:23)
Test Backend	Run tests	2025-11-22T17:54:10.4303468Z 
Test Backend	Run tests	2025-11-22T17:54:10.4303550Z     console.log
Test Backend	Run tests	2025-11-22T17:54:10.4304298Z       2025-11-22 17:54:10 [[33MWARN[39M]: [WebhookRateLimit] Redis no disponible, usando memory store (no distribuido) {"service":"econeura-backend","environment":"test"}
Test Backend	Run tests	2025-11-22T17:54:10.4305071Z 
Test Backend	Run tests	2025-11-22T17:54:10.4305325Z       at Console.log (../../node_modules/winston/lib/winston/transports/console.js:87:23)
Test Backend	Run tests	2025-11-22T17:54:10.4305759Z 
Test Backend	Run tests	2025-11-22T17:54:10.4305966Z   â— GET /health â€º debe devolver 200 y status ok
Test Backend	Run tests	2025-11-22T17:54:10.4306157Z 
Test Backend	Run tests	2025-11-22T17:54:10.4306483Z     TypeError: Missing parameter name at index 1: *; visit https://git.new/pathToRegexpError for info
Test Backend	Run tests	2025-11-22T17:54:10.4306834Z 
Test Backend	Run tests	2025-11-22T17:54:10.4306947Z     [0m [90m 73 |[39m
Test Backend	Run tests	2025-11-22T17:54:10.4307317Z      [90m 74 |[39m   app[33m.[39muse(cors(corsOptions))[33m;[39m
Test Backend	Run tests	2025-11-22T17:54:10.4307898Z     [31m[1m>[22m[39m[90m 75 |[39m   app[33m.[39moptions([32m'*'[39m[33m,[39m cors(corsOptions))[33m;[39m
Test Backend	Run tests	2025-11-22T17:54:10.4308357Z      [90m    |[39m       [31m[1m^[22m[39m
Test Backend	Run tests	2025-11-22T17:54:10.4308623Z      [90m 76 |[39m
Test Backend	Run tests	2025-11-22T17:54:10.4309259Z      [90m 77 |[39m   [90m// âœ… CRÃTICO: NO procesar JSON/URL-encoded para rutas de upload (multer necesita multipart/form-data)[39m
Test Backend	Run tests	2025-11-22T17:54:10.4310404Z      [90m 78 |[39m   app[33m.[39muse((req[33m,[39m res[33m,[39m next) [33m=>[39m {[0m
Test Backend	Run tests	2025-11-22T17:54:10.4311177Z 
Test Backend	Run tests	2025-11-22T17:54:10.4311460Z       at name (../../node_modules/path-to-regexp/src/index.ts:225:13)
Test Backend	Run tests	2025-11-22T17:54:10.4311908Z       at parse (../../node_modules/path-to-regexp/src/index.ts:242:62)
Test Backend	Run tests	2025-11-22T17:54:10.4312358Z       at pathToRegexp (../../node_modules/path-to-regexp/src/index.ts:480:54)
Test Backend	Run tests	2025-11-22T17:54:10.4312819Z       at Object.match (../../node_modules/path-to-regexp/src/index.ts:438:28)
Test Backend	Run tests	2025-11-22T17:54:10.4313238Z       at matcher (../../node_modules/router/lib/layer.js:86:23)
Test Backend	Run tests	2025-11-22T17:54:10.4313624Z       at new Layer (../../node_modules/router/lib/layer.js:93:62)
Test Backend	Run tests	2025-11-22T17:54:10.4314034Z       at Function.route (../../node_modules/router/index.js:428:17)
Test Backend	Run tests	2025-11-22T17:54:10.4314479Z       at Function.route (../../node_modules/express/lib/application.js:257:22)
Test Backend	Run tests	2025-11-22T17:54:10.4315023Z       at Function.app.<computed> [as options] (../../node_modules/express/lib/application.js:478:22)
Test Backend	Run tests	2025-11-22T17:54:10.4315490Z       at createServer (src/api/http/server.ts:75:7)
Test Backend	Run tests	2025-11-22T17:54:10.4315838Z       at Object.<anonymous> (tests/health.test.ts:6:35)
Test Backend	Run tests	2025-11-22T17:54:10.4316039Z 
Test Backend	Run tests	2025-11-22T17:54:10.4367541Z 
Test Backend	Run tests	2025-11-22T17:54:10.4368479Z ReferenceError: You are trying to `import` a file after the Jest environment has been torn down. From tests/health.test.ts.
Test Backend	Run tests	2025-11-22T17:54:10.4369225Z 
Test Backend	Run tests	2025-11-22T17:54:10.4369886Z     [0m [90m 129 |[39m     [90m// ImportaciÃ³n lazy para evitar circular dependency[39m
Test Backend	Run tests	2025-11-22T17:54:10.4370812Z      [90m 130 |[39m
Test Backend	Run tests	2025-11-22T17:54:10.4372055Z     [31m[1m>[22m[39m[90m 131 |[39m     [36mconst[39m appInsights [33m=[39m require([32m'../infra/observability/applicationInsights'[39m)[33m;[39m
Test Backend	Run tests	2025-11-22T17:54:10.4373224Z      [90m     |[39m                         [31m[1m^[22m[39m
Test Backend	Run tests	2025-11-22T17:54:10.4374275Z      [90m 132 |[39m     [36mconst[39m client [33m=[39m appInsights[33m.[39mgetTelemetryClient()[33m;[39m
Test Backend	Run tests	2025-11-22T17:54:10.4375231Z      [90m 133 |[39m     [36mif[39m ([33m![39mclient) {
Test Backend	Run tests	2025-11-22T17:54:10.4375990Z      [90m 134 |[39m       [36mreturn[39m[33m;[39m [90m// Application Insights no disponible[39m[0m
Test Backend	Run tests	2025-11-22T17:54:10.4376288Z 
Test Backend	Run tests	2025-11-22T17:54:10.4376466Z       at logToAppInsights (src/shared/logger.ts:131:25)
Test Backend	Run tests	2025-11-22T17:54:10.4377044Z       at Object.info (src/shared/logger.ts:236:5)
Test Backend	Run tests	2025-11-22T17:54:10.4377780Z       at EventEmitter.<anonymous> (src/infra/cache/redisClient.ts:54:29)
Test Backend	Run tests	2025-11-22T17:54:10.9701275Z A worker process has failed to exit gracefully and has been force exited. This is likely caused by tests leaking due to improper teardown. Try running with --detectOpenHandles to find leaks. Active timers can also cause this, ensure that .unref() was called on them.
Test Backend	Run tests	2025-11-22T17:54:10.9715757Z Test Suites: 5 failed, 12 passed, 17 total
Test Backend	Run tests	2025-11-22T17:54:10.9716405Z Tests:       13 failed, 27 passed, 40 total
Test Backend	Run tests	2025-11-22T17:54:10.9717397Z Snapshots:   0 total
Test Backend	Run tests	2025-11-22T17:54:10.9717788Z Time:        6.823 s
Test Backend	Run tests	2025-11-22T17:54:10.9718168Z Ran all test suites.
Test Backend	Run tests	2025-11-22T17:54:10.9837171Z npm error Lifecycle script `test` failed with error:
Test Backend	Run tests	2025-11-22T17:54:10.9842761Z npm error code 1
Test Backend	Run tests	2025-11-22T17:54:10.9844473Z npm error path /home/runner/work/ECONEURA/ECONEURA/packages/backend
Test Backend	Run tests	2025-11-22T17:54:10.9845301Z npm error workspace @econeura/backend@1.0.0
Test Backend	Run tests	2025-11-22T17:54:10.9846176Z npm error location /home/runner/work/ECONEURA/ECONEURA/packages/backend
Test Backend	Run tests	2025-11-22T17:54:10.9846883Z npm error command failed
Test Backend	Run tests	2025-11-22T17:54:10.9847346Z npm error command sh -c jest
Test Backend	Run tests	2025-11-22T17:54:10.9972891Z ##[error]Process completed with exit code 1.
Test Backend	Post Checkout	ï»¿2025-11-22T17:54:11.0049752Z Post job cleanup.
Test Backend	Post Checkout	2025-11-22T17:54:11.0806166Z [command]/usr/bin/git version
Test Backend	Post Checkout	2025-11-22T17:54:11.0841091Z git version 2.51.2
Test Backend	Post Checkout	2025-11-22T17:54:11.0877860Z Temporarily overriding HOME='/home/runner/work/_temp/db7e1a30-d8bf-48b5-88aa-b9933dd0c95c' before making global git config changes
Test Backend	Post Checkout	2025-11-22T17:54:11.0878764Z Adding repository directory to the temporary git global config as a safe directory
Test Backend	Post Checkout	2025-11-22T17:54:11.0883315Z [command]/usr/bin/git config --global --add safe.directory /home/runner/work/ECONEURA/ECONEURA
Test Backend	Post Checkout	2025-11-22T17:54:11.0911954Z Removing SSH command configuration
Test Backend	Post Checkout	2025-11-22T17:54:11.0918492Z [command]/usr/bin/git config --local --name-only --get-regexp core\.sshCommand
Test Backend	Post Checkout	2025-11-22T17:54:11.0950774Z [command]/usr/bin/git submodule foreach --recursive sh -c "git config --local --name-only --get-regexp 'core\.sshCommand' && git config --local --unset-all 'core.sshCommand' || :"
Test Backend	Post Checkout	2025-11-22T17:54:11.1168899Z Removing HTTP extra header
Test Backend	Post Checkout	2025-11-22T17:54:11.1173398Z [command]/usr/bin/git config --local --name-only --get-regexp http\.https\:\/\/github\.com\/\.extraheader
Test Backend	Post Checkout	2025-11-22T17:54:11.1227055Z [command]/usr/bin/git submodule foreach --recursive sh -c "git config --local --name-only --get-regexp 'http\.https\:\/\/github\.com\/\.extraheader' && git config --local --unset-all 'http.https://github.com/.extraheader' || :"
Test Backend	Post Checkout	2025-11-22T17:54:11.1436885Z Removing includeIf entries pointing to credentials config files
Test Backend	Post Checkout	2025-11-22T17:54:11.1442930Z [command]/usr/bin/git config --local --name-only --get-regexp ^includeIf\.gitdir:
Test Backend	Post Checkout	2025-11-22T17:54:11.1464338Z includeif.gitdir:/home/runner/work/ECONEURA/ECONEURA/.git.path
Test Backend	Post Checkout	2025-11-22T17:54:11.1465081Z includeif.gitdir:/github/workspace/.git.path
Test Backend	Post Checkout	2025-11-22T17:54:11.1474431Z [command]/usr/bin/git config --local --get-all includeif.gitdir:/home/runner/work/ECONEURA/ECONEURA/.git.path
Test Backend	Post Checkout	2025-11-22T17:54:11.1495163Z /home/runner/work/_temp/git-credentials-8e31ebc2-80b8-4542-9763-66b68d111749.config
Test Backend	Post Checkout	2025-11-22T17:54:11.1505700Z [command]/usr/bin/git config --local --unset includeif.gitdir:/home/runner/work/ECONEURA/ECONEURA/.git.path /home/runner/work/_temp/git-credentials-8e31ebc2-80b8-4542-9763-66b68d111749.config
Test Backend	Post Checkout	2025-11-22T17:54:11.1537089Z [command]/usr/bin/git config --local --get-all includeif.gitdir:/github/workspace/.git.path
Test Backend	Post Checkout	2025-11-22T17:54:11.1557745Z /github/runner_temp/git-credentials-8e31ebc2-80b8-4542-9763-66b68d111749.config
Test Backend	Post Checkout	2025-11-22T17:54:11.1568307Z [command]/usr/bin/git config --local --unset includeif.gitdir:/github/workspace/.git.path /github/runner_temp/git-credentials-8e31ebc2-80b8-4542-9763-66b68d111749.config
Test Backend	Post Checkout	2025-11-22T17:54:11.1601882Z [command]/usr/bin/git submodule foreach --recursive git config --local --show-origin --name-only --get-regexp remote.origin.url
Test Backend	Post Checkout	2025-11-22T17:54:11.1823651Z Removing credentials config '/home/runner/work/_temp/git-credentials-8e31ebc2-80b8-4542-9763-66b68d111749.config'
Test Backend	Stop containers	ï»¿2025-11-22T17:54:11.1922242Z Print service container logs: 165d5df8b29f4651bb4b737c9246e228_postgres15alpine_da9cac
Test Backend	Stop containers	2025-11-22T17:54:11.1927118Z ##[command]/usr/bin/docker logs --details b318fcb0240b5af150b9e7f346c2b71c7081184b82fa690c1b48570370f02be1
Test Backend	Stop containers	2025-11-22T17:54:11.2050033Z  sh: locale: not found
Test Backend	Stop containers	2025-11-22T17:54:11.2050770Z  2025-11-22 17:53:17.645 UTC [35] WARNING:  no usable system locales were found
Test Backend	Stop containers	2025-11-22T17:54:11.2051579Z  initdb: warning: enabling "trust" authentication for local connections
Test Backend	Stop containers	2025-11-22T17:54:11.2052248Z  initdb: hint: You can change this by editing pg_hba.conf or using the option -A, or --auth-local and --auth-host, the next time you run initdb.
Test Backend	Stop containers	2025-11-22T17:54:11.2052898Z  The files belonging to this database system will be owned by user "postgres".
Test Backend	Stop containers	2025-11-22T17:54:11.2053537Z  2025-11-22 17:53:18.437 UTC [1] LOG:  starting PostgreSQL 15.15 on x86_64-pc-linux-musl, compiled by gcc (Alpine 14.2.0) 14.2.0, 64-bit
Test Backend	Stop containers	2025-11-22T17:54:11.2054112Z  2025-11-22 17:53:18.437 UTC [1] LOG:  listening on IPv4 address "0.0.0.0", port 5432
Test Backend	Stop containers	2025-11-22T17:54:11.2054587Z  2025-11-22 17:53:18.437 UTC [1] LOG:  listening on IPv6 address "::", port 5432
Test Backend	Stop containers	2025-11-22T17:54:11.2055044Z  2025-11-22 17:53:18.438 UTC [1] LOG:  listening on Unix socket "/var/run/postgresql/.s.PGSQL.5432"
Test Backend	Stop containers	2025-11-22T17:54:11.2055548Z  2025-11-22 17:53:18.442 UTC [57] LOG:  database system was shut down at 2025-11-22 17:53:18 UTC
Test Backend	Stop containers	2025-11-22T17:54:11.2055991Z  2025-11-22 17:53:18.446 UTC [1] LOG:  database system is ready to accept connections
Test Backend	Stop containers	2025-11-22T17:54:11.2056377Z  2025-11-22 17:53:27.226 UTC [67] FATAL:  role "root" does not exist
Test Backend	Stop containers	2025-11-22T17:54:11.2056714Z  2025-11-22 17:53:37.274 UTC [74] FATAL:  role "root" does not exist
Test Backend	Stop containers	2025-11-22T17:54:11.2057049Z  2025-11-22 17:53:47.329 UTC [80] FATAL:  role "root" does not exist
Test Backend	Stop containers	2025-11-22T17:54:11.2057382Z  2025-11-22 17:53:57.378 UTC [88] FATAL:  role "root" does not exist
Test Backend	Stop containers	2025-11-22T17:54:11.2057708Z  2025-11-22 17:54:07.438 UTC [95] FATAL:  role "root" does not exist
Test Backend	Stop containers	2025-11-22T17:54:11.2058022Z  This user must also own the server process.
Test Backend	Stop containers	2025-11-22T17:54:11.2058274Z  
Test Backend	Stop containers	2025-11-22T17:54:11.2058529Z  The database cluster will be initialized with locale "en_US.utf8".
Test Backend	Stop containers	2025-11-22T17:54:11.2058943Z  The default database encoding has accordingly been set to "UTF8".
Test Backend	Stop containers	2025-11-22T17:54:11.2059345Z  The default text search configuration will be set to "english".
Test Backend	Stop containers	2025-11-22T17:54:11.2059649Z  
Test Backend	Stop containers	2025-11-22T17:54:11.2059839Z  Data page checksums are disabled.
Test Backend	Stop containers	2025-11-22T17:54:11.2070172Z  
Test Backend	Stop containers	2025-11-22T17:54:11.2070824Z  fixing permissions on existing directory /var/lib/postgresql/data ... ok
Test Backend	Stop containers	2025-11-22T17:54:11.2071464Z  creating subdirectories ... ok
Test Backend	Stop containers	2025-11-22T17:54:11.2071893Z  selecting dynamic shared memory implementation ... posix
Test Backend	Stop containers	2025-11-22T17:54:11.2072255Z  selecting default max_connections ... 100
Test Backend	Stop containers	2025-11-22T17:54:11.2072546Z  selecting default shared_buffers ... 128MB
Test Backend	Stop containers	2025-11-22T17:54:11.2072831Z  selecting default time zone ... UTC
Test Backend	Stop containers	2025-11-22T17:54:11.2073094Z  creating configuration files ... ok
Test Backend	Stop containers	2025-11-22T17:54:11.2073366Z  running bootstrap script ... ok
Test Backend	Stop containers	2025-11-22T17:54:11.2073659Z  performing post-bootstrap initialization ... ok
Test Backend	Stop containers	2025-11-22T17:54:11.2073943Z  syncing data to disk ... ok
Test Backend	Stop containers	2025-11-22T17:54:11.2074160Z  
Test Backend	Stop containers	2025-11-22T17:54:11.2074318Z  
Test Backend	Stop containers	2025-11-22T17:54:11.2074533Z  Success. You can now start the database server using:
Test Backend	Stop containers	2025-11-22T17:54:11.2074809Z  
Test Backend	Stop containers	2025-11-22T17:54:11.2075030Z      pg_ctl -D /var/lib/postgresql/data -l logfile start
Test Backend	Stop containers	2025-11-22T17:54:11.2075319Z  
Test Backend	Stop containers	2025-11-22T17:54:11.2075819Z  waiting for server to start....2025-11-22 17:53:18.170 UTC [41] LOG:  starting PostgreSQL 15.15 on x86_64-pc-linux-musl, compiled by gcc (Alpine 14.2.0) 14.2.0, 64-bit
Test Backend	Stop containers	2025-11-22T17:54:11.2076513Z  2025-11-22 17:53:18.171 UTC [41] LOG:  listening on Unix socket "/var/run/postgresql/.s.PGSQL.5432"
Test Backend	Stop containers	2025-11-22T17:54:11.2077014Z  2025-11-22 17:53:18.175 UTC [44] LOG:  database system was shut down at 2025-11-22 17:53:18 UTC
Test Backend	Stop containers	2025-11-22T17:54:11.2077467Z  2025-11-22 17:53:18.179 UTC [41] LOG:  database system is ready to accept connections
Test Backend	Stop containers	2025-11-22T17:54:11.2078042Z   done
Test Backend	Stop containers	2025-11-22T17:54:11.2078204Z  server started
Test Backend	Stop containers	2025-11-22T17:54:11.2078388Z  CREATE DATABASE
Test Backend	Stop containers	2025-11-22T17:54:11.2078605Z  
Test Backend	Stop containers	2025-11-22T17:54:11.2078755Z  
Test Backend	Stop containers	2025-11-22T17:54:11.2079048Z  /usr/local/bin/docker-entrypoint.sh: ignoring /docker-entrypoint-initdb.d/*
Test Backend	Stop containers	2025-11-22T17:54:11.2079416Z  
Test Backend	Stop containers	2025-11-22T17:54:11.2079860Z  waiting for server to shut down...2025-11-22 17:53:18.317 UTC [41] LOG:  received fast shutdown request
Test Backend	Stop containers	2025-11-22T17:54:11.2080336Z  .2025-11-22 17:53:18.317 UTC [41] LOG:  aborting any active transactions
Test Backend	Stop containers	2025-11-22T17:54:11.2081064Z  2025-11-22 17:53:18.320 UTC [41] LOG:  background worker "logical replication launcher" (PID 47) exited with exit code 1
Test Backend	Stop containers	2025-11-22T17:54:11.2081543Z  2025-11-22 17:53:18.320 UTC [42] LOG:  shutting down
Test Backend	Stop containers	2025-11-22T17:54:11.2081900Z  2025-11-22 17:53:18.322 UTC [42] LOG:  checkpoint starting: shutdown immediate
Test Backend	Stop containers	2025-11-22T17:54:11.2082761Z  2025-11-22 17:53:18.342 UTC [42] LOG:  checkpoint complete: wrote 921 buffers (5.6%); 0 WAL file(s) added, 0 removed, 0 recycled; write=0.015 s, sync=0.003 s, total=0.022 s; sync files=301, longest=0.001 s, average=0.001 s; distance=4239 kB, estimate=4239 kB
Test Backend	Stop containers	2025-11-22T17:54:11.2083605Z  2025-11-22 17:53:18.349 UTC [41] LOG:  database system is shut down
Test Backend	Stop containers	2025-11-22T17:54:11.2083904Z   done
Test Backend	Stop containers	2025-11-22T17:54:11.2084066Z  server stopped
Test Backend	Stop containers	2025-11-22T17:54:11.2084250Z  
Test Backend	Stop containers	2025-11-22T17:54:11.2084467Z  PostgreSQL init process complete; ready for start up.
Test Backend	Stop containers	2025-11-22T17:54:11.2084753Z  
Test Backend	Stop containers	2025-11-22T17:54:11.2090493Z Stop and remove container: 165d5df8b29f4651bb4b737c9246e228_postgres15alpine_da9cac
Test Backend	Stop containers	2025-11-22T17:54:11.2095457Z ##[command]/usr/bin/docker rm --force b318fcb0240b5af150b9e7f346c2b71c7081184b82fa690c1b48570370f02be1
Test Backend	Stop containers	2025-11-22T17:54:12.5784287Z b318fcb0240b5af150b9e7f346c2b71c7081184b82fa690c1b48570370f02be1
Test Backend	Stop containers	2025-11-22T17:54:12.5804160Z Print service container logs: 758e7ecf21b04553888cb25c4a914bee_redis7alpine_854811
Test Backend	Stop containers	2025-11-22T17:54:12.5805416Z ##[command]/usr/bin/docker logs --details d650d62b63bc2f39356033be77dfe215b03d8f6d39c31b81bcc0e134608b2087
Test Backend	Stop containers	2025-11-22T17:54:12.5929622Z  1:C 22 Nov 2025 17:53:19.387 # WARNING Memory overcommit must be enabled! Without it, a background save or replication may fail under low memory condition. Being disabled, it can also cause failures without low memory condition, see https://github.com/jemalloc/jemalloc/issues/1328. To fix this issue add 'vm.overcommit_memory = 1' to /etc/sysctl.conf and then reboot or run the command 'sysctl vm.overcommit_memory=1' for this to take effect.
Test Backend	Stop containers	2025-11-22T17:54:12.5932438Z  1:C 22 Nov 2025 17:53:19.387 * oO0OoO0OoO0Oo Redis is starting oO0OoO0OoO0Oo
Test Backend	Stop containers	2025-11-22T17:54:12.5933247Z  1:C 22 Nov 2025 17:53:19.387 * Redis version=7.4.7, bits=64, commit=00000000, modified=0, pid=1, just started
Test Backend	Stop containers	2025-11-22T17:54:12.5934456Z  1:C 22 Nov 2025 17:53:19.387 # Warning: no config file specified, using the default config. In order to specify a config file use redis-server /path/to/redis.conf
Test Backend	Stop containers	2025-11-22T17:54:12.5935531Z  1:M 22 Nov 2025 17:53:19.387 * monotonic clock: POSIX clock_gettime
Test Backend	Stop containers	2025-11-22T17:54:12.5936151Z  1:M 22 Nov 2025 17:53:19.388 * Running mode=standalone, port=6379.
Test Backend	Stop containers	2025-11-22T17:54:12.5936693Z  1:M 22 Nov 2025 17:53:19.388 * Server initialized
Test Backend	Stop containers	2025-11-22T17:54:12.5937220Z  1:M 22 Nov 2025 17:53:19.388 * Ready to accept connections tcp
Test Backend	Stop containers	2025-11-22T17:54:12.5943586Z Stop and remove container: 758e7ecf21b04553888cb25c4a914bee_redis7alpine_854811
Test Backend	Stop containers	2025-11-22T17:54:12.5944476Z ##[command]/usr/bin/docker rm --force d650d62b63bc2f39356033be77dfe215b03d8f6d39c31b81bcc0e134608b2087
Test Backend	Stop containers	2025-11-22T17:54:12.7069431Z d650d62b63bc2f39356033be77dfe215b03d8f6d39c31b81bcc0e134608b2087
Test Backend	Stop containers	2025-11-22T17:54:12.7090959Z Remove container network: github_network_e2f10ef8f99840ceac9d13cd3bc565ce
Test Backend	Stop containers	2025-11-22T17:54:12.7095402Z ##[command]/usr/bin/docker network rm github_network_e2f10ef8f99840ceac9d13cd3bc565ce
Test Backend	Stop containers	2025-11-22T17:54:12.8317801Z github_network_e2f10ef8f99840ceac9d13cd3bc565ce
Test Backend	Complete job	ï»¿2025-11-22T17:54:12.8374162Z Cleaning up orphan processes
Lint Backend	Set up job	ï»¿2025-11-22T17:53:06.2197040Z Current runner version: '2.329.0'
Lint Backend	Set up job	2025-11-22T17:53:06.2221260Z ##[group]Runner Image Provisioner
Lint Backend	Set up job	2025-11-22T17:53:06.2222126Z Hosted Compute Agent
Lint Backend	Set up job	2025-11-22T17:53:06.2222704Z Version: 20251016.436
Lint Backend	Set up job	2025-11-22T17:53:06.2223318Z Commit: 8ab8ac8bfd662a3739dab9fe09456aba92132568
Lint Backend	Set up job	2025-11-22T17:53:06.2223977Z Build Date: 2025-10-15T20:44:12Z
Lint Backend	Set up job	2025-11-22T17:53:06.2224600Z ##[endgroup]
Lint Backend	Set up job	2025-11-22T17:53:06.2225102Z ##[group]Operating System
Lint Backend	Set up job	2025-11-22T17:53:06.2225696Z Ubuntu
Lint Backend	Set up job	2025-11-22T17:53:06.2226210Z 24.04.3
Lint Backend	Set up job	2025-11-22T17:53:06.2226661Z LTS
Lint Backend	Set up job	2025-11-22T17:53:06.2227120Z ##[endgroup]
Lint Backend	Set up job	2025-11-22T17:53:06.2227712Z ##[group]Runner Image
Lint Backend	Set up job	2025-11-22T17:53:06.2228382Z Image: ubuntu-24.04
Lint Backend	Set up job	2025-11-22T17:53:06.2228864Z Version: 20251112.124.1
Lint Backend	Set up job	2025-11-22T17:53:06.2229863Z Included Software: https://github.com/actions/runner-images/blob/ubuntu24/20251112.124/images/ubuntu/Ubuntu2404-Readme.md
Lint Backend	Set up job	2025-11-22T17:53:06.2231282Z Image Release: https://github.com/actions/runner-images/releases/tag/ubuntu24%2F20251112.124
Lint Backend	Set up job	2025-11-22T17:53:06.2232449Z ##[endgroup]
Lint Backend	Set up job	2025-11-22T17:53:06.2233495Z ##[group]GITHUB_TOKEN Permissions
Lint Backend	Set up job	2025-11-22T17:53:06.2235472Z Contents: read
Lint Backend	Set up job	2025-11-22T17:53:06.2236134Z Metadata: read
Lint Backend	Set up job	2025-11-22T17:53:06.2236609Z Packages: read
Lint Backend	Set up job	2025-11-22T17:53:06.2237105Z ##[endgroup]
Lint Backend	Set up job	2025-11-22T17:53:06.2239546Z Secret source: Actions
Lint Backend	Set up job	2025-11-22T17:53:06.2240242Z Prepare workflow directory
Lint Backend	Set up job	2025-11-22T17:53:06.2633136Z Prepare all required actions
Lint Backend	Set up job	2025-11-22T17:53:06.2670983Z Getting action download info
Lint Backend	Set up job	2025-11-22T17:53:06.6474723Z Download action repository 'actions/checkout@v6' (SHA:1af3b93b6815bc44a9784bd300feb67ff0d1eeb3)
Lint Backend	Set up job	2025-11-22T17:53:07.7860309Z Download action repository 'actions/setup-node@v6' (SHA:2028fbc5c25fe9cf00d9f06a71cc4710d4507903)
Lint Backend	Set up job	2025-11-22T17:53:08.0231719Z Complete job name: Lint Backend
Lint Backend	Checkout	ï»¿2025-11-22T17:53:08.1016556Z ##[group]Run actions/checkout@v6
Lint Backend	Checkout	2025-11-22T17:53:08.1018163Z with:
Lint Backend	Checkout	2025-11-22T17:53:08.1019007Z   repository: ECONEURA-EMPRESA/ECONEURA
Lint Backend	Checkout	2025-11-22T17:53:08.1020376Z   token: ***
Lint Backend	Checkout	2025-11-22T17:53:08.1021182Z   ssh-strict: true
Lint Backend	Checkout	2025-11-22T17:53:08.1021978Z   ssh-user: git
Lint Backend	Checkout	2025-11-22T17:53:08.1022792Z   persist-credentials: true
Lint Backend	Checkout	2025-11-22T17:53:08.1023721Z   clean: true
Lint Backend	Checkout	2025-11-22T17:53:08.1024543Z   sparse-checkout-cone-mode: true
Lint Backend	Checkout	2025-11-22T17:53:08.1025551Z   fetch-depth: 1
Lint Backend	Checkout	2025-11-22T17:53:08.1026337Z   fetch-tags: false
Lint Backend	Checkout	2025-11-22T17:53:08.1027157Z   show-progress: true
Lint Backend	Checkout	2025-11-22T17:53:08.1028162Z   lfs: false
Lint Backend	Checkout	2025-11-22T17:53:08.1028916Z   submodules: false
Lint Backend	Checkout	2025-11-22T17:53:08.1029727Z   set-safe-directory: true
Lint Backend	Checkout	2025-11-22T17:53:08.1030836Z env:
Lint Backend	Checkout	2025-11-22T17:53:08.1031531Z   NODE_VERSION: 20
Lint Backend	Checkout	2025-11-22T17:53:08.1032303Z ##[endgroup]
Lint Backend	Checkout	2025-11-22T17:53:08.1973758Z Syncing repository: ECONEURA-EMPRESA/ECONEURA
Lint Backend	Checkout	2025-11-22T17:53:08.1976743Z ##[group]Getting Git version info
Lint Backend	Checkout	2025-11-22T17:53:08.1978269Z Working directory is '/home/runner/work/ECONEURA/ECONEURA'
Lint Backend	Checkout	2025-11-22T17:53:08.1980588Z [command]/usr/bin/git version
Lint Backend	Checkout	2025-11-22T17:53:08.2702151Z git version 2.51.2
Lint Backend	Checkout	2025-11-22T17:53:08.2735853Z ##[endgroup]
Lint Backend	Checkout	2025-11-22T17:53:08.2755135Z Temporarily overriding HOME='/home/runner/work/_temp/95577166-0c2b-4c59-886b-f755da4a5bd9' before making global git config changes
Lint Backend	Checkout	2025-11-22T17:53:08.2758278Z Adding repository directory to the temporary git global config as a safe directory
Lint Backend	Checkout	2025-11-22T17:53:08.2761801Z [command]/usr/bin/git config --global --add safe.directory /home/runner/work/ECONEURA/ECONEURA
Lint Backend	Checkout	2025-11-22T17:53:08.2840409Z Deleting the contents of '/home/runner/work/ECONEURA/ECONEURA'
Lint Backend	Checkout	2025-11-22T17:53:08.2845427Z ##[group]Initializing the repository
Lint Backend	Checkout	2025-11-22T17:53:08.2851477Z [command]/usr/bin/git init /home/runner/work/ECONEURA/ECONEURA
Lint Backend	Checkout	2025-11-22T17:53:08.3343280Z hint: Using 'master' as the name for the initial branch. This default branch name
Lint Backend	Checkout	2025-11-22T17:53:08.3345924Z hint: is subject to change. To configure the initial branch name to use in all
Lint Backend	Checkout	2025-11-22T17:53:08.3348550Z hint: of your new repositories, which will suppress this warning, call:
Lint Backend	Checkout	2025-11-22T17:53:08.3350287Z hint:
Lint Backend	Checkout	2025-11-22T17:53:08.3351734Z hint: 	git config --global init.defaultBranch <name>
Lint Backend	Checkout	2025-11-22T17:53:08.3352906Z hint:
Lint Backend	Checkout	2025-11-22T17:53:08.3377860Z hint: Names commonly chosen instead of 'master' are 'main', 'trunk' and
Lint Backend	Checkout	2025-11-22T17:53:08.3381856Z hint: 'development'. The just-created branch can be renamed via this command:
Lint Backend	Checkout	2025-11-22T17:53:08.3384392Z hint:
Lint Backend	Checkout	2025-11-22T17:53:08.3385756Z hint: 	git branch -m <name>
Lint Backend	Checkout	2025-11-22T17:53:08.3387438Z hint:
Lint Backend	Checkout	2025-11-22T17:53:08.3389750Z hint: Disable this message with "git config set advice.defaultBranchName false"
Lint Backend	Checkout	2025-11-22T17:53:08.3393244Z Initialized empty Git repository in /home/runner/work/ECONEURA/ECONEURA/.git/
Lint Backend	Checkout	2025-11-22T17:53:08.3398670Z [command]/usr/bin/git remote add origin https://github.com/ECONEURA-EMPRESA/ECONEURA
Lint Backend	Checkout	2025-11-22T17:53:08.3467865Z ##[endgroup]
Lint Backend	Checkout	2025-11-22T17:53:08.3470462Z ##[group]Disabling automatic garbage collection
Lint Backend	Checkout	2025-11-22T17:53:08.3472720Z [command]/usr/bin/git config --local gc.auto 0
Lint Backend	Checkout	2025-11-22T17:53:08.3501517Z ##[endgroup]
Lint Backend	Checkout	2025-11-22T17:53:08.3503851Z ##[group]Setting up auth
Lint Backend	Checkout	2025-11-22T17:53:08.3505518Z Removing SSH command configuration
Lint Backend	Checkout	2025-11-22T17:53:08.3508895Z [command]/usr/bin/git config --local --name-only --get-regexp core\.sshCommand
Lint Backend	Checkout	2025-11-22T17:53:08.3541012Z [command]/usr/bin/git submodule foreach --recursive sh -c "git config --local --name-only --get-regexp 'core\.sshCommand' && git config --local --unset-all 'core.sshCommand' || :"
Lint Backend	Checkout	2025-11-22T17:53:08.4993754Z Removing HTTP extra header
Lint Backend	Checkout	2025-11-22T17:53:08.4999808Z [command]/usr/bin/git config --local --name-only --get-regexp http\.https\:\/\/github\.com\/\.extraheader
Lint Backend	Checkout	2025-11-22T17:53:08.5032632Z [command]/usr/bin/git submodule foreach --recursive sh -c "git config --local --name-only --get-regexp 'http\.https\:\/\/github\.com\/\.extraheader' && git config --local --unset-all 'http.https://github.com/.extraheader' || :"
Lint Backend	Checkout	2025-11-22T17:53:08.5253334Z Removing includeIf entries pointing to credentials config files
Lint Backend	Checkout	2025-11-22T17:53:08.5259973Z [command]/usr/bin/git config --local --name-only --get-regexp ^includeIf\.gitdir:
Lint Backend	Checkout	2025-11-22T17:53:08.5291568Z [command]/usr/bin/git submodule foreach --recursive git config --local --show-origin --name-only --get-regexp remote.origin.url
Lint Backend	Checkout	2025-11-22T17:53:08.5512723Z [command]/usr/bin/git config --file /home/runner/work/_temp/git-credentials-7c94a07c-edda-4ee3-bc51-12cdea627490.config http.https://github.com/.extraheader AUTHORIZATION: basic ***
Lint Backend	Checkout	2025-11-22T17:53:08.5548286Z [command]/usr/bin/git config --local includeIf.gitdir:/home/runner/work/ECONEURA/ECONEURA/.git.path /home/runner/work/_temp/git-credentials-7c94a07c-edda-4ee3-bc51-12cdea627490.config
Lint Backend	Checkout	2025-11-22T17:53:08.5577759Z [command]/usr/bin/git config --local includeIf.gitdir:/github/workspace/.git.path /github/runner_temp/git-credentials-7c94a07c-edda-4ee3-bc51-12cdea627490.config
Lint Backend	Checkout	2025-11-22T17:53:08.5603672Z ##[endgroup]
Lint Backend	Checkout	2025-11-22T17:53:08.5606068Z ##[group]Fetching the repository
Lint Backend	Checkout	2025-11-22T17:53:08.5614799Z [command]/usr/bin/git -c protocol.version=2 fetch --no-tags --prune --no-recurse-submodules --depth=1 origin +5861204bb0c5830bd4aa6ac16b821403c405c4c7:refs/remotes/origin/main
Lint Backend	Checkout	2025-11-22T17:53:09.4790364Z From https://github.com/ECONEURA-EMPRESA/ECONEURA
Lint Backend	Checkout	2025-11-22T17:53:09.4791305Z  * [new ref]         5861204bb0c5830bd4aa6ac16b821403c405c4c7 -> origin/main
Lint Backend	Checkout	2025-11-22T17:53:09.4857159Z ##[endgroup]
Lint Backend	Checkout	2025-11-22T17:53:09.4858285Z ##[group]Determining the checkout info
Lint Backend	Checkout	2025-11-22T17:53:09.4860711Z ##[endgroup]
Lint Backend	Checkout	2025-11-22T17:53:09.4866070Z [command]/usr/bin/git sparse-checkout disable
Lint Backend	Checkout	2025-11-22T17:53:09.4944395Z [command]/usr/bin/git config --local --unset-all extensions.worktreeConfig
Lint Backend	Checkout	2025-11-22T17:53:09.4971602Z ##[group]Checking out the ref
Lint Backend	Checkout	2025-11-22T17:53:09.4976015Z [command]/usr/bin/git checkout --progress --force -B main refs/remotes/origin/main
Lint Backend	Checkout	2025-11-22T17:53:09.5943908Z Switched to a new branch 'main'
Lint Backend	Checkout	2025-11-22T17:53:09.5945281Z branch 'main' set up to track 'origin/main'.
Lint Backend	Checkout	2025-11-22T17:53:09.5954799Z ##[endgroup]
Lint Backend	Checkout	2025-11-22T17:53:09.5995883Z [command]/usr/bin/git log -1 --format=%H
Lint Backend	Checkout	2025-11-22T17:53:09.6019170Z 5861204bb0c5830bd4aa6ac16b821403c405c4c7
Lint Backend	Setup Node	ï»¿2025-11-22T17:53:09.6239409Z ##[group]Run actions/setup-node@v6
Lint Backend	Setup Node	2025-11-22T17:53:09.6239778Z with:
Lint Backend	Setup Node	2025-11-22T17:53:09.6239997Z   node-version: 20
Lint Backend	Setup Node	2025-11-22T17:53:09.6240222Z   cache: npm
Lint Backend	Setup Node	2025-11-22T17:53:09.6240452Z   always-auth: false
Lint Backend	Setup Node	2025-11-22T17:53:09.6240709Z   check-latest: false
Lint Backend	Setup Node	2025-11-22T17:53:09.6241105Z   token: ***
Lint Backend	Setup Node	2025-11-22T17:53:09.6241343Z   package-manager-cache: true
Lint Backend	Setup Node	2025-11-22T17:53:09.6241609Z env:
Lint Backend	Setup Node	2025-11-22T17:53:09.6241819Z   NODE_VERSION: 20
Lint Backend	Setup Node	2025-11-22T17:53:09.6242035Z ##[endgroup]
Lint Backend	Setup Node	2025-11-22T17:53:09.7988248Z Found in cache @ /opt/hostedtoolcache/node/20.19.5/x64
Lint Backend	Setup Node	2025-11-22T17:53:09.7993892Z (node:2115) [DEP0040] DeprecationWarning: The `punycode` module is deprecated. Please use a userland alternative instead.
Lint Backend	Setup Node	2025-11-22T17:53:09.7994870Z (Use `node --trace-deprecation ...` to show where the warning was created)
Lint Backend	Setup Node	2025-11-22T17:53:09.7997321Z ##[group]Environment details
Lint Backend	Setup Node	2025-11-22T17:53:11.7382082Z node: v20.19.5
Lint Backend	Setup Node	2025-11-22T17:53:11.7382641Z npm: 10.8.2
Lint Backend	Setup Node	2025-11-22T17:53:11.7383930Z yarn: 1.22.22
Lint Backend	Setup Node	2025-11-22T17:53:11.7385255Z ##[endgroup]
Lint Backend	Setup Node	2025-11-22T17:53:11.7405901Z [command]/opt/hostedtoolcache/node/20.19.5/x64/bin/npm config get cache
Lint Backend	Setup Node	2025-11-22T17:53:11.9827971Z /home/runner/.npm
Lint Backend	Setup Node	2025-11-22T17:53:12.2095607Z Cache hit for: node-cache-Linux-x64-npm-7b5741da819567a7a1e462079de2b6d7816239b0198ed8a94d52986d298c76cf
Lint Backend	Setup Node	2025-11-22T17:53:12.2203293Z (node:2115) [DEP0169] DeprecationWarning: `url.parse()` behavior is not standardized and prone to errors that have security implications. Use the WHATWG URL API instead. CVEs are not issued for `url.parse()` vulnerabilities.
Lint Backend	Setup Node	2025-11-22T17:53:13.4715336Z Received 25165824 of 146348881 (17.2%), 24.0 MBs/sec
Lint Backend	Setup Node	2025-11-22T17:53:14.4722043Z Received 142154577 of 146348881 (97.1%), 67.8 MBs/sec
Lint Backend	Setup Node	2025-11-22T17:53:14.5112208Z Received 146348881 of 146348881 (100.0%), 68.4 MBs/sec
Lint Backend	Setup Node	2025-11-22T17:53:14.5114024Z Cache Size: ~140 MB (146348881 B)
Lint Backend	Setup Node	2025-11-22T17:53:14.5225269Z [command]/usr/bin/tar -xf /home/runner/work/_temp/5d9c0fd6-163c-484d-8f1b-d62f5ce838c9/cache.tzst -P -C /home/runner/work/ECONEURA/ECONEURA --use-compress-program unzstd
Lint Backend	Setup Node	2025-11-22T17:53:15.2031465Z Cache restored successfully
Lint Backend	Setup Node	2025-11-22T17:53:15.2361525Z Cache restored from key: node-cache-Linux-x64-npm-7b5741da819567a7a1e462079de2b6d7816239b0198ed8a94d52986d298c76cf
Lint Backend	Install dependencies	ï»¿2025-11-22T17:53:15.2520320Z ##[group]Run npm ci
Lint Backend	Install dependencies	2025-11-22T17:53:15.2520619Z [36;1mnpm ci[0m
Lint Backend	Install dependencies	2025-11-22T17:53:15.2567259Z shell: /usr/bin/bash -e {0}
Lint Backend	Install dependencies	2025-11-22T17:53:15.2567733Z env:
Lint Backend	Install dependencies	2025-11-22T17:53:15.2567979Z   NODE_VERSION: 20
Lint Backend	Install dependencies	2025-11-22T17:53:15.2568184Z ##[endgroup]
Lint Backend	Install dependencies	2025-11-22T17:53:18.8707341Z npm warn deprecated @types/express-rate-limit@6.0.2: This is a stub types definition. express-rate-limit provides its own type definitions, so you do not need this installed.
Lint Backend	Install dependencies	2025-11-22T17:53:18.8896747Z npm warn deprecated inflight@1.0.6: This module is not supported, and leaks memory. Do not use it. Check out lru-cache if you want a good and tested way to coalesce async requests by a key value, which is much more comprehensive and powerful.
Lint Backend	Install dependencies	2025-11-22T17:53:19.6403845Z npm warn deprecated glob@7.2.3: Glob versions prior to v9 are no longer supported
Lint Backend	Install dependencies	2025-11-22T17:53:27.2829912Z npm warn deprecated @types/axios@0.14.4: This is a stub types definition. axios provides its own type definitions, so you do not need this installed.
Lint Backend	Install dependencies	2025-11-22T17:53:37.3217012Z 
Lint Backend	Install dependencies	2025-11-22T17:53:37.3218058Z added 1248 packages, and audited 1251 packages in 22s
Lint Backend	Install dependencies	2025-11-22T17:53:37.3218589Z 
Lint Backend	Install dependencies	2025-11-22T17:53:37.3218936Z 309 packages are looking for funding
Lint Backend	Install dependencies	2025-11-22T17:53:37.3219555Z   run `npm fund` for details
Lint Backend	Install dependencies	2025-11-22T17:53:37.3231910Z 
Lint Backend	Install dependencies	2025-11-22T17:53:37.3232267Z found 0 vulnerabilities
Lint Backend	Run ESLint	ï»¿2025-11-22T17:53:37.3952135Z ##[group]Run npm run lint:backend
Lint Backend	Run ESLint	2025-11-22T17:53:37.3952470Z [36;1mnpm run lint:backend[0m
Lint Backend	Run ESLint	2025-11-22T17:53:37.3996495Z shell: /usr/bin/bash -e {0}
Lint Backend	Run ESLint	2025-11-22T17:53:37.3996738Z env:
Lint Backend	Run ESLint	2025-11-22T17:53:37.3996910Z   NODE_VERSION: 20
Lint Backend	Run ESLint	2025-11-22T17:53:37.3997104Z ##[endgroup]
Lint Backend	Run ESLint	2025-11-22T17:53:37.5070738Z 
Lint Backend	Run ESLint	2025-11-22T17:53:37.5071881Z > econeura-full@1.0.0 lint:backend
Lint Backend	Run ESLint	2025-11-22T17:53:37.5072791Z > npm run lint --workspace=@econeura/backend
Lint Backend	Run ESLint	2025-11-22T17:53:37.5073228Z 
Lint Backend	Run ESLint	2025-11-22T17:53:37.6395530Z 
Lint Backend	Run ESLint	2025-11-22T17:53:37.6396435Z > @econeura/backend@1.0.0 lint
Lint Backend	Run ESLint	2025-11-22T17:53:37.6397027Z > eslint .
Lint Backend	Run ESLint	2025-11-22T17:53:37.6397251Z 
Lint Backend	Post Setup Node	ï»¿2025-11-22T17:53:39.9894622Z Post job cleanup.
Lint Backend	Post Setup Node	2025-11-22T17:53:40.1059087Z (node:2270) [DEP0040] DeprecationWarning: The `punycode` module is deprecated. Please use a userland alternative instead.
Lint Backend	Post Setup Node	2025-11-22T17:53:40.1060026Z (Use `node --trace-deprecation ...` to show where the warning was created)
Lint Backend	Post Setup Node	2025-11-22T17:53:40.1063239Z Cache hit occurred on the primary key node-cache-Linux-x64-npm-7b5741da819567a7a1e462079de2b6d7816239b0198ed8a94d52986d298c76cf, not saving cache.
Lint Backend	Post Checkout	ï»¿2025-11-22T17:53:40.1179947Z Post job cleanup.
Lint Backend	Post Checkout	2025-11-22T17:53:40.1940959Z [command]/usr/bin/git version
Lint Backend	Post Checkout	2025-11-22T17:53:40.2006895Z git version 2.51.2
Lint Backend	Post Checkout	2025-11-22T17:53:40.2043894Z Temporarily overriding HOME='/home/runner/work/_temp/25cbf146-ce1f-4a83-83f1-160509826e01' before making global git config changes
Lint Backend	Post Checkout	2025-11-22T17:53:40.2044959Z Adding repository directory to the temporary git global config as a safe directory
Lint Backend	Post Checkout	2025-11-22T17:53:40.2049519Z [command]/usr/bin/git config --global --add safe.directory /home/runner/work/ECONEURA/ECONEURA
Lint Backend	Post Checkout	2025-11-22T17:53:40.2079421Z Removing SSH command configuration
Lint Backend	Post Checkout	2025-11-22T17:53:40.2085513Z [command]/usr/bin/git config --local --name-only --get-regexp core\.sshCommand
Lint Backend	Post Checkout	2025-11-22T17:53:40.2119904Z [command]/usr/bin/git submodule foreach --recursive sh -c "git config --local --name-only --get-regexp 'core\.sshCommand' && git config --local --unset-all 'core.sshCommand' || :"
Lint Backend	Post Checkout	2025-11-22T17:53:40.2341497Z Removing HTTP extra header
Lint Backend	Post Checkout	2025-11-22T17:53:40.2346006Z [command]/usr/bin/git config --local --name-only --get-regexp http\.https\:\/\/github\.com\/\.extraheader
Lint Backend	Post Checkout	2025-11-22T17:53:40.2378450Z [command]/usr/bin/git submodule foreach --recursive sh -c "git config --local --name-only --get-regexp 'http\.https\:\/\/github\.com\/\.extraheader' && git config --local --unset-all 'http.https://github.com/.extraheader' || :"
Lint Backend	Post Checkout	2025-11-22T17:53:40.2591422Z Removing includeIf entries pointing to credentials config files
Lint Backend	Post Checkout	2025-11-22T17:53:40.2597204Z [command]/usr/bin/git config --local --name-only --get-regexp ^includeIf\.gitdir:
Lint Backend	Post Checkout	2025-11-22T17:53:40.2618591Z includeif.gitdir:/home/runner/work/ECONEURA/ECONEURA/.git.path
Lint Backend	Post Checkout	2025-11-22T17:53:40.2619249Z includeif.gitdir:/github/workspace/.git.path
Lint Backend	Post Checkout	2025-11-22T17:53:40.2629025Z [command]/usr/bin/git config --local --get-all includeif.gitdir:/home/runner/work/ECONEURA/ECONEURA/.git.path
Lint Backend	Post Checkout	2025-11-22T17:53:40.2648922Z /home/runner/work/_temp/git-credentials-7c94a07c-edda-4ee3-bc51-12cdea627490.config
Lint Backend	Post Checkout	2025-11-22T17:53:40.2660252Z [command]/usr/bin/git config --local --unset includeif.gitdir:/home/runner/work/ECONEURA/ECONEURA/.git.path /home/runner/work/_temp/git-credentials-7c94a07c-edda-4ee3-bc51-12cdea627490.config
Lint Backend	Post Checkout	2025-11-22T17:53:40.2691788Z [command]/usr/bin/git config --local --get-all includeif.gitdir:/github/workspace/.git.path
Lint Backend	Post Checkout	2025-11-22T17:53:40.2712210Z /github/runner_temp/git-credentials-7c94a07c-edda-4ee3-bc51-12cdea627490.config
Lint Backend	Post Checkout	2025-11-22T17:53:40.2721499Z [command]/usr/bin/git config --local --unset includeif.gitdir:/github/workspace/.git.path /github/runner_temp/git-credentials-7c94a07c-edda-4ee3-bc51-12cdea627490.config
Lint Backend	Post Checkout	2025-11-22T17:53:40.2752284Z [command]/usr/bin/git submodule foreach --recursive git config --local --show-origin --name-only --get-regexp remote.origin.url
Lint Backend	Post Checkout	2025-11-22T17:53:40.2971418Z Removing credentials config '/home/runner/work/_temp/git-credentials-7c94a07c-edda-4ee3-bc51-12cdea627490.config'
Lint Backend	Complete job	ï»¿2025-11-22T17:53:40.3114034Z Cleaning up orphan processes
Type Check Backend	Set up job	ï»¿2025-11-22T17:53:05.4974178Z Current runner version: '2.329.0'
Type Check Backend	Set up job	2025-11-22T17:53:05.4998319Z ##[group]Runner Image Provisioner
Type Check Backend	Set up job	2025-11-22T17:53:05.4999074Z Hosted Compute Agent
Type Check Backend	Set up job	2025-11-22T17:53:05.4999690Z Version: 20251016.436
Type Check Backend	Set up job	2025-11-22T17:53:05.5000252Z Commit: 8ab8ac8bfd662a3739dab9fe09456aba92132568
Type Check Backend	Set up job	2025-11-22T17:53:05.5001232Z Build Date: 2025-10-15T20:44:12Z
Type Check Backend	Set up job	2025-11-22T17:53:05.5001963Z ##[endgroup]
Type Check Backend	Set up job	2025-11-22T17:53:05.5002456Z ##[group]Operating System
Type Check Backend	Set up job	2025-11-22T17:53:05.5003001Z Ubuntu
Type Check Backend	Set up job	2025-11-22T17:53:05.5003512Z 24.04.3
Type Check Backend	Set up job	2025-11-22T17:53:05.5004010Z LTS
Type Check Backend	Set up job	2025-11-22T17:53:05.5004461Z ##[endgroup]
Type Check Backend	Set up job	2025-11-22T17:53:05.5004999Z ##[group]Runner Image
Type Check Backend	Set up job	2025-11-22T17:53:05.5005492Z Image: ubuntu-24.04
Type Check Backend	Set up job	2025-11-22T17:53:05.5005985Z Version: 20251112.124.1
Type Check Backend	Set up job	2025-11-22T17:53:05.5007027Z Included Software: https://github.com/actions/runner-images/blob/ubuntu24/20251112.124/images/ubuntu/Ubuntu2404-Readme.md
Type Check Backend	Set up job	2025-11-22T17:53:05.5008359Z Image Release: https://github.com/actions/runner-images/releases/tag/ubuntu24%2F20251112.124
Type Check Backend	Set up job	2025-11-22T17:53:05.5009592Z ##[endgroup]
Type Check Backend	Set up job	2025-11-22T17:53:05.5010649Z ##[group]GITHUB_TOKEN Permissions
Type Check Backend	Set up job	2025-11-22T17:53:05.5012712Z Contents: read
Type Check Backend	Set up job	2025-11-22T17:53:05.5013282Z Metadata: read
Type Check Backend	Set up job	2025-11-22T17:53:05.5013773Z Packages: read
Type Check Backend	Set up job	2025-11-22T17:53:05.5014341Z ##[endgroup]
Type Check Backend	Set up job	2025-11-22T17:53:05.5016600Z Secret source: Actions
Type Check Backend	Set up job	2025-11-22T17:53:05.5017655Z Prepare workflow directory
Type Check Backend	Set up job	2025-11-22T17:53:05.5388995Z Prepare all required actions
Type Check Backend	Set up job	2025-11-22T17:53:05.5426216Z Getting action download info
Type Check Backend	Set up job	2025-11-22T17:53:05.8304933Z Download action repository 'actions/checkout@v6' (SHA:1af3b93b6815bc44a9784bd300feb67ff0d1eeb3)
Type Check Backend	Set up job	2025-11-22T17:53:06.1655900Z Download action repository 'actions/setup-node@v6' (SHA:2028fbc5c25fe9cf00d9f06a71cc4710d4507903)
Type Check Backend	Set up job	2025-11-22T17:53:06.3937649Z Complete job name: Type Check Backend
Type Check Backend	Checkout	ï»¿2025-11-22T17:53:06.4593532Z ##[group]Run actions/checkout@v6
Type Check Backend	Checkout	2025-11-22T17:53:06.4594374Z with:
Type Check Backend	Checkout	2025-11-22T17:53:06.4594792Z   repository: ECONEURA-EMPRESA/ECONEURA
Type Check Backend	Checkout	2025-11-22T17:53:06.4595496Z   token: ***
Type Check Backend	Checkout	2025-11-22T17:53:06.4595896Z   ssh-strict: true
Type Check Backend	Checkout	2025-11-22T17:53:06.4596280Z   ssh-user: git
Type Check Backend	Checkout	2025-11-22T17:53:06.4596667Z   persist-credentials: true
Type Check Backend	Checkout	2025-11-22T17:53:06.4597203Z   clean: true
Type Check Backend	Checkout	2025-11-22T17:53:06.4597606Z   sparse-checkout-cone-mode: true
Type Check Backend	Checkout	2025-11-22T17:53:06.4598075Z   fetch-depth: 1
Type Check Backend	Checkout	2025-11-22T17:53:06.4598453Z   fetch-tags: false
Type Check Backend	Checkout	2025-11-22T17:53:06.4598834Z   show-progress: true
Type Check Backend	Checkout	2025-11-22T17:53:06.4599229Z   lfs: false
Type Check Backend	Checkout	2025-11-22T17:53:06.4599583Z   submodules: false
Type Check Backend	Checkout	2025-11-22T17:53:06.4599982Z   set-safe-directory: true
Type Check Backend	Checkout	2025-11-22T17:53:06.4600611Z env:
Type Check Backend	Checkout	2025-11-22T17:53:06.4601109Z   NODE_VERSION: 20
Type Check Backend	Checkout	2025-11-22T17:53:06.4601507Z ##[endgroup]
Type Check Backend	Checkout	2025-11-22T17:53:06.5554897Z Syncing repository: ECONEURA-EMPRESA/ECONEURA
Type Check Backend	Checkout	2025-11-22T17:53:06.5557472Z ##[group]Getting Git version info
Type Check Backend	Checkout	2025-11-22T17:53:06.5558757Z Working directory is '/home/runner/work/ECONEURA/ECONEURA'
Type Check Backend	Checkout	2025-11-22T17:53:06.5560258Z [command]/usr/bin/git version
Type Check Backend	Checkout	2025-11-22T17:53:06.5629694Z git version 2.51.2
Type Check Backend	Checkout	2025-11-22T17:53:06.5649832Z ##[endgroup]
Type Check Backend	Checkout	2025-11-22T17:53:06.5663523Z Temporarily overriding HOME='/home/runner/work/_temp/95b3f75f-f1e4-4d45-ac3c-38b96a8bcd3b' before making global git config changes
Type Check Backend	Checkout	2025-11-22T17:53:06.5664883Z Adding repository directory to the temporary git global config as a safe directory
Type Check Backend	Checkout	2025-11-22T17:53:06.5668626Z [command]/usr/bin/git config --global --add safe.directory /home/runner/work/ECONEURA/ECONEURA
Type Check Backend	Checkout	2025-11-22T17:53:06.5710901Z Deleting the contents of '/home/runner/work/ECONEURA/ECONEURA'
Type Check Backend	Checkout	2025-11-22T17:53:06.5714985Z ##[group]Initializing the repository
Type Check Backend	Checkout	2025-11-22T17:53:06.5719429Z [command]/usr/bin/git init /home/runner/work/ECONEURA/ECONEURA
Type Check Backend	Checkout	2025-11-22T17:53:06.5867380Z hint: Using 'master' as the name for the initial branch. This default branch name
Type Check Backend	Checkout	2025-11-22T17:53:06.5868789Z hint: is subject to change. To configure the initial branch name to use in all
Type Check Backend	Checkout	2025-11-22T17:53:06.5869697Z hint: of your new repositories, which will suppress this warning, call:
Type Check Backend	Checkout	2025-11-22T17:53:06.5870353Z hint:
Type Check Backend	Checkout	2025-11-22T17:53:06.5871534Z hint: 	git config --global init.defaultBranch <name>
Type Check Backend	Checkout	2025-11-22T17:53:06.5872454Z hint:
Type Check Backend	Checkout	2025-11-22T17:53:06.5873209Z hint: Names commonly chosen instead of 'master' are 'main', 'trunk' and
Type Check Backend	Checkout	2025-11-22T17:53:06.5874096Z hint: 'development'. The just-created branch can be renamed via this command:
Type Check Backend	Checkout	2025-11-22T17:53:06.5874764Z hint:
Type Check Backend	Checkout	2025-11-22T17:53:06.5875127Z hint: 	git branch -m <name>
Type Check Backend	Checkout	2025-11-22T17:53:06.5875694Z hint:
Type Check Backend	Checkout	2025-11-22T17:53:06.5876682Z hint: Disable this message with "git config set advice.defaultBranchName false"
Type Check Backend	Checkout	2025-11-22T17:53:06.5878027Z Initialized empty Git repository in /home/runner/work/ECONEURA/ECONEURA/.git/
Type Check Backend	Checkout	2025-11-22T17:53:06.5883062Z [command]/usr/bin/git remote add origin https://github.com/ECONEURA-EMPRESA/ECONEURA
Type Check Backend	Checkout	2025-11-22T17:53:06.5951839Z ##[endgroup]
Type Check Backend	Checkout	2025-11-22T17:53:06.5952588Z ##[group]Disabling automatic garbage collection
Type Check Backend	Checkout	2025-11-22T17:53:06.5955268Z [command]/usr/bin/git config --local gc.auto 0
Type Check Backend	Checkout	2025-11-22T17:53:06.5981853Z ##[endgroup]
Type Check Backend	Checkout	2025-11-22T17:53:06.5982555Z ##[group]Setting up auth
Type Check Backend	Checkout	2025-11-22T17:53:06.5983376Z Removing SSH command configuration
Type Check Backend	Checkout	2025-11-22T17:53:06.5988857Z [command]/usr/bin/git config --local --name-only --get-regexp core\.sshCommand
Type Check Backend	Checkout	2025-11-22T17:53:06.6019146Z [command]/usr/bin/git submodule foreach --recursive sh -c "git config --local --name-only --get-regexp 'core\.sshCommand' && git config --local --unset-all 'core.sshCommand' || :"
Type Check Backend	Checkout	2025-11-22T17:53:06.6399204Z Removing HTTP extra header
Type Check Backend	Checkout	2025-11-22T17:53:06.6404895Z [command]/usr/bin/git config --local --name-only --get-regexp http\.https\:\/\/github\.com\/\.extraheader
Type Check Backend	Checkout	2025-11-22T17:53:06.6435985Z [command]/usr/bin/git submodule foreach --recursive sh -c "git config --local --name-only --get-regexp 'http\.https\:\/\/github\.com\/\.extraheader' && git config --local --unset-all 'http.https://github.com/.extraheader' || :"
Type Check Backend	Checkout	2025-11-22T17:53:06.6645853Z Removing includeIf entries pointing to credentials config files
Type Check Backend	Checkout	2025-11-22T17:53:06.6652443Z [command]/usr/bin/git config --local --name-only --get-regexp ^includeIf\.gitdir:
Type Check Backend	Checkout	2025-11-22T17:53:06.6684054Z [command]/usr/bin/git submodule foreach --recursive git config --local --show-origin --name-only --get-regexp remote.origin.url
Type Check Backend	Checkout	2025-11-22T17:53:06.6904325Z [command]/usr/bin/git config --file /home/runner/work/_temp/git-credentials-aac90405-5ed3-4e92-9bb5-6216b2c04396.config http.https://github.com/.extraheader AUTHORIZATION: basic ***
Type Check Backend	Checkout	2025-11-22T17:53:06.6939603Z [command]/usr/bin/git config --local includeIf.gitdir:/home/runner/work/ECONEURA/ECONEURA/.git.path /home/runner/work/_temp/git-credentials-aac90405-5ed3-4e92-9bb5-6216b2c04396.config
Type Check Backend	Checkout	2025-11-22T17:53:06.6969929Z [command]/usr/bin/git config --local includeIf.gitdir:/github/workspace/.git.path /github/runner_temp/git-credentials-aac90405-5ed3-4e92-9bb5-6216b2c04396.config
Type Check Backend	Checkout	2025-11-22T17:53:06.6995355Z ##[endgroup]
Type Check Backend	Checkout	2025-11-22T17:53:06.6996533Z ##[group]Fetching the repository
Type Check Backend	Checkout	2025-11-22T17:53:06.7005008Z [command]/usr/bin/git -c protocol.version=2 fetch --no-tags --prune --no-recurse-submodules --depth=1 origin +5861204bb0c5830bd4aa6ac16b821403c405c4c7:refs/remotes/origin/main
Type Check Backend	Checkout	2025-11-22T17:53:06.9962346Z From https://github.com/ECONEURA-EMPRESA/ECONEURA
Type Check Backend	Checkout	2025-11-22T17:53:06.9968453Z  * [new ref]         5861204bb0c5830bd4aa6ac16b821403c405c4c7 -> origin/main
Type Check Backend	Checkout	2025-11-22T17:53:06.9998098Z ##[endgroup]
Type Check Backend	Checkout	2025-11-22T17:53:06.9999318Z ##[group]Determining the checkout info
Type Check Backend	Checkout	2025-11-22T17:53:07.0002686Z ##[endgroup]
Type Check Backend	Checkout	2025-11-22T17:53:07.0006687Z [command]/usr/bin/git sparse-checkout disable
Type Check Backend	Checkout	2025-11-22T17:53:07.0051919Z [command]/usr/bin/git config --local --unset-all extensions.worktreeConfig
Type Check Backend	Checkout	2025-11-22T17:53:07.0089956Z ##[group]Checking out the ref
Type Check Backend	Checkout	2025-11-22T17:53:07.0094930Z [command]/usr/bin/git checkout --progress --force -B main refs/remotes/origin/main
Type Check Backend	Checkout	2025-11-22T17:53:07.1029352Z Switched to a new branch 'main'
Type Check Backend	Checkout	2025-11-22T17:53:07.1031415Z branch 'main' set up to track 'origin/main'.
Type Check Backend	Checkout	2025-11-22T17:53:07.1040904Z ##[endgroup]
Type Check Backend	Checkout	2025-11-22T17:53:07.1078753Z [command]/usr/bin/git log -1 --format=%H
Type Check Backend	Checkout	2025-11-22T17:53:07.1101262Z 5861204bb0c5830bd4aa6ac16b821403c405c4c7
Type Check Backend	Setup Node	ï»¿2025-11-22T17:53:07.1391138Z ##[group]Run actions/setup-node@v6
Type Check Backend	Setup Node	2025-11-22T17:53:07.1392296Z with:
Type Check Backend	Setup Node	2025-11-22T17:53:07.1393083Z   node-version: 20
Type Check Backend	Setup Node	2025-11-22T17:53:07.1393924Z   cache: npm
Type Check Backend	Setup Node	2025-11-22T17:53:07.1394749Z   always-auth: false
Type Check Backend	Setup Node	2025-11-22T17:53:07.1395659Z   check-latest: false
Type Check Backend	Setup Node	2025-11-22T17:53:07.1396833Z   token: ***
Type Check Backend	Setup Node	2025-11-22T17:53:07.1397714Z   package-manager-cache: true
Type Check Backend	Setup Node	2025-11-22T17:53:07.1398692Z env:
Type Check Backend	Setup Node	2025-11-22T17:53:07.1399451Z   NODE_VERSION: 20
Type Check Backend	Setup Node	2025-11-22T17:53:07.1400282Z ##[endgroup]
Type Check Backend	Setup Node	2025-11-22T17:53:07.3160869Z Found in cache @ /opt/hostedtoolcache/node/20.19.5/x64
Type Check Backend	Setup Node	2025-11-22T17:53:07.3166680Z (node:2087) [DEP0040] DeprecationWarning: The `punycode` module is deprecated. Please use a userland alternative instead.
Type Check Backend	Setup Node	2025-11-22T17:53:07.3167972Z (Use `node --trace-deprecation ...` to show where the warning was created)
Type Check Backend	Setup Node	2025-11-22T17:53:07.3170067Z ##[group]Environment details
Type Check Backend	Setup Node	2025-11-22T17:53:09.4227873Z node: v20.19.5
Type Check Backend	Setup Node	2025-11-22T17:53:09.4228443Z npm: 10.8.2
Type Check Backend	Setup Node	2025-11-22T17:53:09.4228747Z yarn: 1.22.22
Type Check Backend	Setup Node	2025-11-22T17:53:09.4230477Z ##[endgroup]
Type Check Backend	Setup Node	2025-11-22T17:53:09.4249815Z [command]/opt/hostedtoolcache/node/20.19.5/x64/bin/npm config get cache
Type Check Backend	Setup Node	2025-11-22T17:53:09.6936236Z /home/runner/.npm
Type Check Backend	Setup Node	2025-11-22T17:53:09.7824480Z Cache hit for: node-cache-Linux-x64-npm-7b5741da819567a7a1e462079de2b6d7816239b0198ed8a94d52986d298c76cf
Type Check Backend	Setup Node	2025-11-22T17:53:09.7922770Z (node:2087) [DEP0169] DeprecationWarning: `url.parse()` behavior is not standardized and prone to errors that have security implications. Use the WHATWG URL API instead. CVEs are not issued for `url.parse()` vulnerabilities.
Type Check Backend	Setup Node	2025-11-22T17:53:10.5100626Z Received 146348881 of 146348881 (100.0%), 202.3 MBs/sec
Type Check Backend	Setup Node	2025-11-22T17:53:10.5102504Z Cache Size: ~140 MB (146348881 B)
Type Check Backend	Setup Node	2025-11-22T17:53:10.5166131Z [command]/usr/bin/tar -xf /home/runner/work/_temp/d72b3ad7-88b3-47f6-84bc-a82aeff52a4d/cache.tzst -P -C /home/runner/work/ECONEURA/ECONEURA --use-compress-program unzstd
Type Check Backend	Setup Node	2025-11-22T17:53:11.2058965Z Cache restored successfully
Type Check Backend	Setup Node	2025-11-22T17:53:11.2368158Z Cache restored from key: node-cache-Linux-x64-npm-7b5741da819567a7a1e462079de2b6d7816239b0198ed8a94d52986d298c76cf
Type Check Backend	Install dependencies	ï»¿2025-11-22T17:53:11.2572286Z ##[group]Run npm ci
Type Check Backend	Install dependencies	2025-11-22T17:53:11.2572581Z [36;1mnpm ci[0m
Type Check Backend	Install dependencies	2025-11-22T17:53:11.2618079Z shell: /usr/bin/bash -e {0}
Type Check Backend	Install dependencies	2025-11-22T17:53:11.2618333Z env:
Type Check Backend	Install dependencies	2025-11-22T17:53:11.2618506Z   NODE_VERSION: 20
Type Check Backend	Install dependencies	2025-11-22T17:53:11.2618703Z ##[endgroup]
Type Check Backend	Install dependencies	2025-11-22T17:53:15.0868855Z npm warn deprecated @types/express-rate-limit@6.0.2: This is a stub types definition. express-rate-limit provides its own type definitions, so you do not need this installed.
Type Check Backend	Install dependencies	2025-11-22T17:53:15.1114666Z npm warn deprecated inflight@1.0.6: This module is not supported, and leaks memory. Do not use it. Check out lru-cache if you want a good and tested way to coalesce async requests by a key value, which is much more comprehensive and powerful.
Type Check Backend	Install dependencies	2025-11-22T17:53:15.8572969Z npm warn deprecated glob@7.2.3: Glob versions prior to v9 are no longer supported
Type Check Backend	Install dependencies	2025-11-22T17:53:23.6449920Z npm warn deprecated @types/axios@0.14.4: This is a stub types definition. axios provides its own type definitions, so you do not need this installed.
Type Check Backend	Install dependencies	2025-11-22T17:53:33.9036649Z 
Type Check Backend	Install dependencies	2025-11-22T17:53:33.9041876Z added 1248 packages, and audited 1251 packages in 23s
Type Check Backend	Install dependencies	2025-11-22T17:53:33.9043582Z 
Type Check Backend	Install dependencies	2025-11-22T17:53:33.9043881Z 309 packages are looking for funding
Type Check Backend	Install dependencies	2025-11-22T17:53:33.9044359Z   run `npm fund` for details
Type Check Backend	Install dependencies	2025-11-22T17:53:33.9053217Z 
Type Check Backend	Install dependencies	2025-11-22T17:53:33.9053568Z found 0 vulnerabilities
Type Check Backend	Type-check backend	ï»¿2025-11-22T17:53:33.9776551Z ##[group]Run npm run type-check:backend
Type Check Backend	Type-check backend	2025-11-22T17:53:33.9776914Z [36;1mnpm run type-check:backend[0m
Type Check Backend	Type-check backend	2025-11-22T17:53:33.9811884Z shell: /usr/bin/bash -e {0}
Type Check Backend	Type-check backend	2025-11-22T17:53:33.9812149Z env:
Type Check Backend	Type-check backend	2025-11-22T17:53:33.9812326Z   NODE_VERSION: 20
Type Check Backend	Type-check backend	2025-11-22T17:53:33.9812513Z ##[endgroup]
Type Check Backend	Type-check backend	2025-11-22T17:53:34.0940655Z 
Type Check Backend	Type-check backend	2025-11-22T17:53:34.0941538Z > econeura-full@1.0.0 type-check:backend
Type Check Backend	Type-check backend	2025-11-22T17:53:34.0942282Z > npm run type-check --workspace=@econeura/backend
Type Check Backend	Type-check backend	2025-11-22T17:53:34.0943205Z 
Type Check Backend	Type-check backend	2025-11-22T17:53:34.2284194Z 
Type Check Backend	Type-check backend	2025-11-22T17:53:34.2285497Z > @econeura/backend@1.0.0 type-check
Type Check Backend	Type-check backend	2025-11-22T17:53:34.2287370Z > tsc -p tsconfig.json --noEmit --skipLibCheck
Type Check Backend	Type-check backend	2025-11-22T17:53:34.2287820Z 
Type Check Backend	Post Setup Node	ï»¿2025-11-22T17:53:38.1810908Z Post job cleanup.
Type Check Backend	Post Setup Node	2025-11-22T17:53:38.2973981Z (node:2238) [DEP0040] DeprecationWarning: The `punycode` module is deprecated. Please use a userland alternative instead.
Type Check Backend	Post Setup Node	2025-11-22T17:53:38.2974908Z (Use `node --trace-deprecation ...` to show where the warning was created)
Type Check Backend	Post Setup Node	2025-11-22T17:53:38.2978095Z Cache hit occurred on the primary key node-cache-Linux-x64-npm-7b5741da819567a7a1e462079de2b6d7816239b0198ed8a94d52986d298c76cf, not saving cache.
Type Check Backend	Post Checkout	ï»¿2025-11-22T17:53:38.3108213Z Post job cleanup.
Type Check Backend	Post Checkout	2025-11-22T17:53:38.3894762Z [command]/usr/bin/git version
Type Check Backend	Post Checkout	2025-11-22T17:53:38.3931758Z git version 2.51.2
Type Check Backend	Post Checkout	2025-11-22T17:53:38.3968714Z Temporarily overriding HOME='/home/runner/work/_temp/002a31f6-e55d-4fb2-b2bf-5392822f878b' before making global git config changes
Type Check Backend	Post Checkout	2025-11-22T17:53:38.3969727Z Adding repository directory to the temporary git global config as a safe directory
Type Check Backend	Post Checkout	2025-11-22T17:53:38.3974508Z [command]/usr/bin/git config --global --add safe.directory /home/runner/work/ECONEURA/ECONEURA
Type Check Backend	Post Checkout	2025-11-22T17:53:38.4006802Z Removing SSH command configuration
Type Check Backend	Post Checkout	2025-11-22T17:53:38.4013531Z [command]/usr/bin/git config --local --name-only --get-regexp core\.sshCommand
Type Check Backend	Post Checkout	2025-11-22T17:53:38.4049785Z [command]/usr/bin/git submodule foreach --recursive sh -c "git config --local --name-only --get-regexp 'core\.sshCommand' && git config --local --unset-all 'core.sshCommand' || :"
Type Check Backend	Post Checkout	2025-11-22T17:53:38.4312892Z Removing HTTP extra header
Type Check Backend	Post Checkout	2025-11-22T17:53:38.4318269Z [command]/usr/bin/git config --local --name-only --get-regexp http\.https\:\/\/github\.com\/\.extraheader
Type Check Backend	Post Checkout	2025-11-22T17:53:38.4356309Z [command]/usr/bin/git submodule foreach --recursive sh -c "git config --local --name-only --get-regexp 'http\.https\:\/\/github\.com\/\.extraheader' && git config --local --unset-all 'http.https://github.com/.extraheader' || :"
Type Check Backend	Post Checkout	2025-11-22T17:53:38.4586660Z Removing includeIf entries pointing to credentials config files
Type Check Backend	Post Checkout	2025-11-22T17:53:38.4587878Z [command]/usr/bin/git config --local --name-only --get-regexp ^includeIf\.gitdir:
Type Check Backend	Post Checkout	2025-11-22T17:53:38.4609297Z includeif.gitdir:/home/runner/work/ECONEURA/ECONEURA/.git.path
Type Check Backend	Post Checkout	2025-11-22T17:53:38.4610051Z includeif.gitdir:/github/workspace/.git.path
Type Check Backend	Post Checkout	2025-11-22T17:53:38.4619217Z [command]/usr/bin/git config --local --get-all includeif.gitdir:/home/runner/work/ECONEURA/ECONEURA/.git.path
Type Check Backend	Post Checkout	2025-11-22T17:53:38.4639802Z /home/runner/work/_temp/git-credentials-aac90405-5ed3-4e92-9bb5-6216b2c04396.config
Type Check Backend	Post Checkout	2025-11-22T17:53:38.4650263Z [command]/usr/bin/git config --local --unset includeif.gitdir:/home/runner/work/ECONEURA/ECONEURA/.git.path /home/runner/work/_temp/git-credentials-aac90405-5ed3-4e92-9bb5-6216b2c04396.config
Type Check Backend	Post Checkout	2025-11-22T17:53:38.4683431Z [command]/usr/bin/git config --local --get-all includeif.gitdir:/github/workspace/.git.path
Type Check Backend	Post Checkout	2025-11-22T17:53:38.4707873Z /github/runner_temp/git-credentials-aac90405-5ed3-4e92-9bb5-6216b2c04396.config
Type Check Backend	Post Checkout	2025-11-22T17:53:38.4718781Z [command]/usr/bin/git config --local --unset includeif.gitdir:/github/workspace/.git.path /github/runner_temp/git-credentials-aac90405-5ed3-4e92-9bb5-6216b2c04396.config
Type Check Backend	Post Checkout	2025-11-22T17:53:38.4759506Z [command]/usr/bin/git submodule foreach --recursive git config --local --show-origin --name-only --get-regexp remote.origin.url
Type Check Backend	Post Checkout	2025-11-22T17:53:38.4992686Z Removing credentials config '/home/runner/work/_temp/git-credentials-aac90405-5ed3-4e92-9bb5-6216b2c04396.config'
Type Check Backend	Complete job	ï»¿2025-11-22T17:53:38.5129334Z Cleaning up orphan processes
Security Scan	Set up job	ï»¿2025-11-22T17:53:05.6290468Z Current runner version: '2.329.0'
Security Scan	Set up job	2025-11-22T17:53:05.6325259Z ##[group]Runner Image Provisioner
Security Scan	Set up job	2025-11-22T17:53:05.6326513Z Hosted Compute Agent
Security Scan	Set up job	2025-11-22T17:53:05.6327440Z Version: 20251016.436
Security Scan	Set up job	2025-11-22T17:53:05.6328601Z Commit: 8ab8ac8bfd662a3739dab9fe09456aba92132568
Security Scan	Set up job	2025-11-22T17:53:05.6330143Z Build Date: 2025-10-15T20:44:12Z
Security Scan	Set up job	2025-11-22T17:53:05.6331110Z ##[endgroup]
Security Scan	Set up job	2025-11-22T17:53:05.6332130Z ##[group]Operating System
Security Scan	Set up job	2025-11-22T17:53:05.6333010Z Ubuntu
Security Scan	Set up job	2025-11-22T17:53:05.6333795Z 24.04.3
Security Scan	Set up job	2025-11-22T17:53:05.6334726Z LTS
Security Scan	Set up job	2025-11-22T17:53:05.6335624Z ##[endgroup]
Security Scan	Set up job	2025-11-22T17:53:05.6336589Z ##[group]Runner Image
Security Scan	Set up job	2025-11-22T17:53:05.6337494Z Image: ubuntu-24.04
Security Scan	Set up job	2025-11-22T17:53:05.6338360Z Version: 20251112.124.1
Security Scan	Set up job	2025-11-22T17:53:05.6340293Z Included Software: https://github.com/actions/runner-images/blob/ubuntu24/20251112.124/images/ubuntu/Ubuntu2404-Readme.md
Security Scan	Set up job	2025-11-22T17:53:05.6342928Z Image Release: https://github.com/actions/runner-images/releases/tag/ubuntu24%2F20251112.124
Security Scan	Set up job	2025-11-22T17:53:05.6344973Z ##[endgroup]
Security Scan	Set up job	2025-11-22T17:53:05.6346788Z ##[group]GITHUB_TOKEN Permissions
Security Scan	Set up job	2025-11-22T17:53:05.6349552Z Contents: read
Security Scan	Set up job	2025-11-22T17:53:05.6350646Z Metadata: read
Security Scan	Set up job	2025-11-22T17:53:05.6352174Z Packages: read
Security Scan	Set up job	2025-11-22T17:53:05.6352980Z ##[endgroup]
Security Scan	Set up job	2025-11-22T17:53:05.6356206Z Secret source: Actions
Security Scan	Set up job	2025-11-22T17:53:05.6357644Z Prepare workflow directory
Security Scan	Set up job	2025-11-22T17:53:05.6925532Z Prepare all required actions
Security Scan	Set up job	2025-11-22T17:53:05.6984599Z Getting action download info
Security Scan	Set up job	2025-11-22T17:53:05.9200906Z Download action repository 'actions/checkout@v6' (SHA:1af3b93b6815bc44a9784bd300feb67ff0d1eeb3)
Security Scan	Set up job	2025-11-22T17:53:06.2376482Z Download action repository 'snyk/actions@master' (SHA:9adf32b1121593767fc3c057af55b55db032dc04)
Security Scan	Set up job	2025-11-22T17:53:06.5432358Z Complete job name: Security Scan
Security Scan	Pull snyk/snyk:node	ï»¿2025-11-22T17:53:06.5880664Z ##[group]Pull down action image 'snyk/snyk:node'
Security Scan	Pull snyk/snyk:node	2025-11-22T17:53:06.5932538Z ##[command]/usr/bin/docker pull snyk/snyk:node
Security Scan	Pull snyk/snyk:node	2025-11-22T17:53:06.9565923Z node: Pulling from snyk/snyk
Security Scan	Pull snyk/snyk:node	2025-11-22T17:53:07.0153140Z 708274aafe49: Pulling fs layer
Security Scan	Pull snyk/snyk:node	2025-11-22T17:53:07.0154636Z 8cdff261ed5c: Pulling fs layer
Security Scan	Pull snyk/snyk:node	2025-11-22T17:53:07.0155858Z 078b2eece9b2: Pulling fs layer
Security Scan	Pull snyk/snyk:node	2025-11-22T17:53:07.0157039Z a1208d53eb06: Pulling fs layer
Security Scan	Pull snyk/snyk:node	2025-11-22T17:53:07.0158127Z 78c780840163: Pulling fs layer
Security Scan	Pull snyk/snyk:node	2025-11-22T17:53:07.0159341Z 435cbc1d6a03: Pulling fs layer
Security Scan	Pull snyk/snyk:node	2025-11-22T17:53:07.0160514Z 29dd662fc17f: Pulling fs layer
Security Scan	Pull snyk/snyk:node	2025-11-22T17:53:07.0161288Z 73d86704c819: Pulling fs layer
Security Scan	Pull snyk/snyk:node	2025-11-22T17:53:07.0162027Z 5a628ceaf18b: Pulling fs layer
Security Scan	Pull snyk/snyk:node	2025-11-22T17:53:07.0162766Z 14ead582146d: Pulling fs layer
Security Scan	Pull snyk/snyk:node	2025-11-22T17:53:07.0163481Z 1e8c28825fc2: Pulling fs layer
Security Scan	Pull snyk/snyk:node	2025-11-22T17:53:07.0164217Z 4f4fb700ef54: Pulling fs layer
Security Scan	Pull snyk/snyk:node	2025-11-22T17:53:07.0164939Z 73d86704c819: Waiting
Security Scan	Pull snyk/snyk:node	2025-11-22T17:53:07.0165588Z 5a628ceaf18b: Waiting
Security Scan	Pull snyk/snyk:node	2025-11-22T17:53:07.0166369Z 4f4fb700ef54: Waiting
Security Scan	Pull snyk/snyk:node	2025-11-22T17:53:07.0167067Z 14ead582146d: Waiting
Security Scan	Pull snyk/snyk:node	2025-11-22T17:53:07.0167748Z 1e8c28825fc2: Waiting
Security Scan	Pull snyk/snyk:node	2025-11-22T17:53:07.0168440Z a1208d53eb06: Waiting
Security Scan	Pull snyk/snyk:node	2025-11-22T17:53:07.0169128Z 78c780840163: Waiting
Security Scan	Pull snyk/snyk:node	2025-11-22T17:53:07.0170054Z 435cbc1d6a03: Waiting
Security Scan	Pull snyk/snyk:node	2025-11-22T17:53:07.0170766Z 29dd662fc17f: Waiting
Security Scan	Pull snyk/snyk:node	2025-11-22T17:53:07.3160899Z 8cdff261ed5c: Verifying Checksum
Security Scan	Pull snyk/snyk:node	2025-11-22T17:53:07.3165055Z 8cdff261ed5c: Download complete
Security Scan	Pull snyk/snyk:node	2025-11-22T17:53:07.8037905Z 708274aafe49: Verifying Checksum
Security Scan	Pull snyk/snyk:node	2025-11-22T17:53:07.8041738Z 708274aafe49: Download complete
Security Scan	Pull snyk/snyk:node	2025-11-22T17:53:07.9107992Z 78c780840163: Verifying Checksum
Security Scan	Pull snyk/snyk:node	2025-11-22T17:53:07.9110071Z 78c780840163: Download complete
Security Scan	Pull snyk/snyk:node	2025-11-22T17:53:08.0804053Z 078b2eece9b2: Verifying Checksum
Security Scan	Pull snyk/snyk:node	2025-11-22T17:53:08.0807203Z 078b2eece9b2: Download complete
Security Scan	Pull snyk/snyk:node	2025-11-22T17:53:08.1922994Z 29dd662fc17f: Verifying Checksum
Security Scan	Pull snyk/snyk:node	2025-11-22T17:53:08.1924166Z 29dd662fc17f: Download complete
Security Scan	Pull snyk/snyk:node	2025-11-22T17:53:08.2700792Z 73d86704c819: Verifying Checksum
Security Scan	Pull snyk/snyk:node	2025-11-22T17:53:08.2704152Z 73d86704c819: Download complete
Security Scan	Pull snyk/snyk:node	2025-11-22T17:53:08.3588171Z 5a628ceaf18b: Verifying Checksum
Security Scan	Pull snyk/snyk:node	2025-11-22T17:53:08.3588700Z 5a628ceaf18b: Download complete
Security Scan	Pull snyk/snyk:node	2025-11-22T17:53:08.4359297Z 14ead582146d: Verifying Checksum
Security Scan	Pull snyk/snyk:node	2025-11-22T17:53:08.4360319Z 14ead582146d: Download complete
Security Scan	Pull snyk/snyk:node	2025-11-22T17:53:08.7432017Z 435cbc1d6a03: Verifying Checksum
Security Scan	Pull snyk/snyk:node	2025-11-22T17:53:08.7433142Z 435cbc1d6a03: Download complete
Security Scan	Pull snyk/snyk:node	2025-11-22T17:53:08.8407582Z 4f4fb700ef54: Verifying Checksum
Security Scan	Pull snyk/snyk:node	2025-11-22T17:53:08.8408154Z 4f4fb700ef54: Download complete
Security Scan	Pull snyk/snyk:node	2025-11-22T17:53:09.0143146Z 1e8c28825fc2: Verifying Checksum
Security Scan	Pull snyk/snyk:node	2025-11-22T17:53:09.0144147Z 1e8c28825fc2: Download complete
Security Scan	Pull snyk/snyk:node	2025-11-22T17:53:09.6962895Z 708274aafe49: Pull complete
Security Scan	Pull snyk/snyk:node	2025-11-22T17:53:10.8289172Z a1208d53eb06: Verifying Checksum
Security Scan	Pull snyk/snyk:node	2025-11-22T17:53:10.8289973Z a1208d53eb06: Download complete
Security Scan	Pull snyk/snyk:node	2025-11-22T17:53:11.4740759Z 8cdff261ed5c: Pull complete
Security Scan	Pull snyk/snyk:node	2025-11-22T17:53:13.7965161Z 078b2eece9b2: Pull complete
Security Scan	Pull snyk/snyk:node	2025-11-22T17:53:20.2048398Z a1208d53eb06: Pull complete
Security Scan	Pull snyk/snyk:node	2025-11-22T17:53:20.2390090Z 78c780840163: Pull complete
Security Scan	Pull snyk/snyk:node	2025-11-22T17:53:22.5452326Z 435cbc1d6a03: Pull complete
Security Scan	Pull snyk/snyk:node	2025-11-22T17:53:22.5803777Z 29dd662fc17f: Pull complete
Security Scan	Pull snyk/snyk:node	2025-11-22T17:53:22.5902642Z 73d86704c819: Pull complete
Security Scan	Pull snyk/snyk:node	2025-11-22T17:53:22.5993498Z 5a628ceaf18b: Pull complete
Security Scan	Pull snyk/snyk:node	2025-11-22T17:53:22.6107255Z 14ead582146d: Pull complete
Security Scan	Pull snyk/snyk:node	2025-11-22T17:53:23.3312707Z 1e8c28825fc2: Pull complete
Security Scan	Pull snyk/snyk:node	2025-11-22T17:53:23.3399389Z 4f4fb700ef54: Pull complete
Security Scan	Pull snyk/snyk:node	2025-11-22T17:53:23.3436569Z Digest: sha256:72686d855a0025816ded35f6afda27fa444af305ef899920e10dfb9c7e589cb2
Security Scan	Pull snyk/snyk:node	2025-11-22T17:53:23.3448581Z Status: Downloaded newer image for snyk/snyk:node
Security Scan	Pull snyk/snyk:node	2025-11-22T17:53:23.3460198Z docker.io/snyk/snyk:node
Security Scan	Pull snyk/snyk:node	2025-11-22T17:53:23.3481818Z ##[endgroup]
Security Scan	Checkout	ï»¿2025-11-22T17:53:23.3727760Z ##[group]Run actions/checkout@v6
Security Scan	Checkout	2025-11-22T17:53:23.3728310Z with:
Security Scan	Checkout	2025-11-22T17:53:23.3728518Z   repository: ECONEURA-EMPRESA/ECONEURA
Security Scan	Checkout	2025-11-22T17:53:23.3728918Z   token: ***
Security Scan	Checkout	2025-11-22T17:53:23.3729089Z   ssh-strict: true
Security Scan	Checkout	2025-11-22T17:53:23.3729267Z   ssh-user: git
Security Scan	Checkout	2025-11-22T17:53:23.3729447Z   persist-credentials: true
Security Scan	Checkout	2025-11-22T17:53:23.3729653Z   clean: true
Security Scan	Checkout	2025-11-22T17:53:23.3730083Z   sparse-checkout-cone-mode: true
Security Scan	Checkout	2025-11-22T17:53:23.3730330Z   fetch-depth: 1
Security Scan	Checkout	2025-11-22T17:53:23.3730498Z   fetch-tags: false
Security Scan	Checkout	2025-11-22T17:53:23.3730678Z   show-progress: true
Security Scan	Checkout	2025-11-22T17:53:23.3730855Z   lfs: false
Security Scan	Checkout	2025-11-22T17:53:23.3731019Z   submodules: false
Security Scan	Checkout	2025-11-22T17:53:23.3731216Z   set-safe-directory: true
Security Scan	Checkout	2025-11-22T17:53:23.3731651Z env:
Security Scan	Checkout	2025-11-22T17:53:23.3731820Z   NODE_VERSION: 20
Security Scan	Checkout	2025-11-22T17:53:23.3732001Z ##[endgroup]
Security Scan	Checkout	2025-11-22T17:53:23.4633893Z Syncing repository: ECONEURA-EMPRESA/ECONEURA
Security Scan	Checkout	2025-11-22T17:53:23.4635309Z ##[group]Getting Git version info
Security Scan	Checkout	2025-11-22T17:53:23.4635691Z Working directory is '/home/runner/work/ECONEURA/ECONEURA'
Security Scan	Checkout	2025-11-22T17:53:23.4636288Z [command]/usr/bin/git version
Security Scan	Checkout	2025-11-22T17:53:23.4712257Z git version 2.51.2
Security Scan	Checkout	2025-11-22T17:53:23.4764546Z ##[endgroup]
Security Scan	Checkout	2025-11-22T17:53:23.4778871Z Temporarily overriding HOME='/home/runner/work/_temp/b2adda55-1e23-4f20-9cbe-943a61656c2e' before making global git config changes
Security Scan	Checkout	2025-11-22T17:53:23.4779969Z Adding repository directory to the temporary git global config as a safe directory
Security Scan	Checkout	2025-11-22T17:53:23.4784055Z [command]/usr/bin/git config --global --add safe.directory /home/runner/work/ECONEURA/ECONEURA
Security Scan	Checkout	2025-11-22T17:53:23.4820663Z Deleting the contents of '/home/runner/work/ECONEURA/ECONEURA'
Security Scan	Checkout	2025-11-22T17:53:23.4823924Z ##[group]Initializing the repository
Security Scan	Checkout	2025-11-22T17:53:23.4828310Z [command]/usr/bin/git init /home/runner/work/ECONEURA/ECONEURA
Security Scan	Checkout	2025-11-22T17:53:23.4952705Z hint: Using 'master' as the name for the initial branch. This default branch name
Security Scan	Checkout	2025-11-22T17:53:23.4953477Z hint: is subject to change. To configure the initial branch name to use in all
Security Scan	Checkout	2025-11-22T17:53:23.4954014Z hint: of your new repositories, which will suppress this warning, call:
Security Scan	Checkout	2025-11-22T17:53:23.4954468Z hint:
Security Scan	Checkout	2025-11-22T17:53:23.4954982Z hint: 	git config --global init.defaultBranch <name>
Security Scan	Checkout	2025-11-22T17:53:23.4955490Z hint:
Security Scan	Checkout	2025-11-22T17:53:23.4955961Z hint: Names commonly chosen instead of 'master' are 'main', 'trunk' and
Security Scan	Checkout	2025-11-22T17:53:23.4956781Z hint: 'development'. The just-created branch can be renamed via this command:
Security Scan	Checkout	2025-11-22T17:53:23.4957716Z hint:
Security Scan	Checkout	2025-11-22T17:53:23.4958165Z hint: 	git branch -m <name>
Security Scan	Checkout	2025-11-22T17:53:23.4958534Z hint:
Security Scan	Checkout	2025-11-22T17:53:23.4959067Z hint: Disable this message with "git config set advice.defaultBranchName false"
Security Scan	Checkout	2025-11-22T17:53:23.4960107Z Initialized empty Git repository in /home/runner/work/ECONEURA/ECONEURA/.git/
Security Scan	Checkout	2025-11-22T17:53:23.4968827Z [command]/usr/bin/git remote add origin https://github.com/ECONEURA-EMPRESA/ECONEURA
Security Scan	Checkout	2025-11-22T17:53:23.5003313Z ##[endgroup]
Security Scan	Checkout	2025-11-22T17:53:23.5003709Z ##[group]Disabling automatic garbage collection
Security Scan	Checkout	2025-11-22T17:53:23.5007358Z [command]/usr/bin/git config --local gc.auto 0
Security Scan	Checkout	2025-11-22T17:53:23.5033482Z ##[endgroup]
Security Scan	Checkout	2025-11-22T17:53:23.5033831Z ##[group]Setting up auth
Security Scan	Checkout	2025-11-22T17:53:23.5035337Z Removing SSH command configuration
Security Scan	Checkout	2025-11-22T17:53:23.5041896Z [command]/usr/bin/git config --local --name-only --get-regexp core\.sshCommand
Security Scan	Checkout	2025-11-22T17:53:23.5072294Z [command]/usr/bin/git submodule foreach --recursive sh -c "git config --local --name-only --get-regexp 'core\.sshCommand' && git config --local --unset-all 'core.sshCommand' || :"
Security Scan	Checkout	2025-11-22T17:53:23.5424577Z Removing HTTP extra header
Security Scan	Checkout	2025-11-22T17:53:23.5429525Z [command]/usr/bin/git config --local --name-only --get-regexp http\.https\:\/\/github\.com\/\.extraheader
Security Scan	Checkout	2025-11-22T17:53:23.5460011Z [command]/usr/bin/git submodule foreach --recursive sh -c "git config --local --name-only --get-regexp 'http\.https\:\/\/github\.com\/\.extraheader' && git config --local --unset-all 'http.https://github.com/.extraheader' || :"
Security Scan	Checkout	2025-11-22T17:53:23.5671337Z Removing includeIf entries pointing to credentials config files
Security Scan	Checkout	2025-11-22T17:53:23.5677008Z [command]/usr/bin/git config --local --name-only --get-regexp ^includeIf\.gitdir:
Security Scan	Checkout	2025-11-22T17:53:23.5709335Z [command]/usr/bin/git submodule foreach --recursive git config --local --show-origin --name-only --get-regexp remote.origin.url
Security Scan	Checkout	2025-11-22T17:53:23.5931505Z [command]/usr/bin/git config --file /home/runner/work/_temp/git-credentials-b6b5b923-69af-4637-9ed8-ef1c5fb8406c.config http.https://github.com/.extraheader AUTHORIZATION: basic ***
Security Scan	Checkout	2025-11-22T17:53:23.5967072Z [command]/usr/bin/git config --local includeIf.gitdir:/home/runner/work/ECONEURA/ECONEURA/.git.path /home/runner/work/_temp/git-credentials-b6b5b923-69af-4637-9ed8-ef1c5fb8406c.config
Security Scan	Checkout	2025-11-22T17:53:23.5996180Z [command]/usr/bin/git config --local includeIf.gitdir:/github/workspace/.git.path /github/runner_temp/git-credentials-b6b5b923-69af-4637-9ed8-ef1c5fb8406c.config
Security Scan	Checkout	2025-11-22T17:53:23.6020630Z ##[endgroup]
Security Scan	Checkout	2025-11-22T17:53:23.6021006Z ##[group]Fetching the repository
Security Scan	Checkout	2025-11-22T17:53:23.6029667Z [command]/usr/bin/git -c protocol.version=2 fetch --no-tags --prune --no-recurse-submodules --depth=1 origin +5861204bb0c5830bd4aa6ac16b821403c405c4c7:refs/remotes/origin/main
Security Scan	Checkout	2025-11-22T17:53:23.9668295Z From https://github.com/ECONEURA-EMPRESA/ECONEURA
Security Scan	Checkout	2025-11-22T17:53:23.9669491Z  * [new ref]         5861204bb0c5830bd4aa6ac16b821403c405c4c7 -> origin/main
Security Scan	Checkout	2025-11-22T17:53:23.9704657Z ##[endgroup]
Security Scan	Checkout	2025-11-22T17:53:23.9705292Z ##[group]Determining the checkout info
Security Scan	Checkout	2025-11-22T17:53:23.9708180Z ##[endgroup]
Security Scan	Checkout	2025-11-22T17:53:23.9714230Z [command]/usr/bin/git sparse-checkout disable
Security Scan	Checkout	2025-11-22T17:53:23.9758450Z [command]/usr/bin/git config --local --unset-all extensions.worktreeConfig
Security Scan	Checkout	2025-11-22T17:53:23.9788563Z ##[group]Checking out the ref
Security Scan	Checkout	2025-11-22T17:53:23.9793114Z [command]/usr/bin/git checkout --progress --force -B main refs/remotes/origin/main
Security Scan	Checkout	2025-11-22T17:53:24.0726670Z Switched to a new branch 'main'
Security Scan	Checkout	2025-11-22T17:53:24.0727300Z branch 'main' set up to track 'origin/main'.
Security Scan	Checkout	2025-11-22T17:53:24.0739542Z ##[endgroup]
Security Scan	Checkout	2025-11-22T17:53:24.0781626Z [command]/usr/bin/git log -1 --format=%H
Security Scan	Checkout	2025-11-22T17:53:24.0805861Z 5861204bb0c5830bd4aa6ac16b821403c405c4c7
Security Scan	Run npm audit	ï»¿2025-11-22T17:53:24.0964845Z ##[group]Run cd packages/backend
Security Scan	Run npm audit	2025-11-22T17:53:24.0965208Z [36;1mcd packages/backend[0m
Security Scan	Run npm audit	2025-11-22T17:53:24.0965452Z [36;1mnpm audit --audit-level=moderate[0m
Security Scan	Run npm audit	2025-11-22T17:53:24.1003915Z shell: /usr/bin/bash -e {0}
Security Scan	Run npm audit	2025-11-22T17:53:24.1004158Z env:
Security Scan	Run npm audit	2025-11-22T17:53:24.1004315Z   NODE_VERSION: 20
Security Scan	Run npm audit	2025-11-22T17:53:24.1004495Z ##[endgroup]
Security Scan	Run npm audit	2025-11-22T17:53:26.3569637Z found 0 vulnerabilities
Security Scan	Run Snyk security scan	ï»¿2025-11-22T17:53:26.3705175Z ##[group]Run snyk/actions/node@master
Security Scan	Run Snyk security scan	2025-11-22T17:53:26.3705465Z with:
Security Scan	Run Snyk security scan	2025-11-22T17:53:26.3705669Z   args: --severity-threshold=high
Security Scan	Run Snyk security scan	2025-11-22T17:53:26.3705914Z   command: test
Security Scan	Run Snyk security scan	2025-11-22T17:53:26.3706104Z   json: false
Security Scan	Run Snyk security scan	2025-11-22T17:53:26.3706272Z env:
Security Scan	Run Snyk security scan	2025-11-22T17:53:26.3706445Z   NODE_VERSION: 20
Security Scan	Run Snyk security scan	2025-11-22T17:53:26.3706629Z   SNYK_TOKEN: 
Security Scan	Run Snyk security scan	2025-11-22T17:53:26.3706811Z ##[endgroup]
Security Scan	Run Snyk security scan	2025-11-22T17:53:26.3813817Z ##[command]/usr/bin/docker run --name snyksnyknode_8ec846 --label 304a22 --workdir /github/workspace --rm -e "NODE_VERSION" -e "SNYK_TOKEN" -e "INPUT_ARGS" -e "INPUT_COMMAND" -e "INPUT_JSON" -e "FORCE_COLOR" -e "SNYK_INTEGRATION_NAME" -e "SNYK_INTEGRATION_VERSION" -e "HOME" -e "GITHUB_JOB" -e "GITHUB_REF" -e "GITHUB_SHA" -e "GITHUB_REPOSITORY" -e "GITHUB_REPOSITORY_OWNER" -e "GITHUB_REPOSITORY_OWNER_ID" -e "GITHUB_RUN_ID" -e "GITHUB_RUN_NUMBER" -e "GITHUB_RETENTION_DAYS" -e "GITHUB_RUN_ATTEMPT" -e "GITHUB_ACTOR_ID" -e "GITHUB_ACTOR" -e "GITHUB_WORKFLOW" -e "GITHUB_HEAD_REF" -e "GITHUB_BASE_REF" -e "GITHUB_EVENT_NAME" -e "GITHUB_SERVER_URL" -e "GITHUB_API_URL" -e "GITHUB_GRAPHQL_URL" -e "GITHUB_REF_NAME" -e "GITHUB_REF_PROTECTED" -e "GITHUB_REF_TYPE" -e "GITHUB_WORKFLOW_REF" -e "GITHUB_WORKFLOW_SHA" -e "GITHUB_REPOSITORY_ID" -e "GITHUB_TRIGGERING_ACTOR" -e "GITHUB_WORKSPACE" -e "GITHUB_ACTION" -e "GITHUB_EVENT_PATH" -e "GITHUB_ACTION_REPOSITORY" -e "GITHUB_ACTION_REF" -e "GITHUB_PATH" -e "GITHUB_ENV" -e "GITHUB_STEP_SUMMARY" -e "GITHUB_STATE" -e "GITHUB_OUTPUT" -e "RUNNER_OS" -e "RUNNER_ARCH" -e "RUNNER_NAME" -e "RUNNER_ENVIRONMENT" -e "RUNNER_TOOL_CACHE" -e "RUNNER_TEMP" -e "RUNNER_WORKSPACE" -e "ACTIONS_RUNTIME_URL" -e "ACTIONS_RUNTIME_TOKEN" -e "ACTIONS_CACHE_URL" -e "ACTIONS_RESULTS_URL" -e GITHUB_ACTIONS=true -e CI=true -v "/var/run/docker.sock":"/var/run/docker.sock" -v "/home/runner/work/_temp/_github_home":"/github/home" -v "/home/runner/work/_temp/_github_workflow":"/github/workflow" -v "/home/runner/work/_temp/_runner_file_commands":"/github/file_commands" -v "/home/runner/work/ECONEURA/ECONEURA":"/github/workspace" snyk/snyk:node  "snyk" "test" "--severity-threshold=high"
Security Scan	Run Snyk security scan	2025-11-22T17:53:29.3435080Z 
Security Scan	Run Snyk security scan	2025-11-22T17:53:29.3435592Z  ERROR   Authentication error (SNYK-0005)
Security Scan	Run Snyk security scan	2025-11-22T17:53:29.3436300Z          Authentication credentials not recognized, or user access is not provisioned.  
Security Scan	Run Snyk security scan	2025-11-22T17:53:29.3437097Z          Revise credentials and try again, or request access from your Snyk             
Security Scan	Run Snyk security scan	2025-11-22T17:53:29.3437786Z          administrator.                                                                 
Security Scan	Run Snyk security scan	2025-11-22T17:53:29.3438350Z                                                                                         
Security Scan	Run Snyk security scan	2025-11-22T17:53:29.3439078Z            Use `snyk auth` to authenticate.                                             
Security Scan	Run Snyk security scan	2025-11-22T17:53:29.3439639Z 
Security Scan	Run Snyk security scan	2025-11-22T17:53:29.3439997Z Status:  401 Unauthorized 
Security Scan	Run Snyk security scan	2025-11-22T17:53:29.3440599Z Docs:    https://docs.snyk.io/scan-with-snyk/error-catalog#snyk-0005 
Security Scan	Run Snyk security scan	2025-11-22T17:53:29.3441271Z                                                                      
Security Scan	Run Snyk security scan	2025-11-22T17:53:29.3441938Z ID:      urn:snyk:interaction:7553079c-4a72-4fad-bb6d-d7f0f0468959 
Security Scan	Post Checkout	ï»¿2025-11-22T17:53:29.7283486Z Post job cleanup.
Security Scan	Post Checkout	2025-11-22T17:53:29.8051548Z [command]/usr/bin/git version
Security Scan	Post Checkout	2025-11-22T17:53:29.8118695Z git version 2.51.2
Security Scan	Post Checkout	2025-11-22T17:53:29.8159303Z Temporarily overriding HOME='/home/runner/work/_temp/03f20e9b-480c-4d4a-bdd2-e7c5a2432bd6' before making global git config changes
Security Scan	Post Checkout	2025-11-22T17:53:29.8160846Z Adding repository directory to the temporary git global config as a safe directory
Security Scan	Post Checkout	2025-11-22T17:53:29.8166008Z [command]/usr/bin/git config --global --add safe.directory /home/runner/work/ECONEURA/ECONEURA
Security Scan	Post Checkout	2025-11-22T17:53:29.8196284Z Removing SSH command configuration
Security Scan	Post Checkout	2025-11-22T17:53:29.8203752Z [command]/usr/bin/git config --local --name-only --get-regexp core\.sshCommand
Security Scan	Post Checkout	2025-11-22T17:53:29.8236081Z [command]/usr/bin/git submodule foreach --recursive sh -c "git config --local --name-only --get-regexp 'core\.sshCommand' && git config --local --unset-all 'core.sshCommand' || :"
Security Scan	Post Checkout	2025-11-22T17:53:29.8458693Z Removing HTTP extra header
Security Scan	Post Checkout	2025-11-22T17:53:29.8463645Z [command]/usr/bin/git config --local --name-only --get-regexp http\.https\:\/\/github\.com\/\.extraheader
Security Scan	Post Checkout	2025-11-22T17:53:29.8495382Z [command]/usr/bin/git submodule foreach --recursive sh -c "git config --local --name-only --get-regexp 'http\.https\:\/\/github\.com\/\.extraheader' && git config --local --unset-all 'http.https://github.com/.extraheader' || :"
Security Scan	Post Checkout	2025-11-22T17:53:29.8712361Z Removing includeIf entries pointing to credentials config files
Security Scan	Post Checkout	2025-11-22T17:53:29.8718573Z [command]/usr/bin/git config --local --name-only --get-regexp ^includeIf\.gitdir:
Security Scan	Post Checkout	2025-11-22T17:53:29.8740138Z includeif.gitdir:/home/runner/work/ECONEURA/ECONEURA/.git.path
Security Scan	Post Checkout	2025-11-22T17:53:29.8740812Z includeif.gitdir:/github/workspace/.git.path
Security Scan	Post Checkout	2025-11-22T17:53:29.8749539Z [command]/usr/bin/git config --local --get-all includeif.gitdir:/home/runner/work/ECONEURA/ECONEURA/.git.path
Security Scan	Post Checkout	2025-11-22T17:53:29.8770336Z /home/runner/work/_temp/git-credentials-b6b5b923-69af-4637-9ed8-ef1c5fb8406c.config
Security Scan	Post Checkout	2025-11-22T17:53:29.8780121Z [command]/usr/bin/git config --local --unset includeif.gitdir:/home/runner/work/ECONEURA/ECONEURA/.git.path /home/runner/work/_temp/git-credentials-b6b5b923-69af-4637-9ed8-ef1c5fb8406c.config
Security Scan	Post Checkout	2025-11-22T17:53:29.8811345Z [command]/usr/bin/git config --local --get-all includeif.gitdir:/github/workspace/.git.path
Security Scan	Post Checkout	2025-11-22T17:53:29.8831392Z /github/runner_temp/git-credentials-b6b5b923-69af-4637-9ed8-ef1c5fb8406c.config
Security Scan	Post Checkout	2025-11-22T17:53:29.8839967Z [command]/usr/bin/git config --local --unset includeif.gitdir:/github/workspace/.git.path /github/runner_temp/git-credentials-b6b5b923-69af-4637-9ed8-ef1c5fb8406c.config
Security Scan	Post Checkout	2025-11-22T17:53:29.8870476Z [command]/usr/bin/git submodule foreach --recursive git config --local --show-origin --name-only --get-regexp remote.origin.url
Security Scan	Post Checkout	2025-11-22T17:53:29.9082886Z Removing credentials config '/home/runner/work/_temp/git-credentials-b6b5b923-69af-4637-9ed8-ef1c5fb8406c.config'
Security Scan	Complete job	ï»¿2025-11-22T17:53:29.9200722Z Cleaning up orphan processes
Build Backend	Set up job	ï»¿2025-11-22T17:53:43.7702800Z Current runner version: '2.329.0'
Build Backend	Set up job	2025-11-22T17:53:43.7726156Z ##[group]Runner Image Provisioner
Build Backend	Set up job	2025-11-22T17:53:43.7726940Z Hosted Compute Agent
Build Backend	Set up job	2025-11-22T17:53:43.7727708Z Version: 20251016.436
Build Backend	Set up job	2025-11-22T17:53:43.7728512Z Commit: 8ab8ac8bfd662a3739dab9fe09456aba92132568
Build Backend	Set up job	2025-11-22T17:53:43.7729175Z Build Date: 2025-10-15T20:44:12Z
Build Backend	Set up job	2025-11-22T17:53:43.7729873Z ##[endgroup]
Build Backend	Set up job	2025-11-22T17:53:43.7730419Z ##[group]Operating System
Build Backend	Set up job	2025-11-22T17:53:43.7730977Z Ubuntu
Build Backend	Set up job	2025-11-22T17:53:43.7731405Z 24.04.3
Build Backend	Set up job	2025-11-22T17:53:43.7731944Z LTS
Build Backend	Set up job	2025-11-22T17:53:43.7732369Z ##[endgroup]
Build Backend	Set up job	2025-11-22T17:53:43.7732839Z ##[group]Runner Image
Build Backend	Set up job	2025-11-22T17:53:43.7733463Z Image: ubuntu-24.04
Build Backend	Set up job	2025-11-22T17:53:43.7733929Z Version: 20251112.124.1
Build Backend	Set up job	2025-11-22T17:53:43.7734927Z Included Software: https://github.com/actions/runner-images/blob/ubuntu24/20251112.124/images/ubuntu/Ubuntu2404-Readme.md
Build Backend	Set up job	2025-11-22T17:53:43.7736330Z Image Release: https://github.com/actions/runner-images/releases/tag/ubuntu24%2F20251112.124
Build Backend	Set up job	2025-11-22T17:53:43.7737435Z ##[endgroup]
Build Backend	Set up job	2025-11-22T17:53:43.7738727Z ##[group]GITHUB_TOKEN Permissions
Build Backend	Set up job	2025-11-22T17:53:43.7740692Z Contents: read
Build Backend	Set up job	2025-11-22T17:53:43.7741343Z Metadata: read
Build Backend	Set up job	2025-11-22T17:53:43.7741812Z Packages: read
Build Backend	Set up job	2025-11-22T17:53:43.7742295Z ##[endgroup]
Build Backend	Set up job	2025-11-22T17:53:43.7744250Z Secret source: Actions
Build Backend	Set up job	2025-11-22T17:53:43.7744966Z Prepare workflow directory
Build Backend	Set up job	2025-11-22T17:53:43.8172786Z Prepare all required actions
Build Backend	Set up job	2025-11-22T17:53:43.8209999Z Getting action download info
Build Backend	Set up job	2025-11-22T17:53:44.2212430Z Download action repository 'actions/checkout@v6' (SHA:1af3b93b6815bc44a9784bd300feb67ff0d1eeb3)
Build Backend	Set up job	2025-11-22T17:53:44.8820588Z Download action repository 'actions/setup-node@v6' (SHA:2028fbc5c25fe9cf00d9f06a71cc4710d4507903)
Build Backend	Set up job	2025-11-22T17:53:45.0895934Z Complete job name: Build Backend
Build Backend	Checkout	ï»¿2025-11-22T17:53:45.1560835Z ##[group]Run actions/checkout@v6
Build Backend	Checkout	2025-11-22T17:53:45.1561713Z with:
Build Backend	Checkout	2025-11-22T17:53:45.1562169Z   repository: ECONEURA-EMPRESA/ECONEURA
Build Backend	Checkout	2025-11-22T17:53:45.1562881Z   token: ***
Build Backend	Checkout	2025-11-22T17:53:45.1563317Z   ssh-strict: true
Build Backend	Checkout	2025-11-22T17:53:45.1563801Z   ssh-user: git
Build Backend	Checkout	2025-11-22T17:53:45.1564225Z   persist-credentials: true
Build Backend	Checkout	2025-11-22T17:53:45.1564702Z   clean: true
Build Backend	Checkout	2025-11-22T17:53:45.1565121Z   sparse-checkout-cone-mode: true
Build Backend	Checkout	2025-11-22T17:53:45.1565645Z   fetch-depth: 1
Build Backend	Checkout	2025-11-22T17:53:45.1566101Z   fetch-tags: false
Build Backend	Checkout	2025-11-22T17:53:45.1566529Z   show-progress: true
Build Backend	Checkout	2025-11-22T17:53:45.1566968Z   lfs: false
Build Backend	Checkout	2025-11-22T17:53:45.1567356Z   submodules: false
Build Backend	Checkout	2025-11-22T17:53:45.1567994Z   set-safe-directory: true
Build Backend	Checkout	2025-11-22T17:53:45.1568717Z env:
Build Backend	Checkout	2025-11-22T17:53:45.1569114Z   NODE_VERSION: 20
Build Backend	Checkout	2025-11-22T17:53:45.1569533Z ##[endgroup]
Build Backend	Checkout	2025-11-22T17:53:45.2468148Z Syncing repository: ECONEURA-EMPRESA/ECONEURA
Build Backend	Checkout	2025-11-22T17:53:45.2470093Z ##[group]Getting Git version info
Build Backend	Checkout	2025-11-22T17:53:45.2470853Z Working directory is '/home/runner/work/ECONEURA/ECONEURA'
Build Backend	Checkout	2025-11-22T17:53:45.2471918Z [command]/usr/bin/git version
Build Backend	Checkout	2025-11-22T17:53:45.2537339Z git version 2.51.2
Build Backend	Checkout	2025-11-22T17:53:45.2590060Z ##[endgroup]
Build Backend	Checkout	2025-11-22T17:53:45.2603413Z Temporarily overriding HOME='/home/runner/work/_temp/bb842c13-b500-4e1e-92ac-6e08f41116a6' before making global git config changes
Build Backend	Checkout	2025-11-22T17:53:45.2607915Z Adding repository directory to the temporary git global config as a safe directory
Build Backend	Checkout	2025-11-22T17:53:45.2609577Z [command]/usr/bin/git config --global --add safe.directory /home/runner/work/ECONEURA/ECONEURA
Build Backend	Checkout	2025-11-22T17:53:45.2643912Z Deleting the contents of '/home/runner/work/ECONEURA/ECONEURA'
Build Backend	Checkout	2025-11-22T17:53:45.2648265Z ##[group]Initializing the repository
Build Backend	Checkout	2025-11-22T17:53:45.2653050Z [command]/usr/bin/git init /home/runner/work/ECONEURA/ECONEURA
Build Backend	Checkout	2025-11-22T17:53:45.2765900Z hint: Using 'master' as the name for the initial branch. This default branch name
Build Backend	Checkout	2025-11-22T17:53:45.2767780Z hint: is subject to change. To configure the initial branch name to use in all
Build Backend	Checkout	2025-11-22T17:53:45.2769359Z hint: of your new repositories, which will suppress this warning, call:
Build Backend	Checkout	2025-11-22T17:53:45.2770357Z hint:
Build Backend	Checkout	2025-11-22T17:53:45.2771519Z hint: 	git config --global init.defaultBranch <name>
Build Backend	Checkout	2025-11-22T17:53:45.2772548Z hint:
Build Backend	Checkout	2025-11-22T17:53:45.2773511Z hint: Names commonly chosen instead of 'master' are 'main', 'trunk' and
Build Backend	Checkout	2025-11-22T17:53:45.2774506Z hint: 'development'. The just-created branch can be renamed via this command:
Build Backend	Checkout	2025-11-22T17:53:45.2775484Z hint:
Build Backend	Checkout	2025-11-22T17:53:45.2776159Z hint: 	git branch -m <name>
Build Backend	Checkout	2025-11-22T17:53:45.2776988Z hint:
Build Backend	Checkout	2025-11-22T17:53:45.2777975Z hint: Disable this message with "git config set advice.defaultBranchName false"
Build Backend	Checkout	2025-11-22T17:53:45.2779055Z Initialized empty Git repository in /home/runner/work/ECONEURA/ECONEURA/.git/
Build Backend	Checkout	2025-11-22T17:53:45.2781580Z [command]/usr/bin/git remote add origin https://github.com/ECONEURA-EMPRESA/ECONEURA
Build Backend	Checkout	2025-11-22T17:53:45.2814777Z ##[endgroup]
Build Backend	Checkout	2025-11-22T17:53:45.2815573Z ##[group]Disabling automatic garbage collection
Build Backend	Checkout	2025-11-22T17:53:45.2819834Z [command]/usr/bin/git config --local gc.auto 0
Build Backend	Checkout	2025-11-22T17:53:45.2847100Z ##[endgroup]
Build Backend	Checkout	2025-11-22T17:53:45.2848759Z ##[group]Setting up auth
Build Backend	Checkout	2025-11-22T17:53:45.2849843Z Removing SSH command configuration
Build Backend	Checkout	2025-11-22T17:53:45.2855032Z [command]/usr/bin/git config --local --name-only --get-regexp core\.sshCommand
Build Backend	Checkout	2025-11-22T17:53:45.2886107Z [command]/usr/bin/git submodule foreach --recursive sh -c "git config --local --name-only --get-regexp 'core\.sshCommand' && git config --local --unset-all 'core.sshCommand' || :"
Build Backend	Checkout	2025-11-22T17:53:45.3280780Z Removing HTTP extra header
Build Backend	Checkout	2025-11-22T17:53:45.3284718Z [command]/usr/bin/git config --local --name-only --get-regexp http\.https\:\/\/github\.com\/\.extraheader
Build Backend	Checkout	2025-11-22T17:53:45.3313754Z [command]/usr/bin/git submodule foreach --recursive sh -c "git config --local --name-only --get-regexp 'http\.https\:\/\/github\.com\/\.extraheader' && git config --local --unset-all 'http.https://github.com/.extraheader' || :"
Build Backend	Checkout	2025-11-22T17:53:45.3526925Z Removing includeIf entries pointing to credentials config files
Build Backend	Checkout	2025-11-22T17:53:45.3529126Z [command]/usr/bin/git config --local --name-only --get-regexp ^includeIf\.gitdir:
Build Backend	Checkout	2025-11-22T17:53:45.3555805Z [command]/usr/bin/git submodule foreach --recursive git config --local --show-origin --name-only --get-regexp remote.origin.url
Build Backend	Checkout	2025-11-22T17:53:45.3772032Z [command]/usr/bin/git config --file /home/runner/work/_temp/git-credentials-3024d125-fe5f-46bf-8d25-4f1b5022247e.config http.https://github.com/.extraheader AUTHORIZATION: basic ***
Build Backend	Checkout	2025-11-22T17:53:45.3806119Z [command]/usr/bin/git config --local includeIf.gitdir:/home/runner/work/ECONEURA/ECONEURA/.git.path /home/runner/work/_temp/git-credentials-3024d125-fe5f-46bf-8d25-4f1b5022247e.config
Build Backend	Checkout	2025-11-22T17:53:45.3836710Z [command]/usr/bin/git config --local includeIf.gitdir:/github/workspace/.git.path /github/runner_temp/git-credentials-3024d125-fe5f-46bf-8d25-4f1b5022247e.config
Build Backend	Checkout	2025-11-22T17:53:45.3862342Z ##[endgroup]
Build Backend	Checkout	2025-11-22T17:53:45.3863728Z ##[group]Fetching the repository
Build Backend	Checkout	2025-11-22T17:53:45.3872322Z [command]/usr/bin/git -c protocol.version=2 fetch --no-tags --prune --no-recurse-submodules --depth=1 origin +5861204bb0c5830bd4aa6ac16b821403c405c4c7:refs/remotes/origin/main
Build Backend	Checkout	2025-11-22T17:53:46.5437408Z From https://github.com/ECONEURA-EMPRESA/ECONEURA
Build Backend	Checkout	2025-11-22T17:53:46.5439216Z  * [new ref]         5861204bb0c5830bd4aa6ac16b821403c405c4c7 -> origin/main
Build Backend	Checkout	2025-11-22T17:53:46.5471588Z ##[endgroup]
Build Backend	Checkout	2025-11-22T17:53:46.5472954Z ##[group]Determining the checkout info
Build Backend	Checkout	2025-11-22T17:53:46.5474503Z ##[endgroup]
Build Backend	Checkout	2025-11-22T17:53:46.5478707Z [command]/usr/bin/git sparse-checkout disable
Build Backend	Checkout	2025-11-22T17:53:46.5518987Z [command]/usr/bin/git config --local --unset-all extensions.worktreeConfig
Build Backend	Checkout	2025-11-22T17:53:46.5547418Z ##[group]Checking out the ref
Build Backend	Checkout	2025-11-22T17:53:46.5551254Z [command]/usr/bin/git checkout --progress --force -B main refs/remotes/origin/main
Build Backend	Checkout	2025-11-22T17:53:46.6473850Z Switched to a new branch 'main'
Build Backend	Checkout	2025-11-22T17:53:46.6475749Z branch 'main' set up to track 'origin/main'.
Build Backend	Checkout	2025-11-22T17:53:46.6486906Z ##[endgroup]
Build Backend	Checkout	2025-11-22T17:53:46.6524994Z [command]/usr/bin/git log -1 --format=%H
Build Backend	Checkout	2025-11-22T17:53:46.6548583Z 5861204bb0c5830bd4aa6ac16b821403c405c4c7
Build Backend	Setup Node	ï»¿2025-11-22T17:53:46.6855649Z ##[group]Run actions/setup-node@v6
Build Backend	Setup Node	2025-11-22T17:53:46.6856778Z with:
Build Backend	Setup Node	2025-11-22T17:53:46.6857694Z   node-version: 20
Build Backend	Setup Node	2025-11-22T17:53:46.6858555Z   cache: npm
Build Backend	Setup Node	2025-11-22T17:53:46.6859423Z   always-auth: false
Build Backend	Setup Node	2025-11-22T17:53:46.6860333Z   check-latest: false
Build Backend	Setup Node	2025-11-22T17:53:46.6861501Z   token: ***
Build Backend	Setup Node	2025-11-22T17:53:46.6862373Z   package-manager-cache: true
Build Backend	Setup Node	2025-11-22T17:53:46.6863398Z env:
Build Backend	Setup Node	2025-11-22T17:53:46.6864162Z   NODE_VERSION: 20
Build Backend	Setup Node	2025-11-22T17:53:46.6865020Z ##[endgroup]
Build Backend	Setup Node	2025-11-22T17:53:46.8659495Z Found in cache @ /opt/hostedtoolcache/node/20.19.5/x64
Build Backend	Setup Node	2025-11-22T17:53:46.8663226Z (node:2132) [DEP0040] DeprecationWarning: The `punycode` module is deprecated. Please use a userland alternative instead.
Build Backend	Setup Node	2025-11-22T17:53:46.8666652Z (Use `node --trace-deprecation ...` to show where the warning was created)
Build Backend	Setup Node	2025-11-22T17:53:46.8669122Z ##[group]Environment details
Build Backend	Setup Node	2025-11-22T17:53:48.6770516Z node: v20.19.5
Build Backend	Setup Node	2025-11-22T17:53:48.6771123Z npm: 10.8.2
Build Backend	Setup Node	2025-11-22T17:53:48.6771489Z yarn: 1.22.22
Build Backend	Setup Node	2025-11-22T17:53:48.6772938Z ##[endgroup]
Build Backend	Setup Node	2025-11-22T17:53:48.6792127Z [command]/opt/hostedtoolcache/node/20.19.5/x64/bin/npm config get cache
Build Backend	Setup Node	2025-11-22T17:53:48.9150344Z /home/runner/.npm
Build Backend	Setup Node	2025-11-22T17:53:49.1507119Z Cache hit for: node-cache-Linux-x64-npm-7b5741da819567a7a1e462079de2b6d7816239b0198ed8a94d52986d298c76cf
Build Backend	Setup Node	2025-11-22T17:53:49.1612795Z (node:2132) [DEP0169] DeprecationWarning: `url.parse()` behavior is not standardized and prone to errors that have security implications. Use the WHATWG URL API instead. CVEs are not issued for `url.parse()` vulnerabilities.
Build Backend	Setup Node	2025-11-22T17:53:50.3315752Z Received 33554432 of 146348881 (22.9%), 31.9 MBs/sec
Build Backend	Setup Node	2025-11-22T17:53:51.3315794Z Received 137960273 of 146348881 (94.3%), 65.7 MBs/sec
Build Backend	Setup Node	2025-11-22T17:53:51.4219301Z Received 146348881 of 146348881 (100.0%), 66.7 MBs/sec
Build Backend	Setup Node	2025-11-22T17:53:51.4220237Z Cache Size: ~140 MB (146348881 B)
Build Backend	Setup Node	2025-11-22T17:53:51.4336252Z [command]/usr/bin/tar -xf /home/runner/work/_temp/9a2a4f80-5b76-4028-b48c-74995a7cf11e/cache.tzst -P -C /home/runner/work/ECONEURA/ECONEURA --use-compress-program unzstd
Build Backend	Setup Node	2025-11-22T17:53:52.1772328Z Cache restored successfully
Build Backend	Setup Node	2025-11-22T17:53:52.2051597Z Cache restored from key: node-cache-Linux-x64-npm-7b5741da819567a7a1e462079de2b6d7816239b0198ed8a94d52986d298c76cf
Build Backend	Install dependencies	ï»¿2025-11-22T17:53:52.2199279Z ##[group]Run npm ci
Build Backend	Install dependencies	2025-11-22T17:53:52.2199567Z [36;1mnpm ci[0m
Build Backend	Install dependencies	2025-11-22T17:53:52.2245205Z shell: /usr/bin/bash -e {0}
Build Backend	Install dependencies	2025-11-22T17:53:52.2245464Z env:
Build Backend	Install dependencies	2025-11-22T17:53:52.2245646Z   NODE_VERSION: 20
Build Backend	Install dependencies	2025-11-22T17:53:52.2245842Z ##[endgroup]
Build Backend	Install dependencies	2025-11-22T17:53:55.8074805Z npm warn deprecated @types/express-rate-limit@6.0.2: This is a stub types definition. express-rate-limit provides its own type definitions, so you do not need this installed.
Build Backend	Install dependencies	2025-11-22T17:53:55.8316793Z npm warn deprecated inflight@1.0.6: This module is not supported, and leaks memory. Do not use it. Check out lru-cache if you want a good and tested way to coalesce async requests by a key value, which is much more comprehensive and powerful.
Build Backend	Install dependencies	2025-11-22T17:53:56.5881059Z npm warn deprecated glob@7.2.3: Glob versions prior to v9 are no longer supported
Build Backend	Install dependencies	2025-11-22T17:54:04.1723924Z npm warn deprecated @types/axios@0.14.4: This is a stub types definition. axios provides its own type definitions, so you do not need this installed.
Build Backend	Install dependencies	2025-11-22T17:54:14.8647354Z 
Build Backend	Install dependencies	2025-11-22T17:54:14.8648435Z added 1248 packages, and audited 1251 packages in 23s
Build Backend	Install dependencies	2025-11-22T17:54:14.8649577Z 
Build Backend	Install dependencies	2025-11-22T17:54:14.8649958Z 309 packages are looking for funding
Build Backend	Install dependencies	2025-11-22T17:54:14.8650490Z   run `npm fund` for details
Build Backend	Install dependencies	2025-11-22T17:54:14.8663274Z 
Build Backend	Install dependencies	2025-11-22T17:54:14.8663712Z found 0 vulnerabilities
Build Backend	Build backend	ï»¿2025-11-22T17:54:14.9372184Z ##[group]Run npm run build:backend
Build Backend	Build backend	2025-11-22T17:54:14.9372550Z [36;1mnpm run build:backend[0m
Build Backend	Build backend	2025-11-22T17:54:14.9405293Z shell: /usr/bin/bash -e {0}
Build Backend	Build backend	2025-11-22T17:54:14.9405553Z env:
Build Backend	Build backend	2025-11-22T17:54:14.9405740Z   NODE_VERSION: 20
Build Backend	Build backend	2025-11-22T17:54:14.9406166Z ##[endgroup]
Build Backend	Build backend	2025-11-22T17:54:15.0529649Z 
Build Backend	Build backend	2025-11-22T17:54:15.0530404Z > econeura-full@1.0.0 build:backend
Build Backend	Build backend	2025-11-22T17:54:15.0531217Z > npm run build --workspace=@econeura/backend
Build Backend	Build backend	2025-11-22T17:54:15.0531615Z 
Build Backend	Build backend	2025-11-22T17:54:15.1791891Z 
Build Backend	Build backend	2025-11-22T17:54:15.1792660Z > @econeura/backend@1.0.0 build
Build Backend	Build backend	2025-11-22T17:54:15.1793414Z > tsc -p tsconfig.json --skipLibCheck
Build Backend	Build backend	2025-11-22T17:54:15.1793642Z 
Build Backend	Verify build	ï»¿2025-11-22T17:54:19.6720057Z ##[group]Run if [ ! -d "packages/backend/dist" ]; then
Build Backend	Verify build	2025-11-22T17:54:19.6720678Z [36;1mif [ ! -d "packages/backend/dist" ]; then[0m
Build Backend	Verify build	2025-11-22T17:54:19.6721238Z [36;1m  echo "âŒ Build failed: dist folder not found"[0m
Build Backend	Verify build	2025-11-22T17:54:19.6721706Z [36;1m  exit 1[0m
Build Backend	Verify build	2025-11-22T17:54:19.6722015Z [36;1mfi[0m
Build Backend	Verify build	2025-11-22T17:54:19.6722325Z [36;1mecho "âœ… Build successful"[0m
Build Backend	Verify build	2025-11-22T17:54:19.6761865Z shell: /usr/bin/bash -e {0}
Build Backend	Verify build	2025-11-22T17:54:19.6762101Z env:
Build Backend	Verify build	2025-11-22T17:54:19.6762282Z   NODE_VERSION: 20
Build Backend	Verify build	2025-11-22T17:54:19.6762494Z ##[endgroup]
Build Backend	Verify build	2025-11-22T17:54:19.6824359Z âœ… Build successful
Build Backend	Post Setup Node	ï»¿2025-11-22T17:54:19.8099926Z Post job cleanup.
Build Backend	Post Setup Node	2025-11-22T17:54:19.9386521Z (node:2286) [DEP0040] DeprecationWarning: The `punycode` module is deprecated. Please use a userland alternative instead.
Build Backend	Post Setup Node	2025-11-22T17:54:19.9389496Z (Use `node --trace-deprecation ...` to show where the warning was created)
Build Backend	Post Setup Node	2025-11-22T17:54:19.9391896Z Cache hit occurred on the primary key node-cache-Linux-x64-npm-7b5741da819567a7a1e462079de2b6d7816239b0198ed8a94d52986d298c76cf, not saving cache.
Build Backend	Post Checkout	ï»¿2025-11-22T17:54:19.9522173Z Post job cleanup.
Build Backend	Post Checkout	2025-11-22T17:54:20.0280765Z [command]/usr/bin/git version
Build Backend	Post Checkout	2025-11-22T17:54:20.0347432Z git version 2.51.2
Build Backend	Post Checkout	2025-11-22T17:54:20.0384625Z Temporarily overriding HOME='/home/runner/work/_temp/7fe29b4c-3851-4299-9d8f-ad511f816ad8' before making global git config changes
Build Backend	Post Checkout	2025-11-22T17:54:20.0386112Z Adding repository directory to the temporary git global config as a safe directory
Build Backend	Post Checkout	2025-11-22T17:54:20.0390928Z [command]/usr/bin/git config --global --add safe.directory /home/runner/work/ECONEURA/ECONEURA
Build Backend	Post Checkout	2025-11-22T17:54:20.0421608Z Removing SSH command configuration
Build Backend	Post Checkout	2025-11-22T17:54:20.0428096Z [command]/usr/bin/git config --local --name-only --get-regexp core\.sshCommand
Build Backend	Post Checkout	2025-11-22T17:54:20.0460671Z [command]/usr/bin/git submodule foreach --recursive sh -c "git config --local --name-only --get-regexp 'core\.sshCommand' && git config --local --unset-all 'core.sshCommand' || :"
Build Backend	Post Checkout	2025-11-22T17:54:20.0682893Z Removing HTTP extra header
Build Backend	Post Checkout	2025-11-22T17:54:20.0688265Z [command]/usr/bin/git config --local --name-only --get-regexp http\.https\:\/\/github\.com\/\.extraheader
Build Backend	Post Checkout	2025-11-22T17:54:20.0719895Z [command]/usr/bin/git submodule foreach --recursive sh -c "git config --local --name-only --get-regexp 'http\.https\:\/\/github\.com\/\.extraheader' && git config --local --unset-all 'http.https://github.com/.extraheader' || :"
Build Backend	Post Checkout	2025-11-22T17:54:20.0935733Z Removing includeIf entries pointing to credentials config files
Build Backend	Post Checkout	2025-11-22T17:54:20.0942228Z [command]/usr/bin/git config --local --name-only --get-regexp ^includeIf\.gitdir:
Build Backend	Post Checkout	2025-11-22T17:54:20.0963883Z includeif.gitdir:/home/runner/work/ECONEURA/ECONEURA/.git.path
Build Backend	Post Checkout	2025-11-22T17:54:20.0964580Z includeif.gitdir:/github/workspace/.git.path
Build Backend	Post Checkout	2025-11-22T17:54:20.0973638Z [command]/usr/bin/git config --local --get-all includeif.gitdir:/home/runner/work/ECONEURA/ECONEURA/.git.path
Build Backend	Post Checkout	2025-11-22T17:54:20.0994656Z /home/runner/work/_temp/git-credentials-3024d125-fe5f-46bf-8d25-4f1b5022247e.config
Build Backend	Post Checkout	2025-11-22T17:54:20.1005890Z [command]/usr/bin/git config --local --unset includeif.gitdir:/home/runner/work/ECONEURA/ECONEURA/.git.path /home/runner/work/_temp/git-credentials-3024d125-fe5f-46bf-8d25-4f1b5022247e.config
Build Backend	Post Checkout	2025-11-22T17:54:20.1038226Z [command]/usr/bin/git config --local --get-all includeif.gitdir:/github/workspace/.git.path
Build Backend	Post Checkout	2025-11-22T17:54:20.1059381Z /github/runner_temp/git-credentials-3024d125-fe5f-46bf-8d25-4f1b5022247e.config
Build Backend	Post Checkout	2025-11-22T17:54:20.1069440Z [command]/usr/bin/git config --local --unset includeif.gitdir:/github/workspace/.git.path /github/runner_temp/git-credentials-3024d125-fe5f-46bf-8d25-4f1b5022247e.config
Build Backend	Post Checkout	2025-11-22T17:54:20.1101668Z [command]/usr/bin/git submodule foreach --recursive git config --local --show-origin --name-only --get-regexp remote.origin.url
Build Backend	Post Checkout	2025-11-22T17:54:20.1316728Z Removing credentials config '/home/runner/work/_temp/git-credentials-3024d125-fe5f-46bf-8d25-4f1b5022247e.config'
Build Backend	Complete job	ï»¿2025-11-22T17:54:20.1438485Z Cleaning up orphan processes
